<?xml version="1.0" encoding="UTF-8"?>
<testsuites name="Volvé" time="115.182" tests="5" failures="1" errors="0">
   <testsuite name="Volvé" tests="5" failures="1" errors="0" time="115.182" skipped="0" timestamp="2021-11-12 17:36:54" hostname="nicolas.aquino - ip-192-168-1-7.ec2.internal" id="Test Suites/Primera Venta/Volvé">
      <properties>
         <property name="deviceName" value=""/>
         <property name="devicePlatform" value=""/>
         <property name="logFolder" value="C:\\Users\\nicolas.aquino\\Katalon Studio\\Paigo\\Reports\\20211112_173648\\Primera Venta\\Volv\u00E9\\20211112_173648"/>
         <property name="logFiles" value="C:\\Users\\nicolas.aquino\\Katalon Studio\\Paigo\\Reports\\20211112_173648\\Primera Venta\\Volv\u00E9\\20211112_173648\\execution0.log"/>
         <property name="attachments" value="C:\Users\nicolas.aquino\Desktop\Trabajo\Screenshots Katalon\32509949\1_CedulaGenerada.jpg, C:\Users\nicolas.aquino\Desktop\Trabajo\Screenshots Katalon\32509949\2_FlujoVolve.jpg, C:\\Users\\nicolas.aquino\\Katalon Studio\\Paigo\\Reports\\20211112_173648\\Primera Venta\\Volv\u00E9\\20211112_173648\\1636749529818.png"/>
         <property name="hostName" value="nicolas.aquino - ip-192-168-1-7.ec2.internal"/>
         <property name="os" value="Windows 10 64bit"/>
         <property name="katalonVersion" value="8.1.0.208"/>
         <property name="browser" value="Chrome 95.0.4638.69"/>
         <property name="hostAddress" value="192.168.1.7"/>
         <property name="sessionId" value="f1eb544f23e64f3055efab8c6a9e894a"/>
         <property name="seleniumVersion" value="3.141.59"/>
         <property name="proxyInformation" value="ProxyInformation { proxyOption=NO_PROXY, proxyServerType=HTTP, username=, password=********, proxyServerAddress=, proxyServerPort=0, executionList=&quot;&quot;, isApplyToDesiredCapabilities=true }"/>
         <property name="platform" value="Windows 10"/>
      </properties>
      <testcase name="Test Cases/General/Generar Cedula Random" time="6.149" classname="Test Cases/General/Generar Cedula Random" status="PASSED">
         <system-out><![CDATA[2021-11-12 17:36:55 - [TEST_CASE][PASSED] - Test Cases/General/Generar Cedula Random: Test Cases/General/Generar Cedula Random

2021-11-12 17:36:55 - [TEST_STEP][PASSED] - openBrowser("https://picandocodigo.github.io/ci_js/"): Browser is opened with url: 'https://picandocodigo.github.io/ci_js/'

2021-11-12 17:36:55 - [MESSAGE][INFO] - Starting 'Chrome' driver

2021-11-12 17:36:55 - [MESSAGE][INFO] - Action delay is set to 0 milliseconds

2021-11-12 17:36:58 - [MESSAGE][PASSED] - Browser is opened with url: 'https://picandocodigo.github.io/ci_js/'

2021-11-12 17:36:58 - [TEST_STEP][PASSED] - maximizeWindow(): Current window maximized

2021-11-12 17:36:58 - [MESSAGE][PASSED] - Current window maximized

2021-11-12 17:36:58 - [TEST_STEP][PASSED] - click(findTestObject("Generador de cedulas/botonGenerar")): Object: 'Object Repository/Generador de cedulas/botonGenerar' is clicked on

2021-11-12 17:36:58 - [MESSAGE][PASSED] - Object: 'Object Repository/Generador de cedulas/botonGenerar' is clicked on

2021-11-12 17:36:58 - [TEST_STEP][PASSED] - cedulaRandom = getAttribute(findTestObject("Generador de cedulas/obtenerCedulaRandom"), "value"): Attribute 'value' of object 'Object Repository/Generador de cedulas/obtenerCedulaRandom' is: '72538902'

2021-11-12 17:36:59 - [MESSAGE][PASSED] - Attribute 'value' of object 'Object Repository/Generador de cedulas/obtenerCedulaRandom' is: '72538902'

2021-11-12 17:36:59 - [TEST_STEP][PASSED] - while (cedulaRandom >= "60000000"): Attribute 'value' of object 'Object Repository/Generador de cedulas/obtenerCedulaRandom' is: '32509949'

2021-11-12 17:36:59 - [TEST_STEP][PASSED] - click(findTestObject("Generador de cedulas/botonGenerar")): Object: 'Object Repository/Generador de cedulas/botonGenerar' is clicked on

2021-11-12 17:36:59 - [MESSAGE][PASSED] - Object: 'Object Repository/Generador de cedulas/botonGenerar' is clicked on

2021-11-12 17:36:59 - [TEST_STEP][PASSED] - cedulaRandom = getAttribute(findTestObject("Generador de cedulas/obtenerCedulaRandom"), "value"): Attribute 'value' of object 'Object Repository/Generador de cedulas/obtenerCedulaRandom' is: '78508056'

2021-11-12 17:37:00 - [MESSAGE][PASSED] - Attribute 'value' of object 'Object Repository/Generador de cedulas/obtenerCedulaRandom' is: '78508056'

2021-11-12 17:37:00 - [TEST_STEP][PASSED] - click(findTestObject("Generador de cedulas/botonGenerar")): Object: 'Object Repository/Generador de cedulas/botonGenerar' is clicked on

2021-11-12 17:37:00 - [MESSAGE][PASSED] - Object: 'Object Repository/Generador de cedulas/botonGenerar' is clicked on

2021-11-12 17:37:00 - [TEST_STEP][PASSED] - cedulaRandom = getAttribute(findTestObject("Generador de cedulas/obtenerCedulaRandom"), "value"): Attribute 'value' of object 'Object Repository/Generador de cedulas/obtenerCedulaRandom' is: '32509949'

2021-11-12 17:37:00 - [MESSAGE][PASSED] - Attribute 'value' of object 'Object Repository/Generador de cedulas/obtenerCedulaRandom' is: '32509949'

2021-11-12 17:37:00 - [TEST_STEP][PASSED] - takeScreenshot(C:\Users\nicolas.aquino\Desktop\Trabajo\Screenshots Katalon\$GlobalVariable.cedulaRandom\1_CedulaGenerada.jpg): Taking screenshot successfully

2021-11-12 17:37:01 - [MESSAGE][PASSED] - Taking screenshot successfully
[[ATTACHMENT|C:\Users\nicolas.aquino\Desktop\Trabajo\Screenshots Katalon\32509949\1_CedulaGenerada.jpg]]]]></system-out>
         <system-err><![CDATA[]]></system-err>
      </testcase>
      <testcase name="Test Cases/Volve/VV - Flujo Web" time="80.978" classname="Test Cases/Volve/VV - Flujo Web" status="PASSED">
         <system-out><![CDATA[2021-11-12 17:37:01 - [TEST_CASE][PASSED] - Test Cases/Volve/VV - Flujo Web: Test Cases/Volve/VV - Flujo Web

2021-11-12 17:37:01 - [TEST_STEP][PASSED] - currentPage = getUrl(): Current window's url is: 'https://picandocodigo.github.io/ci_js/'

2021-11-12 17:37:01 - [MESSAGE][PASSED] - Current window's url is: 'https://picandocodigo.github.io/ci_js/'

2021-11-12 17:37:01 - [TEST_STEP][PASSED] - currentTab = getWindowIndex(): Current window's index is: 0

2021-11-12 17:37:01 - [MESSAGE][PASSED] - Current window's index is: 0

2021-11-12 17:37:01 - [TEST_STEP][PASSED] - driver = getWebDriver(): null

2021-11-12 17:37:01 - [TEST_STEP][PASSED] - js = driver: null

2021-11-12 17:37:01 - [TEST_STEP][PASSED] - js.executeScript("window.open();"): null

2021-11-12 17:37:01 - [TEST_STEP][PASSED] - switchToWindowIndex(currentTab + 1): Switched to window with index: '1'

2021-11-12 17:37:01 - [MESSAGE][PASSED] - Switched to window with index: '1'

2021-11-12 17:37:01 - [TEST_STEP][PASSED] - navigateToUrl(Volve): Navigate to 'https://stage-www.volve.com.uy' successfully

2021-11-12 17:37:06 - [MESSAGE][PASSED] - Navigate to 'https://stage-www.volve.com.uy' successfully

2021-11-12 17:37:06 - [TEST_STEP][PASSED] - enhancedClick(findTestObject("Volve/Inicio/button_Quiero intentarlo"), STOP_ON_FAILURE): Object: 'Object Repository/Volve/Inicio/button_Quiero intentarlo' is clicked on

2021-11-12 17:37:06 - [MESSAGE][PASSED] - Object: 'Object Repository/Volve/Inicio/button_Quiero intentarlo' is clicked on

2021-11-12 17:37:06 - [TEST_STEP][PASSED] - delay(1): Delayed 1 second(s)

2021-11-12 17:37:07 - [MESSAGE][PASSED] - Delayed 1 second(s)

2021-11-12 17:37:07 - [TEST_STEP][PASSED] - enhancedClick(findTestObject("Volve/Inicio/button_Comenzar")): Object: 'Object Repository/Volve/Inicio/button_Comenzar' is clicked on

2021-11-12 17:37:08 - [MESSAGE][PASSED] - Object: 'Object Repository/Volve/Inicio/button_Comenzar' is clicked on

2021-11-12 17:37:08 - [TEST_STEP][PASSED] - setText(findTestObject("Volve/Flujo 1/input_Cedula"), cedulaRandom): Text '32509949' is set on object 'Object Repository/Volve/Flujo 1/input_Cedula'

2021-11-12 17:37:10 - [MESSAGE][PASSED] - Text '32509949' is set on object 'Object Repository/Volve/Flujo 1/input_Cedula'

2021-11-12 17:37:10 - [TEST_STEP][PASSED] - setText(findTestObject("Volve/Flujo 1/input_Celular"), celular): Text '094040738' is set on object 'Object Repository/Volve/Flujo 1/input_Celular'

2021-11-12 17:37:10 - [MESSAGE][PASSED] - Text '094040738' is set on object 'Object Repository/Volve/Flujo 1/input_Celular'

2021-11-12 17:37:10 - [TEST_STEP][PASSED] - setText(findTestObject("Volve/Flujo 1/input_Telefono"), findTestData("DatosUsuario").getValue(2, 4)): Text '22222222' is set on object 'Object Repository/Volve/Flujo 1/input_Telefono'

2021-11-12 17:37:11 - [MESSAGE][PASSED] - Text '22222222' is set on object 'Object Repository/Volve/Flujo 1/input_Telefono'

2021-11-12 17:37:11 - [TEST_STEP][PASSED] - setText(findTestObject("Volve/Flujo 1/input_TelefonoContacto"), telefonoContacto): Text '094123123' is set on object 'Object Repository/Volve/Flujo 1/input_TelefonoContacto'

2021-11-12 17:37:12 - [MESSAGE][PASSED] - Text '094123123' is set on object 'Object Repository/Volve/Flujo 1/input_TelefonoContacto'

2021-11-12 17:37:12 - [TEST_STEP][PASSED] - selectOptionByValue(findTestObject("Volve/Flujo 1/select_RelacionContacto"), "Friend", false): All options with value 'Friend' are selected in object 'Object Repository/Volve/Flujo 1/select_RelacionContacto' 

2021-11-12 17:37:13 - [MESSAGE][PASSED] - All options with value 'Friend' are selected in object 'Object Repository/Volve/Flujo 1/select_RelacionContacto' 

2021-11-12 17:37:13 - [TEST_STEP][PASSED] - enhancedClick(findTestObject("Volve/Flujo 1/input_TyC")): Object: 'Object Repository/Volve/Flujo 1/input_TyC' is clicked on

2021-11-12 17:37:13 - [MESSAGE][PASSED] - Object: 'Object Repository/Volve/Flujo 1/input_TyC' is clicked on

2021-11-12 17:37:13 - [TEST_STEP][PASSED] - enhancedClick(findTestObject("Volve/Flujo 1/div_Siguiente")): Object: 'Object Repository/Volve/Flujo 1/div_Siguiente' is clicked on

2021-11-12 17:37:14 - [MESSAGE][PASSED] - Object: 'Object Repository/Volve/Flujo 1/div_Siguiente' is clicked on

2021-11-12 17:37:14 - [TEST_STEP][PASSED] - waitForElementVisible(findTestObject("Volve/Flujo 2/input_Nombre"), 0): Object 'Object Repository/Volve/Flujo 2/input_Nombre' is visible

2021-11-12 17:37:14 - [MESSAGE][WARNING] - Timeout '0' is invalid. Using default page load timeout: '30'

2021-11-12 17:37:14 - [MESSAGE][PASSED] - Object 'Object Repository/Volve/Flujo 2/input_Nombre' is visible

2021-11-12 17:37:15 - [TEST_STEP][PASSED] - setText(findTestObject("Volve/Flujo 2/input_Nombre"), findTestData("DatosUsuario").getValue(2, 7)): Text 'Nicolas' is set on object 'Object Repository/Volve/Flujo 2/input_Nombre'

2021-11-12 17:37:15 - [MESSAGE][PASSED] - Text 'Nicolas' is set on object 'Object Repository/Volve/Flujo 2/input_Nombre'

2021-11-12 17:37:15 - [TEST_STEP][PASSED] - setText(findTestObject("Volve/Flujo 2/input_Apellido"), findTestData("DatosUsuario").getValue(2, 8)): Text 'Aquino' is set on object 'Object Repository/Volve/Flujo 2/input_Apellido'

2021-11-12 17:37:16 - [MESSAGE][PASSED] - Text 'Aquino' is set on object 'Object Repository/Volve/Flujo 2/input_Apellido'

2021-11-12 17:37:16 - [TEST_STEP][PASSED] - setText(findTestObject("Volve/Flujo 2/input_Email"), findTestData("DatosUsuario").getValue(2, 6)): Text 'nicolas.aquino@paigo.com.uyy' is set on object 'Object Repository/Volve/Flujo 2/input_Email'

2021-11-12 17:37:17 - [MESSAGE][PASSED] - Text 'nicolas.aquino@paigo.com.uyy' is set on object 'Object Repository/Volve/Flujo 2/input_Email'

2021-11-12 17:37:17 - [TEST_STEP][PASSED] - delay(0.5): Delayed 0,5 second(s)

2021-11-12 17:37:17 - [MESSAGE][PASSED] - Delayed 0,5 second(s)

2021-11-12 17:37:17 - [TEST_STEP][PASSED] - sendKeys(findTestObject("Volve/Flujo 2/input_Email"), Keys.chord(BACK_SPACE)): Keys 'BACK_SPACE + ' sent to object: 'Object Repository/Volve/Flujo 2/input_Email'

2021-11-12 17:37:18 - [MESSAGE][PASSED] - Keys 'BACK_SPACE + ' sent to object: 'Object Repository/Volve/Flujo 2/input_Email'

2021-11-12 17:37:18 - [TEST_STEP][PASSED] - delay(1): Delayed 1 second(s)

2021-11-12 17:37:19 - [MESSAGE][PASSED] - Delayed 1 second(s)

2021-11-12 17:37:19 - [TEST_STEP][PASSED] - selectOptionByValue(findTestObject("Volve/Flujo 2/select_Dia"), "14", false): All options with value '14' are selected in object 'Object Repository/Volve/Flujo 2/select_Dia' 

2021-11-12 17:37:19 - [MESSAGE][PASSED] - All options with value '14' are selected in object 'Object Repository/Volve/Flujo 2/select_Dia' 

2021-11-12 17:37:19 - [TEST_STEP][PASSED] - selectOptionByValue(findTestObject("Volve/Flujo 2/select_Mes"), "1", false): All options with value '1' are selected in object 'Object Repository/Volve/Flujo 2/select_Mes' 

2021-11-12 17:37:20 - [MESSAGE][PASSED] - All options with value '1' are selected in object 'Object Repository/Volve/Flujo 2/select_Mes' 

2021-11-12 17:37:20 - [TEST_STEP][PASSED] - selectOptionByValue(findTestObject("Volve/Flujo 2/select_Anio"), "1970", false): All options with value '1970' are selected in object 'Object Repository/Volve/Flujo 2/select_Anio' 

2021-11-12 17:37:21 - [MESSAGE][PASSED] - All options with value '1970' are selected in object 'Object Repository/Volve/Flujo 2/select_Anio' 

2021-11-12 17:37:21 - [TEST_STEP][PASSED] - sendKeys(findTestObject("Volve/Flujo 2/select_Anio"), Keys.chord(TAB, ARROW_DOWN)): Keys 'TAB + DOWN + ' sent to object: 'Object Repository/Volve/Flujo 2/select_Anio'

2021-11-12 17:37:21 - [MESSAGE][PASSED] - Keys 'TAB + DOWN + ' sent to object: 'Object Repository/Volve/Flujo 2/select_Anio'

2021-11-12 17:37:21 - [TEST_STEP][PASSED] - sendKeys(findTestObject("Volve/Flujo 2/select_Departamento"), Keys.chord(TAB, ARROW_DOWN)): Keys 'TAB + DOWN + ' sent to object: 'Object Repository/Volve/Flujo 2/select_Departamento'

2021-11-12 17:37:21 - [MESSAGE][PASSED] - Keys 'TAB + DOWN + ' sent to object: 'Object Repository/Volve/Flujo 2/select_Departamento'

2021-11-12 17:37:21 - [TEST_STEP][PASSED] - selectOptionByValue(findTestObject("Volve/Flujo 2/select_Genero"), "Male", false): All options with value 'Male' are selected in object 'Object Repository/Volve/Flujo 2/select_Genero' 

2021-11-12 17:37:22 - [MESSAGE][PASSED] - All options with value 'Male' are selected in object 'Object Repository/Volve/Flujo 2/select_Genero' 

2021-11-12 17:37:22 - [TEST_STEP][PASSED] - enhancedClick(findTestObject("Volve/Flujo 2/div_Siguiente")): Object: 'Object Repository/Volve/Flujo 2/div_Siguiente' is clicked on

2021-11-12 17:37:23 - [MESSAGE][PASSED] - Object: 'Object Repository/Volve/Flujo 2/div_Siguiente' is clicked on

2021-11-12 17:37:23 - [TEST_STEP][PASSED] - waitForElementVisible(findTestObject("Volve/Flujo 3/select_Ocupacion"), 0): Object 'Object Repository/Volve/Flujo 3/select_Ocupacion' is visible

2021-11-12 17:37:23 - [MESSAGE][WARNING] - Timeout '0' is invalid. Using default page load timeout: '30'

2021-11-12 17:37:24 - [MESSAGE][PASSED] - Object 'Object Repository/Volve/Flujo 3/select_Ocupacion' is visible

2021-11-12 17:37:24 - [TEST_STEP][PASSED] - selectOptionByValue(findTestObject("Volve/Flujo 3/select_Ocupacion"), "TrabajoJornadaCompleta", false): All options with value 'TrabajoJornadaCompleta' are selected in object 'Object Repository/Volve/Flujo 3/select_Ocupacion' 

2021-11-12 17:37:25 - [MESSAGE][PASSED] - All options with value 'TrabajoJornadaCompleta' are selected in object 'Object Repository/Volve/Flujo 3/select_Ocupacion' 

2021-11-12 17:37:25 - [TEST_STEP][PASSED] - selectOptionByValue(findTestObject("Volve/Flujo 3/select_tiempoOcupacion"), "0a3", false): All options with value '0a3' are selected in object 'Object Repository/Volve/Flujo 3/select_tiempoOcupacion' 

2021-11-12 17:37:25 - [MESSAGE][PASSED] - All options with value '0a3' are selected in object 'Object Repository/Volve/Flujo 3/select_tiempoOcupacion' 

2021-11-12 17:37:25 - [TEST_STEP][PASSED] - setText(findTestObject("Volve/Flujo 3/input_Ingresos"), "5000"): Text '5000' is set on object 'Object Repository/Volve/Flujo 3/input_Ingresos'

2021-11-12 17:37:26 - [MESSAGE][PASSED] - Text '5000' is set on object 'Object Repository/Volve/Flujo 3/input_Ingresos'

2021-11-12 17:37:26 - [TEST_STEP][PASSED] - selectOptionByValue(findTestObject("Volve/Flujo 3/select_PersonasACargo"), "false", false): All options with value 'false' are selected in object 'Object Repository/Volve/Flujo 3/select_PersonasACargo' 

2021-11-12 17:37:26 - [MESSAGE][PASSED] - All options with value 'false' are selected in object 'Object Repository/Volve/Flujo 3/select_PersonasACargo' 

2021-11-12 17:37:26 - [TEST_STEP][PASSED] - enhancedClick(findTestObject("Volve/Flujo 3/div_Siguiente")): Object: 'Object Repository/Volve/Flujo 3/div_Siguiente' is clicked on

2021-11-12 17:37:27 - [MESSAGE][PASSED] - Object: 'Object Repository/Volve/Flujo 3/div_Siguiente' is clicked on

2021-11-12 17:37:27 - [TEST_STEP][PASSED] - waitForElementVisible(findTestObject("Volve/Flujo 4/div_Siguiente"), 0): Object 'Object Repository/Volve/Flujo 4/div_Siguiente' is visible

2021-11-12 17:37:27 - [MESSAGE][WARNING] - Timeout '0' is invalid. Using default page load timeout: '30'

2021-11-12 17:37:50 - [MESSAGE][PASSED] - Object 'Object Repository/Volve/Flujo 4/div_Siguiente' is visible

2021-11-12 17:37:50 - [TEST_STEP][PASSED] - enhancedClick(findTestObject("Volve/Flujo 4/div_Siguiente")): Object: 'Object Repository/Volve/Flujo 4/div_Siguiente' is clicked on

2021-11-12 17:37:50 - [MESSAGE][PASSED] - Object: 'Object Repository/Volve/Flujo 4/div_Siguiente' is clicked on

2021-11-12 17:37:50 - [TEST_STEP][PASSED] - waitForElementVisible(findTestObject("Volve/Flujo 4/select_Vencimiento"), 0): Object 'Object Repository/Volve/Flujo 4/select_Vencimiento' is visible

2021-11-12 17:37:50 - [MESSAGE][WARNING] - Timeout '0' is invalid. Using default page load timeout: '30'

2021-11-12 17:37:52 - [MESSAGE][PASSED] - Object 'Object Repository/Volve/Flujo 4/select_Vencimiento' is visible

2021-11-12 17:37:52 - [TEST_STEP][PASSED] - sendKeys(findTestObject("Volve/Flujo 4/a_Preguntas frecuentes"), Keys.chord(TAB, ARROW_DOWN), STOP_ON_FAILURE): Keys 'TAB + DOWN + ' sent to object: 'Object Repository/Volve/Flujo 4/a_Preguntas frecuentes'

2021-11-12 17:37:52 - [MESSAGE][PASSED] - Keys 'TAB + DOWN + ' sent to object: 'Object Repository/Volve/Flujo 4/a_Preguntas frecuentes'

2021-11-12 17:37:52 - [TEST_STEP][PASSED] - waitForElementVisible(findTestObject("Volve/Flujo 4/select_Banco"), 0): Object 'Object Repository/Volve/Flujo 4/select_Banco' is visible

2021-11-12 17:37:52 - [MESSAGE][WARNING] - Timeout '0' is invalid. Using default page load timeout: '30'

2021-11-12 17:38:02 - [MESSAGE][PASSED] - Object 'Object Repository/Volve/Flujo 4/select_Banco' is visible

2021-11-12 17:38:02 - [TEST_STEP][PASSED] - sendKeys(findTestObject("Volve/Flujo 4/select_Vencimiento"), Keys.chord(TAB, ARROW_DOWN), STOP_ON_FAILURE): Keys 'TAB + DOWN + ' sent to object: 'Object Repository/Volve/Flujo 4/select_Vencimiento'

2021-11-12 17:38:02 - [MESSAGE][PASSED] - Keys 'TAB + DOWN + ' sent to object: 'Object Repository/Volve/Flujo 4/select_Vencimiento'

2021-11-12 17:38:02 - [TEST_STEP][PASSED] - setText(findTestObject("Volve/Flujo 4/input_CuentaBancaria"), findTestData("DatosUsuario").getValue(2, 10)): Text '1234567' is set on object 'Object Repository/Volve/Flujo 4/input_CuentaBancaria'

2021-11-12 17:38:03 - [MESSAGE][PASSED] - Text '1234567' is set on object 'Object Repository/Volve/Flujo 4/input_CuentaBancaria'

2021-11-12 17:38:03 - [TEST_STEP][PASSED] - enhancedClick(findTestObject("Volve/Flujo 4/input_TyC")): Object: 'Object Repository/Volve/Flujo 4/input_TyC' is clicked on

2021-11-12 17:38:05 - [MESSAGE][PASSED] - Object: 'Object Repository/Volve/Flujo 4/input_TyC' is clicked on

2021-11-12 17:38:05 - [TEST_STEP][PASSED] - enhancedClick(findTestObject("Volve/Flujo 4/div_Siguiente")): Object: 'Object Repository/Volve/Flujo 4/div_Siguiente' is clicked on

2021-11-12 17:38:06 - [MESSAGE][PASSED] - Object: 'Object Repository/Volve/Flujo 4/div_Siguiente' is clicked on

2021-11-12 17:38:06 - [TEST_STEP][PASSED] - waitForElementVisible(findTestObject("Volve/Flujo 4/a_ConfirmarCredito"), 0): Object 'Object Repository/Volve/Flujo 4/a_ConfirmarCredito' is visible

2021-11-12 17:38:06 - [MESSAGE][WARNING] - Timeout '0' is invalid. Using default page load timeout: '30'

2021-11-12 17:38:08 - [MESSAGE][PASSED] - Object 'Object Repository/Volve/Flujo 4/a_ConfirmarCredito' is visible

2021-11-12 17:38:08 - [TEST_STEP][PASSED] - enhancedClick(findTestObject("Volve/Flujo 4/a_ConfirmarCredito")): Object: 'Object Repository/Volve/Flujo 4/a_ConfirmarCredito' is clicked on

2021-11-12 17:38:09 - [MESSAGE][PASSED] - Object: 'Object Repository/Volve/Flujo 4/a_ConfirmarCredito' is clicked on

2021-11-12 17:38:09 - [TEST_STEP][PASSED] - waitForElementVisible(findTestObject("Volve/Flujo 5/input_CodigoSMS"), 0): Object 'Object Repository/Volve/Flujo 5/input_CodigoSMS' is visible

2021-11-12 17:38:09 - [MESSAGE][WARNING] - Timeout '0' is invalid. Using default page load timeout: '30'

2021-11-12 17:38:10 - [MESSAGE][PASSED] - Object 'Object Repository/Volve/Flujo 5/input_CodigoSMS' is visible

2021-11-12 17:38:10 - [TEST_STEP][PASSED] - waitForElementVisible(findTestObject("Volve/Flujo 4/div_Siguiente"), 0): Object 'Object Repository/Volve/Flujo 4/div_Siguiente' is visible

2021-11-12 17:38:10 - [MESSAGE][WARNING] - Timeout '0' is invalid. Using default page load timeout: '30'

2021-11-12 17:38:21 - [MESSAGE][PASSED] - Object 'Object Repository/Volve/Flujo 4/div_Siguiente' is visible

2021-11-12 17:38:21 - [TEST_STEP][PASSED] - enhancedClick(findTestObject("Volve/Flujo 4/div_Siguiente")): Object: 'Object Repository/Volve/Flujo 4/div_Siguiente' is clicked on

2021-11-12 17:38:21 - [MESSAGE][PASSED] - Object: 'Object Repository/Volve/Flujo 4/div_Siguiente' is clicked on

2021-11-12 17:38:21 - [TEST_STEP][PASSED] - takeFullPageScreenshot(C:\Users\nicolas.aquino\Desktop\Trabajo\Screenshots Katalon\$GlobalVariable.cedulaRandom\2_FlujoVolve.jpg): Taking screenshot successfully

2021-11-12 17:38:22 - [MESSAGE][INFO] - 0 hidden object(s)

2021-11-12 17:38:22 - [MESSAGE][PASSED] - Taking screenshot successfully
[[ATTACHMENT|C:\Users\nicolas.aquino\Desktop\Trabajo\Screenshots Katalon\32509949\2_FlujoVolve.jpg]]]]></system-out>
         <system-err><![CDATA[]]></system-err>
      </testcase>
      <testcase name="Test Cases/Admin/Logueo" time="5.127" classname="Test Cases/Admin/Logueo" status="PASSED">
         <system-out><![CDATA[2021-11-12 17:38:22 - [TEST_CASE][PASSED] - Test Cases/Admin/Logueo: Test Cases/Admin/Logueo

2021-11-12 17:38:22 - [TEST_STEP][PASSED] - currentPage = getUrl(): Current window's url is: 'https://stage-www.volve.com.uy/verificacion-sms2'

2021-11-12 17:38:22 - [MESSAGE][PASSED] - Current window's url is: 'https://stage-www.volve.com.uy/verificacion-sms2'

2021-11-12 17:38:22 - [TEST_STEP][PASSED] - currentTab = getWindowIndex(): Current window's index is: 1

2021-11-12 17:38:22 - [MESSAGE][PASSED] - Current window's index is: 1

2021-11-12 17:38:22 - [TEST_STEP][PASSED] - driver = getWebDriver(): null

2021-11-12 17:38:22 - [TEST_STEP][PASSED] - js = driver: null

2021-11-12 17:38:22 - [TEST_STEP][PASSED] - js.executeScript("window.open();"): null

2021-11-12 17:38:22 - [TEST_STEP][PASSED] - switchToWindowIndex(currentTab + 1): Switched to window with index: '2'

2021-11-12 17:38:22 - [MESSAGE][PASSED] - Switched to window with index: '2'

2021-11-12 17:38:22 - [TEST_STEP][PASSED] - navigateToUrl(Admin): Navigate to 'https://stage-admin-int.paigo.uy/login' successfully

2021-11-12 17:38:25 - [MESSAGE][PASSED] - Navigate to 'https://stage-admin-int.paigo.uy/login' successfully

2021-11-12 17:38:25 - [TEST_STEP][PASSED] - maximizeWindow(): Current window maximized

2021-11-12 17:38:25 - [MESSAGE][PASSED] - Current window maximized

2021-11-12 17:38:25 - [TEST_STEP][PASSED] - setText(findTestObject("Admin/Logueo/input_Usuario"), findTestData("DatosUsuario").getValue(2, 1)): Text 'gabriel.gayol@paigo.com.uy' is set on object 'Object Repository/Admin/Logueo/input_Usuario'

2021-11-12 17:38:26 - [MESSAGE][PASSED] - Text 'gabriel.gayol@paigo.com.uy' is set on object 'Object Repository/Admin/Logueo/input_Usuario'

2021-11-12 17:38:26 - [TEST_STEP][PASSED] - setText(findTestObject("Admin/Logueo/input_Contrasena"), findTestData("DatosUsuario").getValue(2, 2)): Text '12345678' is set on object 'Object Repository/Admin/Logueo/input_Contrasena'

2021-11-12 17:38:27 - [MESSAGE][PASSED] - Text '12345678' is set on object 'Object Repository/Admin/Logueo/input_Contrasena'

2021-11-12 17:38:27 - [TEST_STEP][PASSED] - enhancedClick(findTestObject("Admin/Logueo/button_Ingresar")): Object: 'Object Repository/Admin/Logueo/button_Ingresar' is clicked on

2021-11-12 17:38:27 - [MESSAGE][PASSED] - Object: 'Object Repository/Admin/Logueo/button_Ingresar' is clicked on]]></system-out>
         <system-err><![CDATA[]]></system-err>
      </testcase>
      <testcase name="Test Cases/Admin/SPI/Volve" time="8.777" classname="Test Cases/Admin/SPI/Volve" status="PASSED">
         <system-out><![CDATA[2021-11-12 17:38:27 - [TEST_CASE][PASSED] - Test Cases/Admin/SPI/Volve: Test Cases/Admin/SPI/Volve

2021-11-12 17:38:27 - [TEST_STEP][PASSED] - waitForElementPresent(findTestObject("Admin/Alta de cuenta - SPI/p_CuentasBancarias"), 0): Object 'Object Repository/Admin/Alta de cuenta - SPI/p_CuentasBancarias' is present

2021-11-12 17:38:27 - [MESSAGE][WARNING] - Timeout '0' is invalid. Using default page load timeout: '30'

2021-11-12 17:38:29 - [MESSAGE][PASSED] - Object 'Object Repository/Admin/Alta de cuenta - SPI/p_CuentasBancarias' is present

2021-11-12 17:38:29 - [TEST_STEP][PASSED] - enhancedClick(findTestObject("Admin/Alta de cuenta - SPI/p_CuentasBancarias")): Object: 'Object Repository/Admin/Alta de cuenta - SPI/p_CuentasBancarias' is clicked on

2021-11-12 17:38:29 - [MESSAGE][PASSED] - Object: 'Object Repository/Admin/Alta de cuenta - SPI/p_CuentasBancarias' is clicked on

2021-11-12 17:38:29 - [TEST_STEP][PASSED] - setText(findTestObject("Admin/Alta de cuenta - SPI/input_Cedula"), cedulaRandom): Text '32509949' is set on object 'Object Repository/Admin/Alta de cuenta - SPI/input_Cedula'

2021-11-12 17:38:30 - [MESSAGE][PASSED] - Text '32509949' is set on object 'Object Repository/Admin/Alta de cuenta - SPI/input_Cedula'

2021-11-12 17:38:30 - [TEST_STEP][PASSED] - selectOptionByLabel(findTestObject("Admin/Alta de cuenta - SPI/select_Marca"), Marca_VV, false): All options with label 'Volvé' are selected in object 'Object Repository/Admin/Alta de cuenta - SPI/select_Marca' 

2021-11-12 17:38:31 - [MESSAGE][PASSED] - All options with label 'Volvé' are selected in object 'Object Repository/Admin/Alta de cuenta - SPI/select_Marca' 

2021-11-12 17:38:31 - [TEST_STEP][PASSED] - enhancedClick(findTestObject("Admin/Alta de cuenta - SPI/button_Obtener")): Object: 'Object Repository/Admin/Alta de cuenta - SPI/button_Obtener' is clicked on

2021-11-12 17:38:31 - [MESSAGE][PASSED] - Object: 'Object Repository/Admin/Alta de cuenta - SPI/button_Obtener' is clicked on

2021-11-12 17:38:31 - [TEST_STEP][PASSED] - waitForElementPresent(findTestObject("Admin/Edicion de cuenta - SPI/i_EditarCuenta"), 0): Object 'Object Repository/Admin/Edicion de cuenta - SPI/i_EditarCuenta' is present

2021-11-12 17:38:31 - [MESSAGE][WARNING] - Timeout '0' is invalid. Using default page load timeout: '30'

2021-11-12 17:38:32 - [MESSAGE][PASSED] - Object 'Object Repository/Admin/Edicion de cuenta - SPI/i_EditarCuenta' is present

2021-11-12 17:38:32 - [TEST_STEP][PASSED] - enhancedClick(findTestObject("Admin/Edicion de cuenta - SPI/i_EditarCuenta")): Object: 'Object Repository/Admin/Edicion de cuenta - SPI/i_EditarCuenta' is clicked on

2021-11-12 17:38:33 - [MESSAGE][PASSED] - Object: 'Object Repository/Admin/Edicion de cuenta - SPI/i_EditarCuenta' is clicked on

2021-11-12 17:38:33 - [TEST_STEP][PASSED] - setText(findTestObject("Admin/Edicion de cuenta - SPI/input_Cuenta"), findTestData("DatosUsuario").getValue(2, 10)): Text '1234567' is set on object 'Object Repository/Admin/Edicion de cuenta - SPI/input_Cuenta'

2021-11-12 17:38:34 - [MESSAGE][PASSED] - Text '1234567' is set on object 'Object Repository/Admin/Edicion de cuenta - SPI/input_Cuenta'

2021-11-12 17:38:34 - [TEST_STEP][PASSED] - sendKeys(findTestObject("Admin/Alta de cuenta - SPI/select_TipoCuenta"), Keys.chord(TAB, TAB, SPACE)): Keys 'TAB + TAB + SPACE + ' sent to object: 'Object Repository/Admin/Alta de cuenta - SPI/select_TipoCuenta'

2021-11-12 17:38:34 - [MESSAGE][PASSED] - Keys 'TAB + TAB + SPACE + ' sent to object: 'Object Repository/Admin/Alta de cuenta - SPI/select_TipoCuenta'

2021-11-12 17:38:34 - [TEST_STEP][PASSED] - enhancedClick(findTestObject("Admin/Edicion de cuenta - SPI/button_Guardar")): Object: 'Object Repository/Admin/Edicion de cuenta - SPI/button_Guardar' is clicked on

2021-11-12 17:38:36 - [MESSAGE][PASSED] - Object: 'Object Repository/Admin/Edicion de cuenta - SPI/button_Guardar' is clicked on]]></system-out>
         <system-err><![CDATA[]]></system-err>
      </testcase>
      <testcase name="Test Cases/Admin/Volve/Desembolso" time="13.795" classname="Test Cases/Admin/Volve/Desembolso" status="FAILED">
         <failure type="FAILED" message="Test Cases/Admin/Volve/Desembolso FAILED.
Reason:
com.kms.katalon.core.exception.StepFailedException: Unable to verify text '✓ Transacción generada correctamente' is present 
	at com.kms.katalon.core.webui.keyword.internal.WebUIKeywordMain.stepFailed(WebUIKeywordMain.groovy:64)
	at com.kms.katalon.core.webui.keyword.internal.WebUIKeywordMain.runKeyword(WebUIKeywordMain.groovy:26)
	at com.kms.katalon.core.webui.keyword.builtin.VerifyTextPresentKeyword.verifyTextPresent(VerifyTextPresentKeyword.groovy:83)
	at com.kms.katalon.core.webui.keyword.builtin.VerifyTextPresentKeyword.execute(VerifyTextPresentKeyword.groovy:68)
	at com.kms.katalon.core.keyword.internal.KeywordExecutor.executeKeywordForPlatform(KeywordExecutor.groovy:74)
	at com.kms.katalon.core.webui.keyword.WebUiBuiltInKeywords.verifyTextPresent(WebUiBuiltInKeywords.groovy:1723)
	at com.kms.katalon.core.webui.keyword.WebUiBuiltInKeywords$verifyTextPresent$16.call(Unknown Source)
	at Desembolso.run(Desembolso:53)
	at com.kms.katalon.core.main.ScriptEngine.run(ScriptEngine.java:194)
	at com.kms.katalon.core.main.ScriptEngine.runScriptAsRawText(ScriptEngine.java:119)
	at com.kms.katalon.core.main.TestCaseExecutor.runScript(TestCaseExecutor.java:430)
	at com.kms.katalon.core.main.TestCaseExecutor.doExecute(TestCaseExecutor.java:421)
	at com.kms.katalon.core.main.TestCaseExecutor.processExecutionPhase(TestCaseExecutor.java:400)
	at com.kms.katalon.core.main.TestCaseExecutor.accessMainPhase(TestCaseExecutor.java:392)
	at com.kms.katalon.core.main.TestCaseExecutor.execute(TestCaseExecutor.java:273)
	at com.kms.katalon.core.main.TestSuiteExecutor.accessTestCaseMainPhase(TestSuiteExecutor.java:202)
	at com.kms.katalon.core.main.TestSuiteExecutor.accessTestSuiteMainPhase(TestSuiteExecutor.java:164)
	at com.kms.katalon.core.main.TestSuiteExecutor.execute(TestSuiteExecutor.java:105)
	at com.kms.katalon.core.main.TestCaseMain.startTestSuite(TestCaseMain.java:185)
	at com.kms.katalon.core.main.TestCaseMain$startTestSuite$0.call(Unknown Source)
	at TempTestSuite1636749408478.run(TempTestSuite1636749408478.groovy:36)
Caused by: com.kms.katalon.core.exception.StepFailedException: Text '✓ Transacción generada correctamente' is not present on page 
	at com.kms.katalon.core.webui.keyword.internal.WebUIKeywordMain.stepFailed(WebUIKeywordMain.groovy:64)
	at com.kms.katalon.core.webui.keyword.builtin.VerifyTextPresentKeyword$_verifyTextPresent_closure1.doCall(VerifyTextPresentKeyword.groovy:79)
	at com.kms.katalon.core.webui.keyword.builtin.VerifyTextPresentKeyword$_verifyTextPresent_closure1.call(VerifyTextPresentKeyword.groovy)
	at com.kms.katalon.core.webui.keyword.internal.WebUIKeywordMain.runKeyword(WebUIKeywordMain.groovy:20)
	... 19 more
"/>
         <system-out><![CDATA[2021-11-12 17:38:36 - [TEST_CASE][FAILED] - Test Cases/Admin/Volve/Desembolso: Test Cases/Admin/Volve/Desembolso FAILED.
Reason:
com.kms.katalon.core.exception.StepFailedException: Unable to verify text '✓ Transacción generada correctamente' is present 
	at com.kms.katalon.core.webui.keyword.internal.WebUIKeywordMain.stepFailed(WebUIKeywordMain.groovy:64)
	at com.kms.katalon.core.webui.keyword.internal.WebUIKeywordMain.runKeyword(WebUIKeywordMain.groovy:26)
	at com.kms.katalon.core.webui.keyword.builtin.VerifyTextPresentKeyword.verifyTextPresent(VerifyTextPresentKeyword.groovy:83)
	at com.kms.katalon.core.webui.keyword.builtin.VerifyTextPresentKeyword.execute(VerifyTextPresentKeyword.groovy:68)
	at com.kms.katalon.core.keyword.internal.KeywordExecutor.executeKeywordForPlatform(KeywordExecutor.groovy:74)
	at com.kms.katalon.core.webui.keyword.WebUiBuiltInKeywords.verifyTextPresent(WebUiBuiltInKeywords.groovy:1723)
	at com.kms.katalon.core.webui.keyword.WebUiBuiltInKeywords$verifyTextPresent$16.call(Unknown Source)
	at Desembolso.run(Desembolso:53)
	at com.kms.katalon.core.main.ScriptEngine.run(ScriptEngine.java:194)
	at com.kms.katalon.core.main.ScriptEngine.runScriptAsRawText(ScriptEngine.java:119)
	at com.kms.katalon.core.main.TestCaseExecutor.runScript(TestCaseExecutor.java:430)
	at com.kms.katalon.core.main.TestCaseExecutor.doExecute(TestCaseExecutor.java:421)
	at com.kms.katalon.core.main.TestCaseExecutor.processExecutionPhase(TestCaseExecutor.java:400)
	at com.kms.katalon.core.main.TestCaseExecutor.accessMainPhase(TestCaseExecutor.java:392)
	at com.kms.katalon.core.main.TestCaseExecutor.execute(TestCaseExecutor.java:273)
	at com.kms.katalon.core.main.TestSuiteExecutor.accessTestCaseMainPhase(TestSuiteExecutor.java:202)
	at com.kms.katalon.core.main.TestSuiteExecutor.accessTestSuiteMainPhase(TestSuiteExecutor.java:164)
	at com.kms.katalon.core.main.TestSuiteExecutor.execute(TestSuiteExecutor.java:105)
	at com.kms.katalon.core.main.TestCaseMain.startTestSuite(TestCaseMain.java:185)
	at com.kms.katalon.core.main.TestCaseMain$startTestSuite$0.call(Unknown Source)
	at TempTestSuite1636749408478.run(TempTestSuite1636749408478.groovy:36)
Caused by: com.kms.katalon.core.exception.StepFailedException: Text '✓ Transacción generada correctamente' is not present on page 
	at com.kms.katalon.core.webui.keyword.internal.WebUIKeywordMain.stepFailed(WebUIKeywordMain.groovy:64)
	at com.kms.katalon.core.webui.keyword.builtin.VerifyTextPresentKeyword$_verifyTextPresent_closure1.doCall(VerifyTextPresentKeyword.groovy:79)
	at com.kms.katalon.core.webui.keyword.builtin.VerifyTextPresentKeyword$_verifyTextPresent_closure1.call(VerifyTextPresentKeyword.groovy)
	at com.kms.katalon.core.webui.keyword.internal.WebUIKeywordMain.runKeyword(WebUIKeywordMain.groovy:20)
	... 19 more


2021-11-12 17:38:36 - [TEST_STEP][PASSED] - waitForElementPresent(findTestObject("Admin/Desembolso/p_DESEMBOLSO"), 0): Object 'Object Repository/Admin/Desembolso/p_DESEMBOLSO' is present

2021-11-12 17:38:36 - [MESSAGE][WARNING] - Timeout '0' is invalid. Using default page load timeout: '30'

2021-11-12 17:38:37 - [MESSAGE][PASSED] - Object 'Object Repository/Admin/Desembolso/p_DESEMBOLSO' is present

2021-11-12 17:38:37 - [TEST_STEP][PASSED] - enhancedClick(findTestObject("Admin/Desembolso/p_DESEMBOLSO")): Object: 'Object Repository/Admin/Desembolso/p_DESEMBOLSO' is clicked on

2021-11-12 17:38:37 - [MESSAGE][PASSED] - Object: 'Object Repository/Admin/Desembolso/p_DESEMBOLSO' is clicked on

2021-11-12 17:38:37 - [TEST_STEP][PASSED] - selectOptionByLabel(findTestObject("Admin/Desembolso/select_Marca"), Marca_VV, false): All options with label 'Volvé' are selected in object 'Object Repository/Admin/Desembolso/select_Marca' 

2021-11-12 17:38:38 - [MESSAGE][PASSED] - All options with label 'Volvé' are selected in object 'Object Repository/Admin/Desembolso/select_Marca' 

2021-11-12 17:38:38 - [TEST_STEP][PASSED] - enhancedClick(findTestObject("Admin/Desembolso/button_Obtener")): Object: 'Object Repository/Admin/Desembolso/button_Obtener' is clicked on

2021-11-12 17:38:39 - [MESSAGE][PASSED] - Object: 'Object Repository/Admin/Desembolso/button_Obtener' is clicked on

2021-11-12 17:38:39 - [TEST_STEP][PASSED] - waitForElementVisible(findTestObject("Admin/Desembolso/input_FiltrarCI"), 0): Object 'Object Repository/Admin/Desembolso/input_FiltrarCI' is visible

2021-11-12 17:38:39 - [MESSAGE][WARNING] - Timeout '0' is invalid. Using default page load timeout: '30'

2021-11-12 17:38:41 - [MESSAGE][PASSED] - Object 'Object Repository/Admin/Desembolso/input_FiltrarCI' is visible

2021-11-12 17:38:41 - [TEST_STEP][PASSED] - setText(findTestObject("Admin/Desembolso/input_FiltrarCI"), cedulaRandom): Text '32509949' is set on object 'Object Repository/Admin/Desembolso/input_FiltrarCI'

2021-11-12 17:38:42 - [MESSAGE][PASSED] - Text '32509949' is set on object 'Object Repository/Admin/Desembolso/input_FiltrarCI'

2021-11-12 17:38:42 - [TEST_STEP][PASSED] - enhancedClick(findTestObject("Admin/Desembolso/button_Desembolsar")): Object: 'Object Repository/Admin/Desembolso/button_Desembolsar' is clicked on

2021-11-12 17:38:43 - [MESSAGE][PASSED] - Object: 'Object Repository/Admin/Desembolso/button_Desembolsar' is clicked on

2021-11-12 17:38:43 - [TEST_STEP][PASSED] - sendKeys(findTestObject(null), Keys.chord(TAB, TAB, ARROW_DOWN)): Keys 'TAB + TAB + DOWN + ' sent to object: 'tempBody'

2021-11-12 17:38:43 - [MESSAGE][WARNING] - Test object id is null

2021-11-12 17:38:43 - [MESSAGE][WARNING] - Test object with id 'Object Repository/' does not exist

2021-11-12 17:38:43 - [MESSAGE][PASSED] - Keys 'TAB + TAB + DOWN + ' sent to object: 'tempBody'

2021-11-12 17:38:43 - [TEST_STEP][PASSED] - delay(1): Delayed 1 second(s)

2021-11-12 17:38:44 - [MESSAGE][PASSED] - Delayed 1 second(s)

2021-11-12 17:38:44 - [TEST_STEP][PASSED] - enhancedClick(findTestObject("Admin/Desembolso/button_AceptarDesembolso")): Object: 'Object Repository/Admin/Desembolso/button_AceptarDesembolso' is clicked on

2021-11-12 17:38:46 - [MESSAGE][PASSED] - Object: 'Object Repository/Admin/Desembolso/button_AceptarDesembolso' is clicked on

2021-11-12 17:38:46 - [TEST_STEP][PASSED] - delay(3): Delayed 3 second(s)

2021-11-12 17:38:49 - [MESSAGE][PASSED] - Delayed 3 second(s)

2021-11-12 17:38:49 - [TEST_STEP][FAILED] - verifyTextPresent("✓ Transacción generada correctamente", false): Unable to verify text '✓ Transacción generada correctamente' is present  (Root cause: com.kms.katalon.core.exception.StepFailedException: Unable to verify text '✓ Transacción generada correctamente' is present 
	at com.kms.katalon.core.webui.keyword.internal.WebUIKeywordMain.stepFailed(WebUIKeywordMain.groovy:64)
	at com.kms.katalon.core.webui.keyword.internal.WebUIKeywordMain.runKeyword(WebUIKeywordMain.groovy:26)
	at com.kms.katalon.core.webui.keyword.builtin.VerifyTextPresentKeyword.verifyTextPresent(VerifyTextPresentKeyword.groovy:83)
	at com.kms.katalon.core.webui.keyword.builtin.VerifyTextPresentKeyword.execute(VerifyTextPresentKeyword.groovy:68)
	at com.kms.katalon.core.keyword.internal.KeywordExecutor.executeKeywordForPlatform(KeywordExecutor.groovy:74)
	at com.kms.katalon.core.webui.keyword.WebUiBuiltInKeywords.verifyTextPresent(WebUiBuiltInKeywords.groovy:1723)
	at com.kms.katalon.core.webui.keyword.WebUiBuiltInKeywords$verifyTextPresent$16.call(Unknown Source)
	at Desembolso.run(Desembolso:53)
	at com.kms.katalon.core.main.ScriptEngine.run(ScriptEngine.java:194)
	at com.kms.katalon.core.main.ScriptEngine.runScriptAsRawText(ScriptEngine.java:119)
	at com.kms.katalon.core.main.TestCaseExecutor.runScript(TestCaseExecutor.java:430)
	at com.kms.katalon.core.main.TestCaseExecutor.doExecute(TestCaseExecutor.java:421)
	at com.kms.katalon.core.main.TestCaseExecutor.processExecutionPhase(TestCaseExecutor.java:400)
	at com.kms.katalon.core.main.TestCaseExecutor.accessMainPhase(TestCaseExecutor.java:392)
	at com.kms.katalon.core.main.TestCaseExecutor.execute(TestCaseExecutor.java:273)
	at com.kms.katalon.core.main.TestSuiteExecutor.accessTestCaseMainPhase(TestSuiteExecutor.java:202)
	at com.kms.katalon.core.main.TestSuiteExecutor.accessTestSuiteMainPhase(TestSuiteExecutor.java:164)
	at com.kms.katalon.core.main.TestSuiteExecutor.execute(TestSuiteExecutor.java:105)
	at com.kms.katalon.core.main.TestCaseMain.startTestSuite(TestCaseMain.java:185)
	at com.kms.katalon.core.main.TestCaseMain$startTestSuite$0.call(Unknown Source)
	at TempTestSuite1636749408478.run(TempTestSuite1636749408478.groovy:36)
Caused by: com.kms.katalon.core.exception.StepFailedException: Text '✓ Transacción generada correctamente' is not present on page 
	at com.kms.katalon.core.webui.keyword.internal.WebUIKeywordMain.stepFailed(WebUIKeywordMain.groovy:64)
	at com.kms.katalon.core.webui.keyword.builtin.VerifyTextPresentKeyword$_verifyTextPresent_closure1.doCall(VerifyTextPresentKeyword.groovy:79)
	at com.kms.katalon.core.webui.keyword.builtin.VerifyTextPresentKeyword$_verifyTextPresent_closure1.call(VerifyTextPresentKeyword.groovy)
	at com.kms.katalon.core.webui.keyword.internal.WebUIKeywordMain.runKeyword(WebUIKeywordMain.groovy:20)
	... 19 more
)

2021-11-12 17:38:49 - [MESSAGE][FAILED] - Text '✓ Transacción generada correctamente' is not present on page  (Root cause: com.kms.katalon.core.exception.StepFailedException: Text '✓ Transacción generada correctamente' is not present on page 
	at com.kms.katalon.core.webui.keyword.internal.WebUIKeywordMain.stepFailed(WebUIKeywordMain.groovy:64)
	at com.kms.katalon.core.webui.keyword.builtin.VerifyTextPresentKeyword$_verifyTextPresent_closure1.doCall(VerifyTextPresentKeyword.groovy:79)
	at com.kms.katalon.core.webui.keyword.builtin.VerifyTextPresentKeyword$_verifyTextPresent_closure1.call(VerifyTextPresentKeyword.groovy)
	at com.kms.katalon.core.webui.keyword.internal.WebUIKeywordMain.runKeyword(WebUIKeywordMain.groovy:20)
	at com.kms.katalon.core.webui.keyword.builtin.VerifyTextPresentKeyword.verifyTextPresent(VerifyTextPresentKeyword.groovy:83)
	at com.kms.katalon.core.webui.keyword.builtin.VerifyTextPresentKeyword.execute(VerifyTextPresentKeyword.groovy:68)
	at com.kms.katalon.core.keyword.internal.KeywordExecutor.executeKeywordForPlatform(KeywordExecutor.groovy:74)
	at com.kms.katalon.core.webui.keyword.WebUiBuiltInKeywords.verifyTextPresent(WebUiBuiltInKeywords.groovy:1723)
	at com.kms.katalon.core.webui.keyword.WebUiBuiltInKeywords$verifyTextPresent$16.call(Unknown Source)
	at Desembolso.run(Desembolso:53)
	at com.kms.katalon.core.main.ScriptEngine.run(ScriptEngine.java:194)
	at com.kms.katalon.core.main.ScriptEngine.runScriptAsRawText(ScriptEngine.java:119)
	at com.kms.katalon.core.main.TestCaseExecutor.runScript(TestCaseExecutor.java:430)
	at com.kms.katalon.core.main.TestCaseExecutor.doExecute(TestCaseExecutor.java:421)
	at com.kms.katalon.core.main.TestCaseExecutor.processExecutionPhase(TestCaseExecutor.java:400)
	at com.kms.katalon.core.main.TestCaseExecutor.accessMainPhase(TestCaseExecutor.java:392)
	at com.kms.katalon.core.main.TestCaseExecutor.execute(TestCaseExecutor.java:273)
	at com.kms.katalon.core.main.TestSuiteExecutor.accessTestCaseMainPhase(TestSuiteExecutor.java:202)
	at com.kms.katalon.core.main.TestSuiteExecutor.accessTestSuiteMainPhase(TestSuiteExecutor.java:164)
	at com.kms.katalon.core.main.TestSuiteExecutor.execute(TestSuiteExecutor.java:105)
	at com.kms.katalon.core.main.TestCaseMain.startTestSuite(TestCaseMain.java:185)
	at com.kms.katalon.core.main.TestCaseMain$startTestSuite$0.call(Unknown Source)
	at TempTestSuite1636749408478.run(TempTestSuite1636749408478.groovy:36)
)

2021-11-12 17:38:49 - [MESSAGE][FAILED] - Unable to verify text '✓ Transacción generada correctamente' is present  (Root cause: com.kms.katalon.core.exception.StepFailedException: Unable to verify text '✓ Transacción generada correctamente' is present 
	at com.kms.katalon.core.webui.keyword.internal.WebUIKeywordMain.stepFailed(WebUIKeywordMain.groovy:64)
	at com.kms.katalon.core.webui.keyword.internal.WebUIKeywordMain.runKeyword(WebUIKeywordMain.groovy:26)
	at com.kms.katalon.core.webui.keyword.builtin.VerifyTextPresentKeyword.verifyTextPresent(VerifyTextPresentKeyword.groovy:83)
	at com.kms.katalon.core.webui.keyword.builtin.VerifyTextPresentKeyword.execute(VerifyTextPresentKeyword.groovy:68)
	at com.kms.katalon.core.keyword.internal.KeywordExecutor.executeKeywordForPlatform(KeywordExecutor.groovy:74)
	at com.kms.katalon.core.webui.keyword.WebUiBuiltInKeywords.verifyTextPresent(WebUiBuiltInKeywords.groovy:1723)
	at com.kms.katalon.core.webui.keyword.WebUiBuiltInKeywords$verifyTextPresent$16.call(Unknown Source)
	at Desembolso.run(Desembolso:53)
	at com.kms.katalon.core.main.ScriptEngine.run(ScriptEngine.java:194)
	at com.kms.katalon.core.main.ScriptEngine.runScriptAsRawText(ScriptEngine.java:119)
	at com.kms.katalon.core.main.TestCaseExecutor.runScript(TestCaseExecutor.java:430)
	at com.kms.katalon.core.main.TestCaseExecutor.doExecute(TestCaseExecutor.java:421)
	at com.kms.katalon.core.main.TestCaseExecutor.processExecutionPhase(TestCaseExecutor.java:400)
	at com.kms.katalon.core.main.TestCaseExecutor.accessMainPhase(TestCaseExecutor.java:392)
	at com.kms.katalon.core.main.TestCaseExecutor.execute(TestCaseExecutor.java:273)
	at com.kms.katalon.core.main.TestSuiteExecutor.accessTestCaseMainPhase(TestSuiteExecutor.java:202)
	at com.kms.katalon.core.main.TestSuiteExecutor.accessTestSuiteMainPhase(TestSuiteExecutor.java:164)
	at com.kms.katalon.core.main.TestSuiteExecutor.execute(TestSuiteExecutor.java:105)
	at com.kms.katalon.core.main.TestCaseMain.startTestSuite(TestCaseMain.java:185)
	at com.kms.katalon.core.main.TestCaseMain$startTestSuite$0.call(Unknown Source)
	at TempTestSuite1636749408478.run(TempTestSuite1636749408478.groovy:36)
Caused by: com.kms.katalon.core.exception.StepFailedException: Text '✓ Transacción generada correctamente' is not present on page 
	at com.kms.katalon.core.webui.keyword.internal.WebUIKeywordMain.stepFailed(WebUIKeywordMain.groovy:64)
	at com.kms.katalon.core.webui.keyword.builtin.VerifyTextPresentKeyword$_verifyTextPresent_closure1.doCall(VerifyTextPresentKeyword.groovy:79)
	at com.kms.katalon.core.webui.keyword.builtin.VerifyTextPresentKeyword$_verifyTextPresent_closure1.call(VerifyTextPresentKeyword.groovy)
	at com.kms.katalon.core.webui.keyword.internal.WebUIKeywordMain.runKeyword(WebUIKeywordMain.groovy:20)
	... 19 more
)
[[ATTACHMENT|C:\\Users\\nicolas.aquino\\Katalon Studio\\Paigo\\Reports\\20211112_173648\\Primera Venta\\Volv\u00E9\\20211112_173648\\1636749529818.png]]]]></system-out>
         <system-err><![CDATA[2021-11-12 17:38:36 - [TEST_CASE][FAILED] - Test Cases/Admin/Volve/Desembolso: Test Cases/Admin/Volve/Desembolso FAILED.
Reason:
com.kms.katalon.core.exception.StepFailedException: Unable to verify text '✓ Transacción generada correctamente' is present 
	at com.kms.katalon.core.webui.keyword.internal.WebUIKeywordMain.stepFailed(WebUIKeywordMain.groovy:64)
	at com.kms.katalon.core.webui.keyword.internal.WebUIKeywordMain.runKeyword(WebUIKeywordMain.groovy:26)
	at com.kms.katalon.core.webui.keyword.builtin.VerifyTextPresentKeyword.verifyTextPresent(VerifyTextPresentKeyword.groovy:83)
	at com.kms.katalon.core.webui.keyword.builtin.VerifyTextPresentKeyword.execute(VerifyTextPresentKeyword.groovy:68)
	at com.kms.katalon.core.keyword.internal.KeywordExecutor.executeKeywordForPlatform(KeywordExecutor.groovy:74)
	at com.kms.katalon.core.webui.keyword.WebUiBuiltInKeywords.verifyTextPresent(WebUiBuiltInKeywords.groovy:1723)
	at com.kms.katalon.core.webui.keyword.WebUiBuiltInKeywords$verifyTextPresent$16.call(Unknown Source)
	at Desembolso.run(Desembolso:53)
	at com.kms.katalon.core.main.ScriptEngine.run(ScriptEngine.java:194)
	at com.kms.katalon.core.main.ScriptEngine.runScriptAsRawText(ScriptEngine.java:119)
	at com.kms.katalon.core.main.TestCaseExecutor.runScript(TestCaseExecutor.java:430)
	at com.kms.katalon.core.main.TestCaseExecutor.doExecute(TestCaseExecutor.java:421)
	at com.kms.katalon.core.main.TestCaseExecutor.processExecutionPhase(TestCaseExecutor.java:400)
	at com.kms.katalon.core.main.TestCaseExecutor.accessMainPhase(TestCaseExecutor.java:392)
	at com.kms.katalon.core.main.TestCaseExecutor.execute(TestCaseExecutor.java:273)
	at com.kms.katalon.core.main.TestSuiteExecutor.accessTestCaseMainPhase(TestSuiteExecutor.java:202)
	at com.kms.katalon.core.main.TestSuiteExecutor.accessTestSuiteMainPhase(TestSuiteExecutor.java:164)
	at com.kms.katalon.core.main.TestSuiteExecutor.execute(TestSuiteExecutor.java:105)
	at com.kms.katalon.core.main.TestCaseMain.startTestSuite(TestCaseMain.java:185)
	at com.kms.katalon.core.main.TestCaseMain$startTestSuite$0.call(Unknown Source)
	at TempTestSuite1636749408478.run(TempTestSuite1636749408478.groovy:36)
Caused by: com.kms.katalon.core.exception.StepFailedException: Text '✓ Transacción generada correctamente' is not present on page 
	at com.kms.katalon.core.webui.keyword.internal.WebUIKeywordMain.stepFailed(WebUIKeywordMain.groovy:64)
	at com.kms.katalon.core.webui.keyword.builtin.VerifyTextPresentKeyword$_verifyTextPresent_closure1.doCall(VerifyTextPresentKeyword.groovy:79)
	at com.kms.katalon.core.webui.keyword.builtin.VerifyTextPresentKeyword$_verifyTextPresent_closure1.call(VerifyTextPresentKeyword.groovy)
	at com.kms.katalon.core.webui.keyword.internal.WebUIKeywordMain.runKeyword(WebUIKeywordMain.groovy:20)
	... 19 more]]></system-err>
      </testcase>
      <system-out><![CDATA[2021-11-12 17:36:54 - [TEST_SUITE][FAILED] - Volvé: Test Cases/Admin/Volve/Desembolso FAILED.
Reason:
com.kms.katalon.core.exception.StepFailedException: Unable to verify text '✓ Transacción generada correctamente' is present 
	at com.kms.katalon.core.webui.keyword.internal.WebUIKeywordMain.stepFailed(WebUIKeywordMain.groovy:64)
	at com.kms.katalon.core.webui.keyword.internal.WebUIKeywordMain.runKeyword(WebUIKeywordMain.groovy:26)
	at com.kms.katalon.core.webui.keyword.builtin.VerifyTextPresentKeyword.verifyTextPresent(VerifyTextPresentKeyword.groovy:83)
	at com.kms.katalon.core.webui.keyword.builtin.VerifyTextPresentKeyword.execute(VerifyTextPresentKeyword.groovy:68)
	at com.kms.katalon.core.keyword.internal.KeywordExecutor.executeKeywordForPlatform(KeywordExecutor.groovy:74)
	at com.kms.katalon.core.webui.keyword.WebUiBuiltInKeywords.verifyTextPresent(WebUiBuiltInKeywords.groovy:1723)
	at com.kms.katalon.core.webui.keyword.WebUiBuiltInKeywords$verifyTextPresent$16.call(Unknown Source)
	at Desembolso.run(Desembolso:53)
	at com.kms.katalon.core.main.ScriptEngine.run(ScriptEngine.java:194)
	at com.kms.katalon.core.main.ScriptEngine.runScriptAsRawText(ScriptEngine.java:119)
	at com.kms.katalon.core.main.TestCaseExecutor.runScript(TestCaseExecutor.java:430)
	at com.kms.katalon.core.main.TestCaseExecutor.doExecute(TestCaseExecutor.java:421)
	at com.kms.katalon.core.main.TestCaseExecutor.processExecutionPhase(TestCaseExecutor.java:400)
	at com.kms.katalon.core.main.TestCaseExecutor.accessMainPhase(TestCaseExecutor.java:392)
	at com.kms.katalon.core.main.TestCaseExecutor.execute(TestCaseExecutor.java:273)
	at com.kms.katalon.core.main.TestSuiteExecutor.accessTestCaseMainPhase(TestSuiteExecutor.java:202)
	at com.kms.katalon.core.main.TestSuiteExecutor.accessTestSuiteMainPhase(TestSuiteExecutor.java:164)
	at com.kms.katalon.core.main.TestSuiteExecutor.execute(TestSuiteExecutor.java:105)
	at com.kms.katalon.core.main.TestCaseMain.startTestSuite(TestCaseMain.java:185)
	at com.kms.katalon.core.main.TestCaseMain$startTestSuite$0.call(Unknown Source)
	at TempTestSuite1636749408478.run(TempTestSuite1636749408478.groovy:36)
Caused by: com.kms.katalon.core.exception.StepFailedException: Text '✓ Transacción generada correctamente' is not present on page 
	at com.kms.katalon.core.webui.keyword.internal.WebUIKeywordMain.stepFailed(WebUIKeywordMain.groovy:64)
	at com.kms.katalon.core.webui.keyword.builtin.VerifyTextPresentKeyword$_verifyTextPresent_closure1.doCall(VerifyTextPresentKeyword.groovy:79)
	at com.kms.katalon.core.webui.keyword.builtin.VerifyTextPresentKeyword$_verifyTextPresent_closure1.call(VerifyTextPresentKeyword.groovy)
	at com.kms.katalon.core.webui.keyword.internal.WebUIKeywordMain.runKeyword(WebUIKeywordMain.groovy:20)
	... 19 more]]></system-out>
      <system-err><![CDATA[2021-11-12 17:36:54 - [TEST_SUITE][FAILED] - Volvé: Test Cases/Admin/Volve/Desembolso FAILED.
Reason:
com.kms.katalon.core.exception.StepFailedException: Unable to verify text '✓ Transacción generada correctamente' is present 
	at com.kms.katalon.core.webui.keyword.internal.WebUIKeywordMain.stepFailed(WebUIKeywordMain.groovy:64)
	at com.kms.katalon.core.webui.keyword.internal.WebUIKeywordMain.runKeyword(WebUIKeywordMain.groovy:26)
	at com.kms.katalon.core.webui.keyword.builtin.VerifyTextPresentKeyword.verifyTextPresent(VerifyTextPresentKeyword.groovy:83)
	at com.kms.katalon.core.webui.keyword.builtin.VerifyTextPresentKeyword.execute(VerifyTextPresentKeyword.groovy:68)
	at com.kms.katalon.core.keyword.internal.KeywordExecutor.executeKeywordForPlatform(KeywordExecutor.groovy:74)
	at com.kms.katalon.core.webui.keyword.WebUiBuiltInKeywords.verifyTextPresent(WebUiBuiltInKeywords.groovy:1723)
	at com.kms.katalon.core.webui.keyword.WebUiBuiltInKeywords$verifyTextPresent$16.call(Unknown Source)
	at Desembolso.run(Desembolso:53)
	at com.kms.katalon.core.main.ScriptEngine.run(ScriptEngine.java:194)
	at com.kms.katalon.core.main.ScriptEngine.runScriptAsRawText(ScriptEngine.java:119)
	at com.kms.katalon.core.main.TestCaseExecutor.runScript(TestCaseExecutor.java:430)
	at com.kms.katalon.core.main.TestCaseExecutor.doExecute(TestCaseExecutor.java:421)
	at com.kms.katalon.core.main.TestCaseExecutor.processExecutionPhase(TestCaseExecutor.java:400)
	at com.kms.katalon.core.main.TestCaseExecutor.accessMainPhase(TestCaseExecutor.java:392)
	at com.kms.katalon.core.main.TestCaseExecutor.execute(TestCaseExecutor.java:273)
	at com.kms.katalon.core.main.TestSuiteExecutor.accessTestCaseMainPhase(TestSuiteExecutor.java:202)
	at com.kms.katalon.core.main.TestSuiteExecutor.accessTestSuiteMainPhase(TestSuiteExecutor.java:164)
	at com.kms.katalon.core.main.TestSuiteExecutor.execute(TestSuiteExecutor.java:105)
	at com.kms.katalon.core.main.TestCaseMain.startTestSuite(TestCaseMain.java:185)
	at com.kms.katalon.core.main.TestCaseMain$startTestSuite$0.call(Unknown Source)
	at TempTestSuite1636749408478.run(TempTestSuite1636749408478.groovy:36)
Caused by: com.kms.katalon.core.exception.StepFailedException: Text '✓ Transacción generada correctamente' is not present on page 
	at com.kms.katalon.core.webui.keyword.internal.WebUIKeywordMain.stepFailed(WebUIKeywordMain.groovy:64)
	at com.kms.katalon.core.webui.keyword.builtin.VerifyTextPresentKeyword$_verifyTextPresent_closure1.doCall(VerifyTextPresentKeyword.groovy:79)
	at com.kms.katalon.core.webui.keyword.builtin.VerifyTextPresentKeyword$_verifyTextPresent_closure1.call(VerifyTextPresentKeyword.groovy)
	at com.kms.katalon.core.webui.keyword.internal.WebUIKeywordMain.runKeyword(WebUIKeywordMain.groovy:20)
	... 19 more]]></system-err>
   </testsuite>
</testsuites>
