<?xml version="1.0" encoding="UTF-8"?>
<testsuites name="Credito Uruguayo" time="167.597" tests="6" failures="2" errors="0">
   <testsuite name="Credito Uruguayo" tests="6" failures="2" errors="0" time="167.597" skipped="0" timestamp="2021-11-15 12:05:04" hostname="nicolas.aquino - ip-192-168-1-7.ec2.internal" id="Test Suites/Primera Venta/Credito Uruguayo">
      <properties>
         <property name="deviceName" value=""/>
         <property name="devicePlatform" value=""/>
         <property name="logFolder" value="C:\\Users\\nicolas.aquino\\Katalon Studio\\Paigo\\Reports\\20211115_120457\\Primera Venta\\Credito Uruguayo\\20211115_120457"/>
         <property name="logFiles" value="C:\\Users\\nicolas.aquino\\Katalon Studio\\Paigo\\Reports\\20211115_120457\\Primera Venta\\Credito Uruguayo\\20211115_120457\\execution0.log"/>
         <property name="attachments" value="C:\Users\nicolas.aquino\Desktop\Trabajo\Screenshots Katalon\28607963\1_CedulaGenerada.jpg, C:\\Users\\nicolas.aquino\\Katalon Studio\\Paigo\\Reports\\20211115_120457\\Primera Venta\\Credito Uruguayo\\20211115_120457\\1636988791836.png, C:\Users\nicolas.aquino\Desktop\Trabajo\Screenshots Katalon\28607963\2_FlujoCreditoUruguayo.jpg, C:\\Users\\nicolas.aquino\\Katalon Studio\\Paigo\\Reports\\20211115_120457\\Primera Venta\\Credito Uruguayo\\20211115_120457\\1636988844444.png, C:\\Users\\nicolas.aquino\\Katalon Studio\\Paigo\\Reports\\20211115_120457\\Primera Venta\\Credito Uruguayo\\20211115_120457\\1636988871515.png"/>
         <property name="hostName" value="nicolas.aquino - ip-192-168-1-7.ec2.internal"/>
         <property name="os" value="Windows 10 64bit"/>
         <property name="katalonVersion" value="8.1.0.208"/>
         <property name="browser" value="Chrome 95.0.4638.69"/>
         <property name="hostAddress" value="192.168.1.7"/>
         <property name="sessionId" value="40c1fcd647a6be53cf19e57c2eaf0a58"/>
         <property name="seleniumVersion" value="3.141.59"/>
         <property name="proxyInformation" value="ProxyInformation { proxyOption=NO_PROXY, proxyServerType=HTTP, username=, password=********, proxyServerAddress=, proxyServerPort=0, executionList=&quot;&quot;, isApplyToDesiredCapabilities=true }"/>
         <property name="platform" value="Windows 10"/>
      </properties>
      <testcase name="Test Cases/General/Generar Cedula Random" time="4.759" classname="Test Cases/General/Generar Cedula Random" status="PASSED">
         <system-out><![CDATA[2021-11-15 12:05:04 - [TEST_CASE][PASSED] - Test Cases/General/Generar Cedula Random: Test Cases/General/Generar Cedula Random

2021-11-15 12:05:04 - [TEST_STEP][PASSED] - openBrowser("https://picandocodigo.github.io/ci_js/"): Browser is opened with url: 'https://picandocodigo.github.io/ci_js/'

2021-11-15 12:05:04 - [MESSAGE][INFO] - Starting 'Chrome' driver

2021-11-15 12:05:04 - [MESSAGE][INFO] - Action delay is set to 0 milliseconds

2021-11-15 12:05:07 - [MESSAGE][PASSED] - Browser is opened with url: 'https://picandocodigo.github.io/ci_js/'

2021-11-15 12:05:07 - [TEST_STEP][PASSED] - maximizeWindow(): Current window maximized

2021-11-15 12:05:07 - [MESSAGE][PASSED] - Current window maximized

2021-11-15 12:05:07 - [TEST_STEP][PASSED] - click(findTestObject("Generador de cedulas/botonGenerar")): Object: 'Object Repository/Generador de cedulas/botonGenerar' is clicked on

2021-11-15 12:05:07 - [MESSAGE][PASSED] - Object: 'Object Repository/Generador de cedulas/botonGenerar' is clicked on

2021-11-15 12:05:07 - [TEST_STEP][PASSED] - cedulaRandom = getAttribute(findTestObject("Generador de cedulas/obtenerCedulaRandom"), "value"): Attribute 'value' of object 'Object Repository/Generador de cedulas/obtenerCedulaRandom' is: '28607963'

2021-11-15 12:05:08 - [MESSAGE][PASSED] - Attribute 'value' of object 'Object Repository/Generador de cedulas/obtenerCedulaRandom' is: '28607963'

2021-11-15 12:05:08 - [TEST_STEP][PASSED] - while (cedulaRandom >= "60000000"): null

2021-11-15 12:05:08 - [TEST_STEP][PASSED] - takeScreenshot(C:\Users\nicolas.aquino\Desktop\Trabajo\Screenshots Katalon\$GlobalVariable.cedulaRandom\1_CedulaGenerada.jpg): Taking screenshot successfully

2021-11-15 12:05:09 - [MESSAGE][PASSED] - Taking screenshot successfully
[[ATTACHMENT|C:\Users\nicolas.aquino\Desktop\Trabajo\Screenshots Katalon\28607963\1_CedulaGenerada.jpg]]]]></system-out>
         <system-err><![CDATA[]]></system-err>
      </testcase>
      <testcase name="Test Cases/CreditoUruguayo/CU - Flujo Web" time="103.058" classname="Test Cases/CreditoUruguayo/CU - Flujo Web" status="PASSED">
         <system-out><![CDATA[2021-11-15 12:05:09 - [TEST_CASE][PASSED] - Test Cases/CreditoUruguayo/CU - Flujo Web: Test Cases/CreditoUruguayo/CU - Flujo Web

2021-11-15 12:05:09 - [TEST_STEP][PASSED] - currentPage = getUrl(): Current window's url is: 'https://picandocodigo.github.io/ci_js/'

2021-11-15 12:05:09 - [MESSAGE][PASSED] - Current window's url is: 'https://picandocodigo.github.io/ci_js/'

2021-11-15 12:05:09 - [TEST_STEP][PASSED] - currentTab = getWindowIndex(): Current window's index is: 0

2021-11-15 12:05:09 - [MESSAGE][PASSED] - Current window's index is: 0

2021-11-15 12:05:09 - [TEST_STEP][PASSED] - driver = getWebDriver(): null

2021-11-15 12:05:09 - [TEST_STEP][PASSED] - js = driver: null

2021-11-15 12:05:09 - [TEST_STEP][PASSED] - js.executeScript("window.open();"): null

2021-11-15 12:05:09 - [TEST_STEP][PASSED] - switchToWindowIndex(currentTab + 1): Switched to window with index: '1'

2021-11-15 12:05:09 - [MESSAGE][PASSED] - Switched to window with index: '1'

2021-11-15 12:05:09 - [TEST_STEP][PASSED] - navigateToUrl(CreditoUruguayo): Navigate to 'https://stage-www.creditouruguayo.com.uy' successfully

2021-11-15 12:05:14 - [MESSAGE][PASSED] - Navigate to 'https://stage-www.creditouruguayo.com.uy' successfully

2021-11-15 12:05:14 - [TEST_STEP][PASSED] - waitForElementPresent(findTestObject("CreditoUruguayo/Inicio/a_InicioFlujo"), 0): Object 'Object Repository/CreditoUruguayo/Inicio/a_InicioFlujo' is present

2021-11-15 12:05:14 - [MESSAGE][WARNING] - Timeout '0' is invalid. Using default page load timeout: '60'

2021-11-15 12:05:14 - [MESSAGE][PASSED] - Object 'Object Repository/CreditoUruguayo/Inicio/a_InicioFlujo' is present

2021-11-15 12:05:14 - [TEST_STEP][PASSED] - enhancedClick(findTestObject("CreditoUruguayo/Inicio/a_InicioFlujo")): Object: 'Object Repository/CreditoUruguayo/Inicio/a_InicioFlujo' is clicked on

2021-11-15 12:05:14 - [MESSAGE][PASSED] - Object: 'Object Repository/CreditoUruguayo/Inicio/a_InicioFlujo' is clicked on

2021-11-15 12:05:14 - [TEST_STEP][PASSED] - waitForElementPresent(findTestObject("CreditoUruguayo/Flujo 1/input_Cedula"), 0): Object 'Object Repository/CreditoUruguayo/Flujo 1/input_Cedula' is present

2021-11-15 12:05:14 - [MESSAGE][WARNING] - Timeout '0' is invalid. Using default page load timeout: '60'

2021-11-15 12:05:15 - [MESSAGE][PASSED] - Object 'Object Repository/CreditoUruguayo/Flujo 1/input_Cedula' is present

2021-11-15 12:05:15 - [TEST_STEP][PASSED] - setText(findTestObject("CreditoUruguayo/Flujo 1/input_Cedula"), cedulaRandom): Text '28607963' is set on object 'Object Repository/CreditoUruguayo/Flujo 1/input_Cedula'

2021-11-15 12:05:16 - [MESSAGE][PASSED] - Text '28607963' is set on object 'Object Repository/CreditoUruguayo/Flujo 1/input_Cedula'

2021-11-15 12:05:16 - [TEST_STEP][PASSED] - setText(findTestObject("CreditoUruguayo/Flujo 1/input_Celular"), findTestData("DatosUsuario").getValue(2, 3)): Text '94040738' is set on object 'Object Repository/CreditoUruguayo/Flujo 1/input_Celular'

2021-11-15 12:05:17 - [MESSAGE][PASSED] - Text '94040738' is set on object 'Object Repository/CreditoUruguayo/Flujo 1/input_Celular'

2021-11-15 12:05:17 - [TEST_STEP][PASSED] - enhancedClick(findTestObject("CreditoUruguayo/Flujo 1/input_TyC")): Object: 'Object Repository/CreditoUruguayo/Flujo 1/input_TyC' is clicked on

2021-11-15 12:05:18 - [MESSAGE][PASSED] - Object: 'Object Repository/CreditoUruguayo/Flujo 1/input_TyC' is clicked on

2021-11-15 12:05:18 - [TEST_STEP][PASSED] - enhancedClick(findTestObject("CreditoUruguayo/Flujo 1/button_Continuar-1")): Object: 'Object Repository/CreditoUruguayo/Flujo 1/button_Continuar-1' is clicked on

2021-11-15 12:05:18 - [MESSAGE][PASSED] - Object: 'Object Repository/CreditoUruguayo/Flujo 1/button_Continuar-1' is clicked on

2021-11-15 12:05:18 - [TEST_STEP][PASSED] - waitForElementPresent(findTestObject("CreditoUruguayo/Flujo 2/input_Nombre"), 0): Object 'Object Repository/CreditoUruguayo/Flujo 2/input_Nombre' is present

2021-11-15 12:05:18 - [MESSAGE][WARNING] - Timeout '0' is invalid. Using default page load timeout: '60'

2021-11-15 12:05:20 - [MESSAGE][PASSED] - Object 'Object Repository/CreditoUruguayo/Flujo 2/input_Nombre' is present

2021-11-15 12:05:20 - [TEST_STEP][PASSED] - setText(findTestObject("CreditoUruguayo/Flujo 2/input_Nombre"), findTestData("DatosUsuario").getValue(2, 7)): Text 'Nicolas' is set on object 'Object Repository/CreditoUruguayo/Flujo 2/input_Nombre'

2021-11-15 12:05:20 - [MESSAGE][PASSED] - Text 'Nicolas' is set on object 'Object Repository/CreditoUruguayo/Flujo 2/input_Nombre'

2021-11-15 12:05:20 - [TEST_STEP][PASSED] - setText(findTestObject("CreditoUruguayo/Flujo 2/input_Apellido"), findTestData("DatosUsuario").getValue(2, 8)): Text 'Aquino' is set on object 'Object Repository/CreditoUruguayo/Flujo 2/input_Apellido'

2021-11-15 12:05:21 - [MESSAGE][PASSED] - Text 'Aquino' is set on object 'Object Repository/CreditoUruguayo/Flujo 2/input_Apellido'

2021-11-15 12:05:21 - [TEST_STEP][PASSED] - selectOptionByValue(findTestObject("CreditoUruguayo/Flujo 2/select_Dia"), "15", false): All options with value '15' are selected in object 'Object Repository/CreditoUruguayo/Flujo 2/select_Dia' 

2021-11-15 12:05:22 - [MESSAGE][PASSED] - All options with value '15' are selected in object 'Object Repository/CreditoUruguayo/Flujo 2/select_Dia' 

2021-11-15 12:05:22 - [TEST_STEP][PASSED] - selectOptionByValue(findTestObject("CreditoUruguayo/Flujo 2/select_Mes"), "10", false): All options with value '10' are selected in object 'Object Repository/CreditoUruguayo/Flujo 2/select_Mes' 

2021-11-15 12:05:23 - [MESSAGE][PASSED] - All options with value '10' are selected in object 'Object Repository/CreditoUruguayo/Flujo 2/select_Mes' 

2021-11-15 12:05:23 - [TEST_STEP][PASSED] - selectOptionByValue(findTestObject("CreditoUruguayo/Flujo 2/select_Anio"), "1970", false): All options with value '1970' are selected in object 'Object Repository/CreditoUruguayo/Flujo 2/select_Anio' 

2021-11-15 12:05:23 - [MESSAGE][PASSED] - All options with value '1970' are selected in object 'Object Repository/CreditoUruguayo/Flujo 2/select_Anio' 

2021-11-15 12:05:23 - [TEST_STEP][PASSED] - delay(0.7): Delayed 0,7 second(s)

2021-11-15 12:05:24 - [MESSAGE][PASSED] - Delayed 0,7 second(s)

2021-11-15 12:05:24 - [TEST_STEP][PASSED] - setText(findTestObject("CreditoUruguayo/Flujo 2/input_Email"), findTestData("DatosUsuario").getValue(2, 6)): Text 'nicolas.aquino@paigo.com.uyy' is set on object 'Object Repository/CreditoUruguayo/Flujo 2/input_Email'

2021-11-15 12:05:25 - [MESSAGE][PASSED] - Text 'nicolas.aquino@paigo.com.uyy' is set on object 'Object Repository/CreditoUruguayo/Flujo 2/input_Email'

2021-11-15 12:05:25 - [TEST_STEP][PASSED] - delay(0.7): Delayed 0,7 second(s)

2021-11-15 12:05:26 - [MESSAGE][PASSED] - Delayed 0,7 second(s)

2021-11-15 12:05:26 - [TEST_STEP][PASSED] - sendKeys(findTestObject("CreditoUruguayo/Flujo 2/emailNoValidoFocus"), Keys.chord(BACK_SPACE)): Keys 'BACK_SPACE + ' sent to object: 'Object Repository/CreditoUruguayo/Flujo 2/emailNoValidoFocus'

2021-11-15 12:05:26 - [MESSAGE][PASSED] - Keys 'BACK_SPACE + ' sent to object: 'Object Repository/CreditoUruguayo/Flujo 2/emailNoValidoFocus'

2021-11-15 12:05:26 - [TEST_STEP][PASSED] - sendKeys(findTestObject("CreditoUruguayo/Flujo 2/input_Email"), Keys.chord(TAB, ARROW_DOWN, ENTER)): Keys 'TAB + DOWN + ENTER + ' sent to object: 'Object Repository/CreditoUruguayo/Flujo 2/input_Email'

2021-11-15 12:05:27 - [MESSAGE][PASSED] - Keys 'TAB + DOWN + ENTER + ' sent to object: 'Object Repository/CreditoUruguayo/Flujo 2/input_Email'

2021-11-15 12:05:27 - [TEST_STEP][PASSED] - sendKeys(findTestObject(null), Keys.chord(TAB, TAB, ARROW_DOWN, ENTER)): Keys 'TAB + TAB + DOWN + ENTER + ' sent to object: 'tempBody'

2021-11-15 12:05:27 - [MESSAGE][WARNING] - Test object id is null

2021-11-15 12:05:27 - [MESSAGE][WARNING] - Test object with id 'Object Repository/' does not exist

2021-11-15 12:05:28 - [MESSAGE][PASSED] - Keys 'TAB + TAB + DOWN + ENTER + ' sent to object: 'tempBody'

2021-11-15 12:05:28 - [TEST_STEP][PASSED] - setText(findTestObject("CreditoUruguayo/Flujo 2/input_Ingresos"), "12000"): Text '12000' is set on object 'Object Repository/CreditoUruguayo/Flujo 2/input_Ingresos'

2021-11-15 12:05:29 - [MESSAGE][PASSED] - Text '12000' is set on object 'Object Repository/CreditoUruguayo/Flujo 2/input_Ingresos'

2021-11-15 12:05:29 - [TEST_STEP][PASSED] - selectOptionByValue(findTestObject("CreditoUruguayo/Flujo 2/select_Genero"), "Male", false): All options with value 'Male' are selected in object 'Object Repository/CreditoUruguayo/Flujo 2/select_Genero' 

2021-11-15 12:05:30 - [MESSAGE][PASSED] - All options with value 'Male' are selected in object 'Object Repository/CreditoUruguayo/Flujo 2/select_Genero' 

2021-11-15 12:05:30 - [TEST_STEP][PASSED] - enhancedClick(findTestObject("CreditoUruguayo/Flujo 2/button_Continuar-2")): Object: 'Object Repository/CreditoUruguayo/Flujo 2/button_Continuar-2' is clicked on

2021-11-15 12:05:30 - [MESSAGE][PASSED] - Object: 'Object Repository/CreditoUruguayo/Flujo 2/button_Continuar-2' is clicked on

2021-11-15 12:05:30 - [TEST_STEP][PASSED] - if (verifyElementPresent(findTestObject("CreditoUruguayo/Flujo 3/div_SinOferta"), 0, OPTIONAL)): com.kms.katalon.core.webui.exception.WebElementNotFoundException: Web element with id: 'Object Repository/CreditoUruguayo/Flujo 3/div_SinOferta' located by '//div[(text() = 'Por ahora no tenemos oferta para ti' or . = 'Por ahora no tenemos oferta para ti')]' not found (Root cause: com.kms.katalon.core.exception.StepFailedException: com.kms.katalon.core.webui.exception.WebElementNotFoundException: Web element with id: 'Object Repository/CreditoUruguayo/Flujo 3/div_SinOferta' located by '//div[(text() = 'Por ahora no tenemos oferta para ti' or . = 'Por ahora no tenemos oferta para ti')]' not found
	at com.kms.katalon.core.webui.keyword.internal.WebUIKeywordMain.stepFailed(WebUIKeywordMain.groovy:64)
	at com.kms.katalon.core.webui.keyword.builtin.VerifyElementPresentKeyword$_verifyElementPresent_closure1.doCall(VerifyElementPresentKeyword.groovy:85)
	at com.kms.katalon.core.webui.keyword.builtin.VerifyElementPresentKeyword$_verifyElementPresent_closure1.call(VerifyElementPresentKeyword.groovy)
	at com.kms.katalon.core.webui.keyword.internal.WebUIKeywordMain.runKeyword(WebUIKeywordMain.groovy:20)
	at com.kms.katalon.core.webui.keyword.builtin.VerifyElementPresentKeyword.verifyElementPresent(VerifyElementPresentKeyword.groovy:92)
	at com.kms.katalon.core.webui.keyword.builtin.VerifyElementPresentKeyword.execute(VerifyElementPresentKeyword.groovy:68)
	at com.kms.katalon.core.keyword.internal.KeywordExecutor.executeKeywordForPlatform(KeywordExecutor.groovy:74)
	at com.kms.katalon.core.webui.keyword.WebUiBuiltInKeywords.verifyElementPresent(WebUiBuiltInKeywords.groovy:1448)
	at com.kms.katalon.core.webui.keyword.WebUiBuiltInKeywords$verifyElementPresent$12.call(Unknown Source)
	at CU - Flujo Web.run(CU - Flujo Web:102)
	at com.kms.katalon.core.main.ScriptEngine.run(ScriptEngine.java:194)
	at com.kms.katalon.core.main.ScriptEngine.runScriptAsRawText(ScriptEngine.java:119)
	at com.kms.katalon.core.main.TestCaseExecutor.runScript(TestCaseExecutor.java:430)
	at com.kms.katalon.core.main.TestCaseExecutor.doExecute(TestCaseExecutor.java:421)
	at com.kms.katalon.core.main.TestCaseExecutor.processExecutionPhase(TestCaseExecutor.java:400)
	at com.kms.katalon.core.main.TestCaseExecutor.accessMainPhase(TestCaseExecutor.java:392)
	at com.kms.katalon.core.main.TestCaseExecutor.execute(TestCaseExecutor.java:273)
	at com.kms.katalon.core.main.TestSuiteExecutor.accessTestCaseMainPhase(TestSuiteExecutor.java:202)
	at com.kms.katalon.core.main.TestSuiteExecutor.accessTestSuiteMainPhase(TestSuiteExecutor.java:164)
	at com.kms.katalon.core.main.TestSuiteExecutor.execute(TestSuiteExecutor.java:105)
	at com.kms.katalon.core.main.TestCaseMain.startTestSuite(TestCaseMain.java:185)
	at com.kms.katalon.core.main.TestCaseMain$startTestSuite$0.call(Unknown Source)
	at TempTestSuite1636988697630.run(TempTestSuite1636988697630.groovy:36)
)

2021-11-15 12:05:30 - [MESSAGE][WARNING] - Timeout '0' is invalid. Using default page load timeout: '60'

2021-11-15 12:06:31 - [MESSAGE][INFO] - Unable to find the element located by 'By.xpath: //div[(text() = 'Por ahora no tenemos oferta para ti' or . = 'Por ahora no tenemos oferta para ti')]'. Please recheck the objects properties to make sure the desired element is located. 

2021-11-15 12:06:31 - [MESSAGE][WARNING] - com.kms.katalon.core.webui.exception.WebElementNotFoundException: Web element with id: 'Object Repository/CreditoUruguayo/Flujo 3/div_SinOferta' located by '//div[(text() = 'Por ahora no tenemos oferta para ti' or . = 'Por ahora no tenemos oferta para ti')]' not found (Root cause: com.kms.katalon.core.exception.StepFailedException: com.kms.katalon.core.webui.exception.WebElementNotFoundException: Web element with id: 'Object Repository/CreditoUruguayo/Flujo 3/div_SinOferta' located by '//div[(text() = 'Por ahora no tenemos oferta para ti' or . = 'Por ahora no tenemos oferta para ti')]' not found
	at com.kms.katalon.core.webui.keyword.internal.WebUIKeywordMain.stepFailed(WebUIKeywordMain.groovy:64)
	at com.kms.katalon.core.webui.keyword.builtin.VerifyElementPresentKeyword$_verifyElementPresent_closure1.doCall(VerifyElementPresentKeyword.groovy:85)
	at com.kms.katalon.core.webui.keyword.builtin.VerifyElementPresentKeyword$_verifyElementPresent_closure1.call(VerifyElementPresentKeyword.groovy)
	at com.kms.katalon.core.webui.keyword.internal.WebUIKeywordMain.runKeyword(WebUIKeywordMain.groovy:20)
	at com.kms.katalon.core.webui.keyword.builtin.VerifyElementPresentKeyword.verifyElementPresent(VerifyElementPresentKeyword.groovy:92)
	at com.kms.katalon.core.webui.keyword.builtin.VerifyElementPresentKeyword.execute(VerifyElementPresentKeyword.groovy:68)
	at com.kms.katalon.core.keyword.internal.KeywordExecutor.executeKeywordForPlatform(KeywordExecutor.groovy:74)
	at com.kms.katalon.core.webui.keyword.WebUiBuiltInKeywords.verifyElementPresent(WebUiBuiltInKeywords.groovy:1448)
	at com.kms.katalon.core.webui.keyword.WebUiBuiltInKeywords$verifyElementPresent$12.call(Unknown Source)
	at CU - Flujo Web.run(CU - Flujo Web:102)
	at com.kms.katalon.core.main.ScriptEngine.run(ScriptEngine.java:194)
	at com.kms.katalon.core.main.ScriptEngine.runScriptAsRawText(ScriptEngine.java:119)
	at com.kms.katalon.core.main.TestCaseExecutor.runScript(TestCaseExecutor.java:430)
	at com.kms.katalon.core.main.TestCaseExecutor.doExecute(TestCaseExecutor.java:421)
	at com.kms.katalon.core.main.TestCaseExecutor.processExecutionPhase(TestCaseExecutor.java:400)
	at com.kms.katalon.core.main.TestCaseExecutor.accessMainPhase(TestCaseExecutor.java:392)
	at com.kms.katalon.core.main.TestCaseExecutor.execute(TestCaseExecutor.java:273)
	at com.kms.katalon.core.main.TestSuiteExecutor.accessTestCaseMainPhase(TestSuiteExecutor.java:202)
	at com.kms.katalon.core.main.TestSuiteExecutor.accessTestSuiteMainPhase(TestSuiteExecutor.java:164)
	at com.kms.katalon.core.main.TestSuiteExecutor.execute(TestSuiteExecutor.java:105)
	at com.kms.katalon.core.main.TestCaseMain.startTestSuite(TestCaseMain.java:185)
	at com.kms.katalon.core.main.TestCaseMain$startTestSuite$0.call(Unknown Source)
	at TempTestSuite1636988697630.run(TempTestSuite1636988697630.groovy:36)
)
[[ATTACHMENT|C:\\Users\\nicolas.aquino\\Katalon Studio\\Paigo\\Reports\\20211115_120457\\Primera Venta\\Credito Uruguayo\\20211115_120457\\1636988791836.png]]

2021-11-15 12:06:31 - [TEST_STEP][PASSED] - waitForElementPresent(findTestObject("CreditoUruguayo/Flujo 3/select_FechaVencimiento"), 0): Object 'Object Repository/CreditoUruguayo/Flujo 3/select_FechaVencimiento' is present

2021-11-15 12:06:32 - [MESSAGE][WARNING] - Timeout '0' is invalid. Using default page load timeout: '60'

2021-11-15 12:06:32 - [MESSAGE][PASSED] - Object 'Object Repository/CreditoUruguayo/Flujo 3/select_FechaVencimiento' is present

2021-11-15 12:06:32 - [TEST_STEP][PASSED] - enhancedClick(findTestObject("CreditoUruguayo/Flujo 3/select_FechaVencimiento")): Object: 'Object Repository/CreditoUruguayo/Flujo 3/select_FechaVencimiento' is clicked on

2021-11-15 12:06:32 - [MESSAGE][PASSED] - Object: 'Object Repository/CreditoUruguayo/Flujo 3/select_FechaVencimiento' is clicked on

2021-11-15 12:06:32 - [TEST_STEP][PASSED] - sendKeys(findTestObject("CreditoUruguayo/Flujo 3/select_FechaVencimiento"), Keys.chord(ARROW_DOWN, ENTER)): Keys 'DOWN + ENTER + ' sent to object: 'Object Repository/CreditoUruguayo/Flujo 3/select_FechaVencimiento'

2021-11-15 12:06:33 - [MESSAGE][PASSED] - Keys 'DOWN + ENTER + ' sent to object: 'Object Repository/CreditoUruguayo/Flujo 3/select_FechaVencimiento'

2021-11-15 12:06:33 - [TEST_STEP][PASSED] - waitForElementPresent(findTestObject("CreditoUruguayo/Flujo 3/select_Cuotas"), 0): Object 'Object Repository/CreditoUruguayo/Flujo 3/select_Cuotas' is present

2021-11-15 12:06:33 - [MESSAGE][WARNING] - Timeout '0' is invalid. Using default page load timeout: '60'

2021-11-15 12:06:35 - [MESSAGE][PASSED] - Object 'Object Repository/CreditoUruguayo/Flujo 3/select_Cuotas' is present

2021-11-15 12:06:35 - [TEST_STEP][PASSED] - enhancedClick(findTestObject("CreditoUruguayo/Flujo 3/select_Cuotas")): Object: 'Object Repository/CreditoUruguayo/Flujo 3/select_Cuotas' is clicked on

2021-11-15 12:06:35 - [MESSAGE][PASSED] - Object: 'Object Repository/CreditoUruguayo/Flujo 3/select_Cuotas' is clicked on

2021-11-15 12:06:35 - [TEST_STEP][PASSED] - sendKeys(findTestObject("CreditoUruguayo/Flujo 3/select_Cuotas"), Keys.chord(ARROW_DOWN, ENTER)): Keys 'DOWN + ENTER + ' sent to object: 'Object Repository/CreditoUruguayo/Flujo 3/select_Cuotas'

2021-11-15 12:06:36 - [MESSAGE][PASSED] - Keys 'DOWN + ENTER + ' sent to object: 'Object Repository/CreditoUruguayo/Flujo 3/select_Cuotas'

2021-11-15 12:06:36 - [TEST_STEP][PASSED] - setText(findTestObject("CreditoUruguayo/Flujo 3/input_CuentaBancaria"), findTestData("DatosUsuario").getValue(2, 10)): Text '1234567' is set on object 'Object Repository/CreditoUruguayo/Flujo 3/input_CuentaBancaria'

2021-11-15 12:06:36 - [MESSAGE][PASSED] - Text '1234567' is set on object 'Object Repository/CreditoUruguayo/Flujo 3/input_CuentaBancaria'

2021-11-15 12:06:36 - [TEST_STEP][PASSED] - enhancedClick(findTestObject("CreditoUruguayo/Flujo 3/button_Continuar-3")): Object: 'Object Repository/CreditoUruguayo/Flujo 3/button_Continuar-3' is clicked on

2021-11-15 12:06:37 - [MESSAGE][PASSED] - Object: 'Object Repository/CreditoUruguayo/Flujo 3/button_Continuar-3' is clicked on

2021-11-15 12:06:37 - [TEST_STEP][PASSED] - waitForElementPresent(findTestObject("CreditoUruguayo/Flujo 4/a_ConfirmarCredito"), 0): Object 'Object Repository/CreditoUruguayo/Flujo 4/a_ConfirmarCredito' is present

2021-11-15 12:06:37 - [MESSAGE][WARNING] - Timeout '0' is invalid. Using default page load timeout: '60'

2021-11-15 12:06:38 - [MESSAGE][PASSED] - Object 'Object Repository/CreditoUruguayo/Flujo 4/a_ConfirmarCredito' is present

2021-11-15 12:06:38 - [TEST_STEP][PASSED] - enhancedClick(findTestObject("CreditoUruguayo/Flujo 4/a_ConfirmarCredito")): Object: 'Object Repository/CreditoUruguayo/Flujo 4/a_ConfirmarCredito' is clicked on

2021-11-15 12:06:38 - [MESSAGE][PASSED] - Object: 'Object Repository/CreditoUruguayo/Flujo 4/a_ConfirmarCredito' is clicked on

2021-11-15 12:06:38 - [TEST_STEP][PASSED] - waitForElementPresent(findTestObject("CreditoUruguayo/Flujo 5/input_Direccion"), 0): Object 'Object Repository/CreditoUruguayo/Flujo 5/input_Direccion' is present

2021-11-15 12:06:38 - [MESSAGE][WARNING] - Timeout '0' is invalid. Using default page load timeout: '60'

2021-11-15 12:06:40 - [MESSAGE][PASSED] - Object 'Object Repository/CreditoUruguayo/Flujo 5/input_Direccion' is present

2021-11-15 12:06:40 - [TEST_STEP][PASSED] - setText(findTestObject("CreditoUruguayo/Flujo 5/input_Direccion"), findTestData("DatosUsuario").getValue(2, 9)): Text 'Calle falsa 123' is set on object 'Object Repository/CreditoUruguayo/Flujo 5/input_Direccion'

2021-11-15 12:06:41 - [MESSAGE][PASSED] - Text 'Calle falsa 123' is set on object 'Object Repository/CreditoUruguayo/Flujo 5/input_Direccion'

2021-11-15 12:06:41 - [TEST_STEP][PASSED] - enhancedClick(findTestObject("CreditoUruguayo/Flujo 5/button_CrearContrasena")): Object: 'Object Repository/CreditoUruguayo/Flujo 5/button_CrearContrasena' is clicked on

2021-11-15 12:06:41 - [MESSAGE][PASSED] - Object: 'Object Repository/CreditoUruguayo/Flujo 5/button_CrearContrasena' is clicked on

2021-11-15 12:06:41 - [TEST_STEP][PASSED] - setText(findTestObject("CreditoUruguayo/Flujo 5/input_Contrasena"), findTestData("DatosUsuario").getValue(2, 11)): Text 'paigo123' is set on object 'Object Repository/CreditoUruguayo/Flujo 5/input_Contrasena'

2021-11-15 12:06:42 - [MESSAGE][PASSED] - Text 'paigo123' is set on object 'Object Repository/CreditoUruguayo/Flujo 5/input_Contrasena'

2021-11-15 12:06:42 - [TEST_STEP][PASSED] - setText(findTestObject("CreditoUruguayo/Flujo 5/input_ConfirmarContrasena"), findTestData("DatosUsuario").getValue(2, 11)): Text 'paigo123' is set on object 'Object Repository/CreditoUruguayo/Flujo 5/input_ConfirmarContrasena'

2021-11-15 12:06:43 - [MESSAGE][PASSED] - Text 'paigo123' is set on object 'Object Repository/CreditoUruguayo/Flujo 5/input_ConfirmarContrasena'

2021-11-15 12:06:43 - [TEST_STEP][PASSED] - enhancedClick(findTestObject("CreditoUruguayo/Flujo 5/input_TyC-2")): Object: 'Object Repository/CreditoUruguayo/Flujo 5/input_TyC-2' is clicked on

2021-11-15 12:06:43 - [MESSAGE][PASSED] - Object: 'Object Repository/CreditoUruguayo/Flujo 5/input_TyC-2' is clicked on

2021-11-15 12:06:43 - [TEST_STEP][PASSED] - enhancedClick(findTestObject("CreditoUruguayo/Flujo 5/button_Continuar-4")): Object: 'Object Repository/CreditoUruguayo/Flujo 5/button_Continuar-4' is clicked on

2021-11-15 12:06:44 - [MESSAGE][PASSED] - Object: 'Object Repository/CreditoUruguayo/Flujo 5/button_Continuar-4' is clicked on

2021-11-15 12:06:44 - [TEST_STEP][PASSED] - waitForElementPresent(findTestObject("CreditoUruguayo/Flujo 6/button_QuieroQueMeLlamen"), 0): Object 'Object Repository/CreditoUruguayo/Flujo 6/button_QuieroQueMeLlamen' is present

2021-11-15 12:06:44 - [MESSAGE][WARNING] - Timeout '0' is invalid. Using default page load timeout: '60'

2021-11-15 12:06:48 - [MESSAGE][PASSED] - Object 'Object Repository/CreditoUruguayo/Flujo 6/button_QuieroQueMeLlamen' is present

2021-11-15 12:06:48 - [TEST_STEP][PASSED] - takeFullPageScreenshot(C:\Users\nicolas.aquino\Desktop\Trabajo\Screenshots Katalon\$GlobalVariable.cedulaRandom\2_FlujoCreditoUruguayo.jpg): Taking screenshot successfully

2021-11-15 12:06:49 - [MESSAGE][INFO] - 0 hidden object(s)

2021-11-15 12:06:49 - [MESSAGE][PASSED] - Taking screenshot successfully
[[ATTACHMENT|C:\Users\nicolas.aquino\Desktop\Trabajo\Screenshots Katalon\28607963\2_FlujoCreditoUruguayo.jpg]]

2021-11-15 12:06:49 - [TEST_STEP][PASSED] - enhancedClick(findTestObject("CreditoUruguayo/Flujo 6/button_QuieroQueMeLlamen")): Object: 'Object Repository/CreditoUruguayo/Flujo 6/button_QuieroQueMeLlamen' is clicked on

2021-11-15 12:06:50 - [MESSAGE][PASSED] - Object: 'Object Repository/CreditoUruguayo/Flujo 6/button_QuieroQueMeLlamen' is clicked on

2021-11-15 12:06:50 - [TEST_STEP][PASSED] - waitForElementPresent(findTestObject("CreditoUruguayo/Flujo 7/a_Finalizar"), 0): Object 'Object Repository/CreditoUruguayo/Flujo 7/a_Finalizar' is present

2021-11-15 12:06:50 - [MESSAGE][WARNING] - Timeout '0' is invalid. Using default page load timeout: '60'

2021-11-15 12:06:51 - [MESSAGE][PASSED] - Object 'Object Repository/CreditoUruguayo/Flujo 7/a_Finalizar' is present

2021-11-15 12:06:51 - [TEST_STEP][PASSED] - enhancedClick(findTestObject("CreditoUruguayo/Flujo 7/a_Finalizar")): Object: 'Object Repository/CreditoUruguayo/Flujo 7/a_Finalizar' is clicked on

2021-11-15 12:06:52 - [MESSAGE][PASSED] - Object: 'Object Repository/CreditoUruguayo/Flujo 7/a_Finalizar' is clicked on]]></system-out>
         <system-err><![CDATA[]]></system-err>
      </testcase>
      <testcase name="Test Cases/Admin/Logueo" time="5.393" classname="Test Cases/Admin/Logueo" status="PASSED">
         <system-out><![CDATA[2021-11-15 12:06:52 - [TEST_CASE][PASSED] - Test Cases/Admin/Logueo: Test Cases/Admin/Logueo

2021-11-15 12:06:52 - [TEST_STEP][PASSED] - currentPage = getUrl(): Current window's url is: 'https://stage-www.creditouruguayo.com.uy/'

2021-11-15 12:06:52 - [MESSAGE][PASSED] - Current window's url is: 'https://stage-www.creditouruguayo.com.uy/'

2021-11-15 12:06:52 - [TEST_STEP][PASSED] - currentTab = getWindowIndex(): Current window's index is: 1

2021-11-15 12:06:52 - [MESSAGE][PASSED] - Current window's index is: 1

2021-11-15 12:06:52 - [TEST_STEP][PASSED] - driver = getWebDriver(): null

2021-11-15 12:06:52 - [TEST_STEP][PASSED] - js = driver: null

2021-11-15 12:06:52 - [TEST_STEP][PASSED] - js.executeScript("window.open();"): null

2021-11-15 12:06:52 - [TEST_STEP][PASSED] - switchToWindowIndex(currentTab + 1): Switched to window with index: '2'

2021-11-15 12:06:52 - [MESSAGE][PASSED] - Switched to window with index: '2'

2021-11-15 12:06:52 - [TEST_STEP][PASSED] - navigateToUrl(Admin): Navigate to 'https://stage-admin-int.paigo.uy/login' successfully

2021-11-15 12:06:55 - [MESSAGE][PASSED] - Navigate to 'https://stage-admin-int.paigo.uy/login' successfully

2021-11-15 12:06:55 - [TEST_STEP][PASSED] - maximizeWindow(): Current window maximized

2021-11-15 12:06:55 - [MESSAGE][PASSED] - Current window maximized

2021-11-15 12:06:55 - [TEST_STEP][PASSED] - setText(findTestObject("Admin/Logueo/input_Usuario"), findTestData("DatosUsuario").getValue(2, 1)): Text 'gabriel.gayol@paigo.com.uy' is set on object 'Object Repository/Admin/Logueo/input_Usuario'

2021-11-15 12:06:56 - [MESSAGE][PASSED] - Text 'gabriel.gayol@paigo.com.uy' is set on object 'Object Repository/Admin/Logueo/input_Usuario'

2021-11-15 12:06:56 - [TEST_STEP][PASSED] - setText(findTestObject("Admin/Logueo/input_Contrasena"), findTestData("DatosUsuario").getValue(2, 2)): Text '12345678' is set on object 'Object Repository/Admin/Logueo/input_Contrasena'

2021-11-15 12:06:57 - [MESSAGE][PASSED] - Text '12345678' is set on object 'Object Repository/Admin/Logueo/input_Contrasena'

2021-11-15 12:06:57 - [TEST_STEP][PASSED] - enhancedClick(findTestObject("Admin/Logueo/button_Ingresar")): Object: 'Object Repository/Admin/Logueo/button_Ingresar' is clicked on

2021-11-15 12:06:57 - [MESSAGE][PASSED] - Object: 'Object Repository/Admin/Logueo/button_Ingresar' is clicked on]]></system-out>
         <system-err><![CDATA[]]></system-err>
      </testcase>
      <testcase name="Test Cases/Admin/SPI/Credito Uruguayo" time="9.083" classname="Test Cases/Admin/SPI/Credito Uruguayo" status="PASSED">
         <system-out><![CDATA[2021-11-15 12:06:57 - [TEST_CASE][PASSED] - Test Cases/Admin/SPI/Credito Uruguayo: Test Cases/Admin/SPI/Credito Uruguayo

2021-11-15 12:06:57 - [TEST_STEP][PASSED] - waitForElementPresent(findTestObject("Admin/Alta de cuenta - SPI/p_CuentasBancarias"), 0): Object 'Object Repository/Admin/Alta de cuenta - SPI/p_CuentasBancarias' is present

2021-11-15 12:06:57 - [MESSAGE][WARNING] - Timeout '0' is invalid. Using default page load timeout: '60'

2021-11-15 12:06:59 - [MESSAGE][PASSED] - Object 'Object Repository/Admin/Alta de cuenta - SPI/p_CuentasBancarias' is present

2021-11-15 12:06:59 - [TEST_STEP][PASSED] - enhancedClick(findTestObject("Admin/Alta de cuenta - SPI/p_CuentasBancarias")): Object: 'Object Repository/Admin/Alta de cuenta - SPI/p_CuentasBancarias' is clicked on

2021-11-15 12:06:59 - [MESSAGE][PASSED] - Object: 'Object Repository/Admin/Alta de cuenta - SPI/p_CuentasBancarias' is clicked on

2021-11-15 12:06:59 - [TEST_STEP][PASSED] - setText(findTestObject("Admin/Alta de cuenta - SPI/input_Cedula"), cedulaRandom): Text '28607963' is set on object 'Object Repository/Admin/Alta de cuenta - SPI/input_Cedula'

2021-11-15 12:07:00 - [MESSAGE][PASSED] - Text '28607963' is set on object 'Object Repository/Admin/Alta de cuenta - SPI/input_Cedula'

2021-11-15 12:07:00 - [TEST_STEP][PASSED] - selectOptionByLabel(findTestObject("Admin/Alta de cuenta - SPI/select_Marca"), Marca_CU, false): All options with label 'CreditoUruguayo' are selected in object 'Object Repository/Admin/Alta de cuenta - SPI/select_Marca' 

2021-11-15 12:07:01 - [MESSAGE][PASSED] - All options with label 'CreditoUruguayo' are selected in object 'Object Repository/Admin/Alta de cuenta - SPI/select_Marca' 

2021-11-15 12:07:01 - [TEST_STEP][PASSED] - enhancedClick(findTestObject("Admin/Alta de cuenta - SPI/button_Obtener")): Object: 'Object Repository/Admin/Alta de cuenta - SPI/button_Obtener' is clicked on

2021-11-15 12:07:01 - [MESSAGE][PASSED] - Object: 'Object Repository/Admin/Alta de cuenta - SPI/button_Obtener' is clicked on

2021-11-15 12:07:01 - [TEST_STEP][PASSED] - waitForElementPresent(findTestObject("Admin/Edicion de cuenta - SPI/i_EditarCuenta"), 0): Object 'Object Repository/Admin/Edicion de cuenta - SPI/i_EditarCuenta' is present

2021-11-15 12:07:01 - [MESSAGE][WARNING] - Timeout '0' is invalid. Using default page load timeout: '60'

2021-11-15 12:07:03 - [MESSAGE][PASSED] - Object 'Object Repository/Admin/Edicion de cuenta - SPI/i_EditarCuenta' is present

2021-11-15 12:07:03 - [TEST_STEP][PASSED] - enhancedClick(findTestObject("Admin/Edicion de cuenta - SPI/i_EditarCuenta")): Object: 'Object Repository/Admin/Edicion de cuenta - SPI/i_EditarCuenta' is clicked on

2021-11-15 12:07:03 - [MESSAGE][PASSED] - Object: 'Object Repository/Admin/Edicion de cuenta - SPI/i_EditarCuenta' is clicked on

2021-11-15 12:07:03 - [TEST_STEP][PASSED] - setText(findTestObject("Admin/Edicion de cuenta - SPI/input_Cuenta"), findTestData("DatosUsuario").getValue(2, 10)): Text '1234567' is set on object 'Object Repository/Admin/Edicion de cuenta - SPI/input_Cuenta'

2021-11-15 12:07:04 - [MESSAGE][PASSED] - Text '1234567' is set on object 'Object Repository/Admin/Edicion de cuenta - SPI/input_Cuenta'

2021-11-15 12:07:04 - [TEST_STEP][PASSED] - sendKeys(findTestObject("Admin/Alta de cuenta - SPI/select_TipoCuenta"), Keys.chord(TAB, TAB, SPACE)): Keys 'TAB + TAB + SPACE + ' sent to object: 'Object Repository/Admin/Alta de cuenta - SPI/select_TipoCuenta'

2021-11-15 12:07:04 - [MESSAGE][PASSED] - Keys 'TAB + TAB + SPACE + ' sent to object: 'Object Repository/Admin/Alta de cuenta - SPI/select_TipoCuenta'

2021-11-15 12:07:04 - [TEST_STEP][PASSED] - enhancedClick(findTestObject("Admin/Edicion de cuenta - SPI/button_Guardar")): Object: 'Object Repository/Admin/Edicion de cuenta - SPI/button_Guardar' is clicked on

2021-11-15 12:07:06 - [MESSAGE][PASSED] - Object: 'Object Repository/Admin/Edicion de cuenta - SPI/button_Guardar' is clicked on]]></system-out>
         <system-err><![CDATA[]]></system-err>
      </testcase>
      <testcase name="Test Cases/Admin/Credito Uruguayo/Verificación" time="18.041" classname="Test Cases/Admin/Credito Uruguayo/Verificación" status="FAILED">
         <failure type="FAILED" message="Test Cases/Admin/Credito Uruguayo/Verificación FAILED.
Reason:
com.kms.katalon.core.exception.StepFailedException: Unable to check object 'Object Repository/Admin/Verificacion/input_ConfirmarImagen_1'
	at com.kms.katalon.core.webui.keyword.internal.WebUIKeywordMain.stepFailed(WebUIKeywordMain.groovy:64)
	at com.kms.katalon.core.webui.keyword.internal.WebUIKeywordMain.runKeyword(WebUIKeywordMain.groovy:26)
	at com.kms.katalon.core.webui.keyword.builtin.CheckKeyword.check(CheckKeyword.groovy:88)
	at com.kms.katalon.core.webui.keyword.builtin.CheckKeyword.execute(CheckKeyword.groovy:67)
	at com.kms.katalon.core.keyword.internal.KeywordExecutor.executeKeywordForPlatform(KeywordExecutor.groovy:74)
	at com.kms.katalon.core.webui.keyword.WebUiBuiltInKeywords.check(WebUiBuiltInKeywords.groovy:1069)
	at com.kms.katalon.core.webui.keyword.WebUiBuiltInKeywords$check$17.call(Unknown Source)
	at Verificación.run(Verificación:57)
	at com.kms.katalon.core.main.ScriptEngine.run(ScriptEngine.java:194)
	at com.kms.katalon.core.main.ScriptEngine.runScriptAsRawText(ScriptEngine.java:119)
	at com.kms.katalon.core.main.TestCaseExecutor.runScript(TestCaseExecutor.java:430)
	at com.kms.katalon.core.main.TestCaseExecutor.doExecute(TestCaseExecutor.java:421)
	at com.kms.katalon.core.main.TestCaseExecutor.processExecutionPhase(TestCaseExecutor.java:400)
	at com.kms.katalon.core.main.TestCaseExecutor.accessMainPhase(TestCaseExecutor.java:392)
	at com.kms.katalon.core.main.TestCaseExecutor.execute(TestCaseExecutor.java:273)
	at com.kms.katalon.core.main.TestSuiteExecutor.accessTestCaseMainPhase(TestSuiteExecutor.java:202)
	at com.kms.katalon.core.main.TestSuiteExecutor.accessTestSuiteMainPhase(TestSuiteExecutor.java:164)
	at com.kms.katalon.core.main.TestSuiteExecutor.execute(TestSuiteExecutor.java:105)
	at com.kms.katalon.core.main.TestCaseMain.startTestSuite(TestCaseMain.java:185)
	at com.kms.katalon.core.main.TestCaseMain$startTestSuite$0.call(Unknown Source)
	at TempTestSuite1636988697630.run(TempTestSuite1636988697630.groovy:36)
Caused by: org.openqa.selenium.ElementNotInteractableException: element not interactable
  (Session info: chrome=95.0.4638.69)
Build info: version: '3.141.59', revision: 'e82be7d358', time: '2018-11-14T08:25:53'
System info: host: 'NB-IT11', ip: '192.168.1.7', os.name: 'Windows 10', os.arch: 'amd64', os.version: '10.0', java.version: '1.8.0_282'
Driver info: com.kms.katalon.selenium.driver.CChromeDriver
Capabilities {acceptInsecureCerts: false, browserName: chrome, browserVersion: 95.0.4638.69, chrome: {chromedriverVersion: 94.0.4606.61 (418b78f5838ed..., userDataDir: C:\Users\NICOLA~1.AQU\AppDa...}, goog:chromeOptions: {debuggerAddress: localhost:50777}, javascriptEnabled: true, networkConnectionEnabled: false, pageLoadStrategy: normal, platform: WINDOWS, platformName: WINDOWS, proxy: Proxy(), setWindowRect: true, strictFileInteractability: false, timeouts: {implicit: 0, pageLoad: 300000, script: 30000}, unhandledPromptBehavior: dismiss and notify, webauthn:extension:credBlob: true, webauthn:extension:largeBlob: true, webauthn:virtualAuthenticators: true}
Session ID: 40c1fcd647a6be53cf19e57c2eaf0a58
	at org.openqa.selenium.remote.http.W3CHttpResponseCodec.createException(W3CHttpResponseCodec.java:187)
	at org.openqa.selenium.remote.http.W3CHttpResponseCodec.decode(W3CHttpResponseCodec.java:122)
	at org.openqa.selenium.remote.http.W3CHttpResponseCodec.decode(W3CHttpResponseCodec.java:49)
	at org.openqa.selenium.remote.HttpCommandExecutor.execute(HttpCommandExecutor.java:158)
	at org.openqa.selenium.remote.service.DriverCommandExecutor.execute(DriverCommandExecutor.java:83)
	at org.openqa.selenium.remote.RemoteWebDriver.execute(RemoteWebDriver.java:552)
	at com.kms.katalon.selenium.driver.CChromeDriver.execute(CChromeDriver.java:19)
	at org.openqa.selenium.remote.RemoteWebElement.execute(RemoteWebElement.java:285)
	at org.openqa.selenium.remote.RemoteWebElement.click(RemoteWebElement.java:84)
	at org.openqa.selenium.support.events.EventFiringWebDriver$EventFiringWebElement.lambda$new$0(EventFiringWebDriver.java:404)
	at com.sun.proxy.$Proxy11.click(Unknown Source)
	at org.openqa.selenium.support.events.EventFiringWebDriver$EventFiringWebElement.click(EventFiringWebDriver.java:417)
	at com.kms.katalon.core.webui.keyword.builtin.CheckKeyword$_check_closure1.doCall(CheckKeyword.groovy:80)
	at com.kms.katalon.core.webui.keyword.builtin.CheckKeyword$_check_closure1.call(CheckKeyword.groovy)
	at com.kms.katalon.core.webui.keyword.internal.WebUIKeywordMain.runKeyword(WebUIKeywordMain.groovy:20)
	... 19 more
"/>
         <system-out><![CDATA[2021-11-15 12:07:06 - [TEST_CASE][FAILED] - Test Cases/Admin/Credito Uruguayo/Verificación: Test Cases/Admin/Credito Uruguayo/Verificación FAILED.
Reason:
com.kms.katalon.core.exception.StepFailedException: Unable to check object 'Object Repository/Admin/Verificacion/input_ConfirmarImagen_1'
	at com.kms.katalon.core.webui.keyword.internal.WebUIKeywordMain.stepFailed(WebUIKeywordMain.groovy:64)
	at com.kms.katalon.core.webui.keyword.internal.WebUIKeywordMain.runKeyword(WebUIKeywordMain.groovy:26)
	at com.kms.katalon.core.webui.keyword.builtin.CheckKeyword.check(CheckKeyword.groovy:88)
	at com.kms.katalon.core.webui.keyword.builtin.CheckKeyword.execute(CheckKeyword.groovy:67)
	at com.kms.katalon.core.keyword.internal.KeywordExecutor.executeKeywordForPlatform(KeywordExecutor.groovy:74)
	at com.kms.katalon.core.webui.keyword.WebUiBuiltInKeywords.check(WebUiBuiltInKeywords.groovy:1069)
	at com.kms.katalon.core.webui.keyword.WebUiBuiltInKeywords$check$17.call(Unknown Source)
	at Verificación.run(Verificación:57)
	at com.kms.katalon.core.main.ScriptEngine.run(ScriptEngine.java:194)
	at com.kms.katalon.core.main.ScriptEngine.runScriptAsRawText(ScriptEngine.java:119)
	at com.kms.katalon.core.main.TestCaseExecutor.runScript(TestCaseExecutor.java:430)
	at com.kms.katalon.core.main.TestCaseExecutor.doExecute(TestCaseExecutor.java:421)
	at com.kms.katalon.core.main.TestCaseExecutor.processExecutionPhase(TestCaseExecutor.java:400)
	at com.kms.katalon.core.main.TestCaseExecutor.accessMainPhase(TestCaseExecutor.java:392)
	at com.kms.katalon.core.main.TestCaseExecutor.execute(TestCaseExecutor.java:273)
	at com.kms.katalon.core.main.TestSuiteExecutor.accessTestCaseMainPhase(TestSuiteExecutor.java:202)
	at com.kms.katalon.core.main.TestSuiteExecutor.accessTestSuiteMainPhase(TestSuiteExecutor.java:164)
	at com.kms.katalon.core.main.TestSuiteExecutor.execute(TestSuiteExecutor.java:105)
	at com.kms.katalon.core.main.TestCaseMain.startTestSuite(TestCaseMain.java:185)
	at com.kms.katalon.core.main.TestCaseMain$startTestSuite$0.call(Unknown Source)
	at TempTestSuite1636988697630.run(TempTestSuite1636988697630.groovy:36)
Caused by: org.openqa.selenium.ElementNotInteractableException: element not interactable
  (Session info: chrome=95.0.4638.69)
Build info: version: '3.141.59', revision: 'e82be7d358', time: '2018-11-14T08:25:53'
System info: host: 'NB-IT11', ip: '192.168.1.7', os.name: 'Windows 10', os.arch: 'amd64', os.version: '10.0', java.version: '1.8.0_282'
Driver info: com.kms.katalon.selenium.driver.CChromeDriver
Capabilities {acceptInsecureCerts: false, browserName: chrome, browserVersion: 95.0.4638.69, chrome: {chromedriverVersion: 94.0.4606.61 (418b78f5838ed..., userDataDir: C:\Users\NICOLA~1.AQU\AppDa...}, goog:chromeOptions: {debuggerAddress: localhost:50777}, javascriptEnabled: true, networkConnectionEnabled: false, pageLoadStrategy: normal, platform: WINDOWS, platformName: WINDOWS, proxy: Proxy(), setWindowRect: true, strictFileInteractability: false, timeouts: {implicit: 0, pageLoad: 300000, script: 30000}, unhandledPromptBehavior: dismiss and notify, webauthn:extension:credBlob: true, webauthn:extension:largeBlob: true, webauthn:virtualAuthenticators: true}
Session ID: 40c1fcd647a6be53cf19e57c2eaf0a58
	at org.openqa.selenium.remote.http.W3CHttpResponseCodec.createException(W3CHttpResponseCodec.java:187)
	at org.openqa.selenium.remote.http.W3CHttpResponseCodec.decode(W3CHttpResponseCodec.java:122)
	at org.openqa.selenium.remote.http.W3CHttpResponseCodec.decode(W3CHttpResponseCodec.java:49)
	at org.openqa.selenium.remote.HttpCommandExecutor.execute(HttpCommandExecutor.java:158)
	at org.openqa.selenium.remote.service.DriverCommandExecutor.execute(DriverCommandExecutor.java:83)
	at org.openqa.selenium.remote.RemoteWebDriver.execute(RemoteWebDriver.java:552)
	at com.kms.katalon.selenium.driver.CChromeDriver.execute(CChromeDriver.java:19)
	at org.openqa.selenium.remote.RemoteWebElement.execute(RemoteWebElement.java:285)
	at org.openqa.selenium.remote.RemoteWebElement.click(RemoteWebElement.java:84)
	at org.openqa.selenium.support.events.EventFiringWebDriver$EventFiringWebElement.lambda$new$0(EventFiringWebDriver.java:404)
	at com.sun.proxy.$Proxy11.click(Unknown Source)
	at org.openqa.selenium.support.events.EventFiringWebDriver$EventFiringWebElement.click(EventFiringWebDriver.java:417)
	at com.kms.katalon.core.webui.keyword.builtin.CheckKeyword$_check_closure1.doCall(CheckKeyword.groovy:80)
	at com.kms.katalon.core.webui.keyword.builtin.CheckKeyword$_check_closure1.call(CheckKeyword.groovy)
	at com.kms.katalon.core.webui.keyword.internal.WebUIKeywordMain.runKeyword(WebUIKeywordMain.groovy:20)
	... 19 more


2021-11-15 12:07:07 - [TEST_STEP][PASSED] - waitForElementPresent(findTestObject("Admin/Verificacion/p_CreditosEnVerificacion"), 0): Object 'Object Repository/Admin/Verificacion/p_CreditosEnVerificacion' is present

2021-11-15 12:07:07 - [MESSAGE][WARNING] - Timeout '0' is invalid. Using default page load timeout: '60'

2021-11-15 12:07:07 - [MESSAGE][PASSED] - Object 'Object Repository/Admin/Verificacion/p_CreditosEnVerificacion' is present

2021-11-15 12:07:07 - [TEST_STEP][PASSED] - enhancedClick(findTestObject("Admin/Verificacion/p_CreditosEnVerificacion")): Object: 'Object Repository/Admin/Verificacion/p_CreditosEnVerificacion' is clicked on

2021-11-15 12:07:08 - [MESSAGE][PASSED] - Object: 'Object Repository/Admin/Verificacion/p_CreditosEnVerificacion' is clicked on

2021-11-15 12:07:08 - [TEST_STEP][PASSED] - waitForElementVisible(findTestObject("Admin/Verificacion/select_SeleccionarMarca"), 0): Object 'Object Repository/Admin/Verificacion/select_SeleccionarMarca' is visible

2021-11-15 12:07:08 - [MESSAGE][WARNING] - Timeout '0' is invalid. Using default page load timeout: '60'

2021-11-15 12:07:09 - [MESSAGE][PASSED] - Object 'Object Repository/Admin/Verificacion/select_SeleccionarMarca' is visible

2021-11-15 12:07:09 - [TEST_STEP][PASSED] - selectOptionByLabel(findTestObject("Admin/Verificacion/select_SeleccionarMarca"), Marca_CU, false): All options with label 'CreditoUruguayo' are selected in object 'Object Repository/Admin/Verificacion/select_SeleccionarMarca' 

2021-11-15 12:07:09 - [MESSAGE][PASSED] - All options with label 'CreditoUruguayo' are selected in object 'Object Repository/Admin/Verificacion/select_SeleccionarMarca' 

2021-11-15 12:07:09 - [TEST_STEP][PASSED] - enhancedClick(findTestObject("Admin/Verificacion/button_Obtener")): Object: 'Object Repository/Admin/Verificacion/button_Obtener' is clicked on

2021-11-15 12:07:10 - [MESSAGE][PASSED] - Object: 'Object Repository/Admin/Verificacion/button_Obtener' is clicked on

2021-11-15 12:07:10 - [TEST_STEP][PASSED] - waitForElementVisible(findTestObject("Admin/Verificacion/input_FiltrarCI"), 0): Object 'Object Repository/Admin/Verificacion/input_FiltrarCI' is visible

2021-11-15 12:07:10 - [MESSAGE][WARNING] - Timeout '0' is invalid. Using default page load timeout: '60'

2021-11-15 12:07:12 - [MESSAGE][PASSED] - Object 'Object Repository/Admin/Verificacion/input_FiltrarCI' is visible

2021-11-15 12:07:12 - [TEST_STEP][PASSED] - setText(findTestObject("Admin/Verificacion/input_FiltrarCI"), cedulaRandom): Text '28607963' is set on object 'Object Repository/Admin/Verificacion/input_FiltrarCI'

2021-11-15 12:07:13 - [MESSAGE][PASSED] - Text '28607963' is set on object 'Object Repository/Admin/Verificacion/input_FiltrarCI'

2021-11-15 12:07:13 - [TEST_STEP][PASSED] - enhancedClick(findTestObject("Admin/Verificacion/button_Retomar VI")): Object: 'Object Repository/Admin/Verificacion/button_Retomar VI' is clicked on

2021-11-15 12:07:14 - [MESSAGE][PASSED] - Object: 'Object Repository/Admin/Verificacion/button_Retomar VI' is clicked on

2021-11-15 12:07:14 - [TEST_STEP][PASSED] - waitForElementPresent(findTestObject("Admin/Verificacion/button_Subir_1"), 0): Object 'Object Repository/Admin/Verificacion/button_Subir_1' is present

2021-11-15 12:07:14 - [MESSAGE][WARNING] - Timeout '0' is invalid. Using default page load timeout: '60'

2021-11-15 12:07:21 - [MESSAGE][PASSED] - Object 'Object Repository/Admin/Verificacion/button_Subir_1' is present

2021-11-15 12:07:21 - [TEST_STEP][PASSED] - enhancedClick(findTestObject("Admin/Verificacion/button_Subir_1")): Object: 'Object Repository/Admin/Verificacion/button_Subir_1' is clicked on

2021-11-15 12:07:22 - [MESSAGE][PASSED] - Object: 'Object Repository/Admin/Verificacion/button_Subir_1' is clicked on

2021-11-15 12:07:22 - [TEST_STEP][PASSED] - uploadFile(findTestObject("Admin/Verificacion/input_File"), "C:\Users\nicolas.aquino\Desktop\Trabajo\TomMeme.jpg"): File 'C:\Users\nicolas.aquino\Desktop\Trabajo\TomMeme.jpg' sent to object: 'Object Repository/Admin/Verificacion/input_File'

2021-11-15 12:07:22 - [MESSAGE][PASSED] - File 'C:\Users\nicolas.aquino\Desktop\Trabajo\TomMeme.jpg' sent to object: 'Object Repository/Admin/Verificacion/input_File'

2021-11-15 12:07:22 - [TEST_STEP][PASSED] - waitForElementClickable(findTestObject("Admin/Verificacion/button_ConfirmarSubidaImagen_1"), 0): Object 'Object Repository/Admin/Verificacion/button_ConfirmarSubidaImagen_1' is clickable

2021-11-15 12:07:22 - [MESSAGE][WARNING] - Timeout '0' is invalid. Using default page load timeout: '60'

2021-11-15 12:07:23 - [MESSAGE][PASSED] - Object 'Object Repository/Admin/Verificacion/button_ConfirmarSubidaImagen_1' is clickable

2021-11-15 12:07:23 - [TEST_STEP][PASSED] - enhancedClick(findTestObject("Admin/Verificacion/button_ConfirmarSubidaImagen_1")): Object: 'Object Repository/Admin/Verificacion/button_ConfirmarSubidaImagen_1' is clicked on

2021-11-15 12:07:23 - [MESSAGE][PASSED] - Object: 'Object Repository/Admin/Verificacion/button_ConfirmarSubidaImagen_1' is clicked on

2021-11-15 12:07:23 - [TEST_STEP][FAILED] - check(findTestObject("Admin/Verificacion/input_ConfirmarImagen_1")): Unable to check object 'Object Repository/Admin/Verificacion/input_ConfirmarImagen_1' (Root cause: com.kms.katalon.core.exception.StepFailedException: Unable to check object 'Object Repository/Admin/Verificacion/input_ConfirmarImagen_1'
	at com.kms.katalon.core.webui.keyword.internal.WebUIKeywordMain.stepFailed(WebUIKeywordMain.groovy:64)
	at com.kms.katalon.core.webui.keyword.internal.WebUIKeywordMain.runKeyword(WebUIKeywordMain.groovy:26)
	at com.kms.katalon.core.webui.keyword.builtin.CheckKeyword.check(CheckKeyword.groovy:88)
	at com.kms.katalon.core.webui.keyword.builtin.CheckKeyword.execute(CheckKeyword.groovy:67)
	at com.kms.katalon.core.keyword.internal.KeywordExecutor.executeKeywordForPlatform(KeywordExecutor.groovy:74)
	at com.kms.katalon.core.webui.keyword.WebUiBuiltInKeywords.check(WebUiBuiltInKeywords.groovy:1069)
	at com.kms.katalon.core.webui.keyword.WebUiBuiltInKeywords$check$17.call(Unknown Source)
	at Verificación.run(Verificación:57)
	at com.kms.katalon.core.main.ScriptEngine.run(ScriptEngine.java:194)
	at com.kms.katalon.core.main.ScriptEngine.runScriptAsRawText(ScriptEngine.java:119)
	at com.kms.katalon.core.main.TestCaseExecutor.runScript(TestCaseExecutor.java:430)
	at com.kms.katalon.core.main.TestCaseExecutor.doExecute(TestCaseExecutor.java:421)
	at com.kms.katalon.core.main.TestCaseExecutor.processExecutionPhase(TestCaseExecutor.java:400)
	at com.kms.katalon.core.main.TestCaseExecutor.accessMainPhase(TestCaseExecutor.java:392)
	at com.kms.katalon.core.main.TestCaseExecutor.execute(TestCaseExecutor.java:273)
	at com.kms.katalon.core.main.TestSuiteExecutor.accessTestCaseMainPhase(TestSuiteExecutor.java:202)
	at com.kms.katalon.core.main.TestSuiteExecutor.accessTestSuiteMainPhase(TestSuiteExecutor.java:164)
	at com.kms.katalon.core.main.TestSuiteExecutor.execute(TestSuiteExecutor.java:105)
	at com.kms.katalon.core.main.TestCaseMain.startTestSuite(TestCaseMain.java:185)
	at com.kms.katalon.core.main.TestCaseMain$startTestSuite$0.call(Unknown Source)
	at TempTestSuite1636988697630.run(TempTestSuite1636988697630.groovy:36)
Caused by: org.openqa.selenium.ElementNotInteractableException: element not interactable
  (Session info: chrome=95.0.4638.69)
Build info: version: '3.141.59', revision: 'e82be7d358', time: '2018-11-14T08:25:53'
System info: host: 'NB-IT11', ip: '192.168.1.7', os.name: 'Windows 10', os.arch: 'amd64', os.version: '10.0', java.version: '1.8.0_282'
Driver info: com.kms.katalon.selenium.driver.CChromeDriver
Capabilities {acceptInsecureCerts: false, browserName: chrome, browserVersion: 95.0.4638.69, chrome: {chromedriverVersion: 94.0.4606.61 (418b78f5838ed..., userDataDir: C:\Users\NICOLA~1.AQU\AppDa...}, goog:chromeOptions: {debuggerAddress: localhost:50777}, javascriptEnabled: true, networkConnectionEnabled: false, pageLoadStrategy: normal, platform: WINDOWS, platformName: WINDOWS, proxy: Proxy(), setWindowRect: true, strictFileInteractability: false, timeouts: {implicit: 0, pageLoad: 300000, script: 30000}, unhandledPromptBehavior: dismiss and notify, webauthn:extension:credBlob: true, webauthn:extension:largeBlob: true, webauthn:virtualAuthenticators: true}
Session ID: 40c1fcd647a6be53cf19e57c2eaf0a58
	at org.openqa.selenium.remote.http.W3CHttpResponseCodec.createException(W3CHttpResponseCodec.java:187)
	at org.openqa.selenium.remote.http.W3CHttpResponseCodec.decode(W3CHttpResponseCodec.java:122)
	at org.openqa.selenium.remote.http.W3CHttpResponseCodec.decode(W3CHttpResponseCodec.java:49)
	at org.openqa.selenium.remote.HttpCommandExecutor.execute(HttpCommandExecutor.java:158)
	at org.openqa.selenium.remote.service.DriverCommandExecutor.execute(DriverCommandExecutor.java:83)
	at org.openqa.selenium.remote.RemoteWebDriver.execute(RemoteWebDriver.java:552)
	at com.kms.katalon.selenium.driver.CChromeDriver.execute(CChromeDriver.java:19)
	at org.openqa.selenium.remote.RemoteWebElement.execute(RemoteWebElement.java:285)
	at org.openqa.selenium.remote.RemoteWebElement.click(RemoteWebElement.java:84)
	at org.openqa.selenium.support.events.EventFiringWebDriver$EventFiringWebElement.lambda$new$0(EventFiringWebDriver.java:404)
	at com.sun.proxy.$Proxy11.click(Unknown Source)
	at org.openqa.selenium.support.events.EventFiringWebDriver$EventFiringWebElement.click(EventFiringWebDriver.java:417)
	at com.kms.katalon.core.webui.keyword.builtin.CheckKeyword$_check_closure1.doCall(CheckKeyword.groovy:80)
	at com.kms.katalon.core.webui.keyword.builtin.CheckKeyword$_check_closure1.call(CheckKeyword.groovy)
	at com.kms.katalon.core.webui.keyword.internal.WebUIKeywordMain.runKeyword(WebUIKeywordMain.groovy:20)
	at com.kms.katalon.core.webui.keyword.builtin.CheckKeyword.check(CheckKeyword.groovy:88)
	at com.kms.katalon.core.webui.keyword.builtin.CheckKeyword.execute(CheckKeyword.groovy:67)
	at com.kms.katalon.core.keyword.internal.KeywordExecutor.executeKeywordForPlatform(KeywordExecutor.groovy:74)
	at com.kms.katalon.core.webui.keyword.WebUiBuiltInKeywords.check(WebUiBuiltInKeywords.groovy:1069)
	at com.kms.katalon.core.webui.keyword.WebUiBuiltInKeywords$check$17.call(Unknown Source)
	at Script1634754785654.run(Script1634754785654.groovy:57)
	... 13 more
)

2021-11-15 12:07:24 - [MESSAGE][FAILED] - Unable to check object 'Object Repository/Admin/Verificacion/input_ConfirmarImagen_1' (Root cause: com.kms.katalon.core.exception.StepFailedException: Unable to check object 'Object Repository/Admin/Verificacion/input_ConfirmarImagen_1'
	at com.kms.katalon.core.webui.keyword.internal.WebUIKeywordMain.stepFailed(WebUIKeywordMain.groovy:64)
	at com.kms.katalon.core.webui.keyword.internal.WebUIKeywordMain.runKeyword(WebUIKeywordMain.groovy:26)
	at com.kms.katalon.core.webui.keyword.builtin.CheckKeyword.check(CheckKeyword.groovy:88)
	at com.kms.katalon.core.webui.keyword.builtin.CheckKeyword.execute(CheckKeyword.groovy:67)
	at com.kms.katalon.core.keyword.internal.KeywordExecutor.executeKeywordForPlatform(KeywordExecutor.groovy:74)
	at com.kms.katalon.core.webui.keyword.WebUiBuiltInKeywords.check(WebUiBuiltInKeywords.groovy:1069)
	at com.kms.katalon.core.webui.keyword.WebUiBuiltInKeywords$check$17.call(Unknown Source)
	at Verificación.run(Verificación:57)
	at com.kms.katalon.core.main.ScriptEngine.run(ScriptEngine.java:194)
	at com.kms.katalon.core.main.ScriptEngine.runScriptAsRawText(ScriptEngine.java:119)
	at com.kms.katalon.core.main.TestCaseExecutor.runScript(TestCaseExecutor.java:430)
	at com.kms.katalon.core.main.TestCaseExecutor.doExecute(TestCaseExecutor.java:421)
	at com.kms.katalon.core.main.TestCaseExecutor.processExecutionPhase(TestCaseExecutor.java:400)
	at com.kms.katalon.core.main.TestCaseExecutor.accessMainPhase(TestCaseExecutor.java:392)
	at com.kms.katalon.core.main.TestCaseExecutor.execute(TestCaseExecutor.java:273)
	at com.kms.katalon.core.main.TestSuiteExecutor.accessTestCaseMainPhase(TestSuiteExecutor.java:202)
	at com.kms.katalon.core.main.TestSuiteExecutor.accessTestSuiteMainPhase(TestSuiteExecutor.java:164)
	at com.kms.katalon.core.main.TestSuiteExecutor.execute(TestSuiteExecutor.java:105)
	at com.kms.katalon.core.main.TestCaseMain.startTestSuite(TestCaseMain.java:185)
	at com.kms.katalon.core.main.TestCaseMain$startTestSuite$0.call(Unknown Source)
	at TempTestSuite1636988697630.run(TempTestSuite1636988697630.groovy:36)
Caused by: org.openqa.selenium.ElementNotInteractableException: element not interactable
  (Session info: chrome=95.0.4638.69)
Build info: version: '3.141.59', revision: 'e82be7d358', time: '2018-11-14T08:25:53'
System info: host: 'NB-IT11', ip: '192.168.1.7', os.name: 'Windows 10', os.arch: 'amd64', os.version: '10.0', java.version: '1.8.0_282'
Driver info: com.kms.katalon.selenium.driver.CChromeDriver
Capabilities {acceptInsecureCerts: false, browserName: chrome, browserVersion: 95.0.4638.69, chrome: {chromedriverVersion: 94.0.4606.61 (418b78f5838ed..., userDataDir: C:\Users\NICOLA~1.AQU\AppDa...}, goog:chromeOptions: {debuggerAddress: localhost:50777}, javascriptEnabled: true, networkConnectionEnabled: false, pageLoadStrategy: normal, platform: WINDOWS, platformName: WINDOWS, proxy: Proxy(), setWindowRect: true, strictFileInteractability: false, timeouts: {implicit: 0, pageLoad: 300000, script: 30000}, unhandledPromptBehavior: dismiss and notify, webauthn:extension:credBlob: true, webauthn:extension:largeBlob: true, webauthn:virtualAuthenticators: true}
Session ID: 40c1fcd647a6be53cf19e57c2eaf0a58
	at org.openqa.selenium.remote.http.W3CHttpResponseCodec.createException(W3CHttpResponseCodec.java:187)
	at org.openqa.selenium.remote.http.W3CHttpResponseCodec.decode(W3CHttpResponseCodec.java:122)
	at org.openqa.selenium.remote.http.W3CHttpResponseCodec.decode(W3CHttpResponseCodec.java:49)
	at org.openqa.selenium.remote.HttpCommandExecutor.execute(HttpCommandExecutor.java:158)
	at org.openqa.selenium.remote.service.DriverCommandExecutor.execute(DriverCommandExecutor.java:83)
	at org.openqa.selenium.remote.RemoteWebDriver.execute(RemoteWebDriver.java:552)
	at com.kms.katalon.selenium.driver.CChromeDriver.execute(CChromeDriver.java:19)
	at org.openqa.selenium.remote.RemoteWebElement.execute(RemoteWebElement.java:285)
	at org.openqa.selenium.remote.RemoteWebElement.click(RemoteWebElement.java:84)
	at org.openqa.selenium.support.events.EventFiringWebDriver$EventFiringWebElement.lambda$new$0(EventFiringWebDriver.java:404)
	at com.sun.proxy.$Proxy11.click(Unknown Source)
	at org.openqa.selenium.support.events.EventFiringWebDriver$EventFiringWebElement.click(EventFiringWebDriver.java:417)
	at com.kms.katalon.core.webui.keyword.builtin.CheckKeyword$_check_closure1.doCall(CheckKeyword.groovy:80)
	at com.kms.katalon.core.webui.keyword.builtin.CheckKeyword$_check_closure1.call(CheckKeyword.groovy)
	at com.kms.katalon.core.webui.keyword.internal.WebUIKeywordMain.runKeyword(WebUIKeywordMain.groovy:20)
	at com.kms.katalon.core.webui.keyword.builtin.CheckKeyword.check(CheckKeyword.groovy:88)
	at com.kms.katalon.core.webui.keyword.builtin.CheckKeyword.execute(CheckKeyword.groovy:67)
	at com.kms.katalon.core.keyword.internal.KeywordExecutor.executeKeywordForPlatform(KeywordExecutor.groovy:74)
	at com.kms.katalon.core.webui.keyword.WebUiBuiltInKeywords.check(WebUiBuiltInKeywords.groovy:1069)
	at com.kms.katalon.core.webui.keyword.WebUiBuiltInKeywords$check$17.call(Unknown Source)
	at Script1634754785654.run(Script1634754785654.groovy:57)
	... 13 more
)
[[ATTACHMENT|C:\\Users\\nicolas.aquino\\Katalon Studio\\Paigo\\Reports\\20211115_120457\\Primera Venta\\Credito Uruguayo\\20211115_120457\\1636988844444.png]]]]></system-out>
         <system-err><![CDATA[2021-11-15 12:07:06 - [TEST_CASE][FAILED] - Test Cases/Admin/Credito Uruguayo/Verificación: Test Cases/Admin/Credito Uruguayo/Verificación FAILED.
Reason:
com.kms.katalon.core.exception.StepFailedException: Unable to check object 'Object Repository/Admin/Verificacion/input_ConfirmarImagen_1'
	at com.kms.katalon.core.webui.keyword.internal.WebUIKeywordMain.stepFailed(WebUIKeywordMain.groovy:64)
	at com.kms.katalon.core.webui.keyword.internal.WebUIKeywordMain.runKeyword(WebUIKeywordMain.groovy:26)
	at com.kms.katalon.core.webui.keyword.builtin.CheckKeyword.check(CheckKeyword.groovy:88)
	at com.kms.katalon.core.webui.keyword.builtin.CheckKeyword.execute(CheckKeyword.groovy:67)
	at com.kms.katalon.core.keyword.internal.KeywordExecutor.executeKeywordForPlatform(KeywordExecutor.groovy:74)
	at com.kms.katalon.core.webui.keyword.WebUiBuiltInKeywords.check(WebUiBuiltInKeywords.groovy:1069)
	at com.kms.katalon.core.webui.keyword.WebUiBuiltInKeywords$check$17.call(Unknown Source)
	at Verificación.run(Verificación:57)
	at com.kms.katalon.core.main.ScriptEngine.run(ScriptEngine.java:194)
	at com.kms.katalon.core.main.ScriptEngine.runScriptAsRawText(ScriptEngine.java:119)
	at com.kms.katalon.core.main.TestCaseExecutor.runScript(TestCaseExecutor.java:430)
	at com.kms.katalon.core.main.TestCaseExecutor.doExecute(TestCaseExecutor.java:421)
	at com.kms.katalon.core.main.TestCaseExecutor.processExecutionPhase(TestCaseExecutor.java:400)
	at com.kms.katalon.core.main.TestCaseExecutor.accessMainPhase(TestCaseExecutor.java:392)
	at com.kms.katalon.core.main.TestCaseExecutor.execute(TestCaseExecutor.java:273)
	at com.kms.katalon.core.main.TestSuiteExecutor.accessTestCaseMainPhase(TestSuiteExecutor.java:202)
	at com.kms.katalon.core.main.TestSuiteExecutor.accessTestSuiteMainPhase(TestSuiteExecutor.java:164)
	at com.kms.katalon.core.main.TestSuiteExecutor.execute(TestSuiteExecutor.java:105)
	at com.kms.katalon.core.main.TestCaseMain.startTestSuite(TestCaseMain.java:185)
	at com.kms.katalon.core.main.TestCaseMain$startTestSuite$0.call(Unknown Source)
	at TempTestSuite1636988697630.run(TempTestSuite1636988697630.groovy:36)
Caused by: org.openqa.selenium.ElementNotInteractableException: element not interactable
  (Session info: chrome=95.0.4638.69)
Build info: version: '3.141.59', revision: 'e82be7d358', time: '2018-11-14T08:25:53'
System info: host: 'NB-IT11', ip: '192.168.1.7', os.name: 'Windows 10', os.arch: 'amd64', os.version: '10.0', java.version: '1.8.0_282'
Driver info: com.kms.katalon.selenium.driver.CChromeDriver
Capabilities {acceptInsecureCerts: false, browserName: chrome, browserVersion: 95.0.4638.69, chrome: {chromedriverVersion: 94.0.4606.61 (418b78f5838ed..., userDataDir: C:\Users\NICOLA~1.AQU\AppDa...}, goog:chromeOptions: {debuggerAddress: localhost:50777}, javascriptEnabled: true, networkConnectionEnabled: false, pageLoadStrategy: normal, platform: WINDOWS, platformName: WINDOWS, proxy: Proxy(), setWindowRect: true, strictFileInteractability: false, timeouts: {implicit: 0, pageLoad: 300000, script: 30000}, unhandledPromptBehavior: dismiss and notify, webauthn:extension:credBlob: true, webauthn:extension:largeBlob: true, webauthn:virtualAuthenticators: true}
Session ID: 40c1fcd647a6be53cf19e57c2eaf0a58
	at org.openqa.selenium.remote.http.W3CHttpResponseCodec.createException(W3CHttpResponseCodec.java:187)
	at org.openqa.selenium.remote.http.W3CHttpResponseCodec.decode(W3CHttpResponseCodec.java:122)
	at org.openqa.selenium.remote.http.W3CHttpResponseCodec.decode(W3CHttpResponseCodec.java:49)
	at org.openqa.selenium.remote.HttpCommandExecutor.execute(HttpCommandExecutor.java:158)
	at org.openqa.selenium.remote.service.DriverCommandExecutor.execute(DriverCommandExecutor.java:83)
	at org.openqa.selenium.remote.RemoteWebDriver.execute(RemoteWebDriver.java:552)
	at com.kms.katalon.selenium.driver.CChromeDriver.execute(CChromeDriver.java:19)
	at org.openqa.selenium.remote.RemoteWebElement.execute(RemoteWebElement.java:285)
	at org.openqa.selenium.remote.RemoteWebElement.click(RemoteWebElement.java:84)
	at org.openqa.selenium.support.events.EventFiringWebDriver$EventFiringWebElement.lambda$new$0(EventFiringWebDriver.java:404)
	at com.sun.proxy.$Proxy11.click(Unknown Source)
	at org.openqa.selenium.support.events.EventFiringWebDriver$EventFiringWebElement.click(EventFiringWebDriver.java:417)
	at com.kms.katalon.core.webui.keyword.builtin.CheckKeyword$_check_closure1.doCall(CheckKeyword.groovy:80)
	at com.kms.katalon.core.webui.keyword.builtin.CheckKeyword$_check_closure1.call(CheckKeyword.groovy)
	at com.kms.katalon.core.webui.keyword.internal.WebUIKeywordMain.runKeyword(WebUIKeywordMain.groovy:20)
	... 19 more]]></system-err>
      </testcase>
      <testcase name="Test Cases/Admin/Credito Uruguayo/Desembolso" time="26.984" classname="Test Cases/Admin/Credito Uruguayo/Desembolso" status="FAILED">
         <failure type="FAILED" message="Test Cases/Admin/Credito Uruguayo/Desembolso FAILED.
Reason:
com.kms.katalon.core.exception.StepFailedException: Unable to click on object 'Object Repository/Admin/Desembolso/button_AceptarDesembolso'
	at com.kms.katalon.core.webui.keyword.internal.WebUIKeywordMain.stepFailed(WebUIKeywordMain.groovy:64)
	at com.kms.katalon.core.webui.keyword.internal.WebUIKeywordMain.runKeyword(WebUIKeywordMain.groovy:26)
	at com.kms.katalon.core.webui.keyword.builtin.EnhancedClickKeyword.click(EnhancedClickKeyword.groovy:94)
	at com.kms.katalon.core.webui.keyword.builtin.EnhancedClickKeyword.execute(EnhancedClickKeyword.groovy:42)
	at com.kms.katalon.core.keyword.internal.KeywordExecutor.executeKeywordForPlatform(KeywordExecutor.groovy:74)
	at com.kms.katalon.core.webui.keyword.WebUiBuiltInKeywords.enhancedClick(WebUiBuiltInKeywords.groovy:646)
	at com.kms.katalon.core.webui.keyword.WebUiBuiltInKeywords$enhancedClick$8.call(Unknown Source)
	at Desembolso.run(Desembolso:49)
	at com.kms.katalon.core.main.ScriptEngine.run(ScriptEngine.java:194)
	at com.kms.katalon.core.main.ScriptEngine.runScriptAsRawText(ScriptEngine.java:119)
	at com.kms.katalon.core.main.TestCaseExecutor.runScript(TestCaseExecutor.java:430)
	at com.kms.katalon.core.main.TestCaseExecutor.doExecute(TestCaseExecutor.java:421)
	at com.kms.katalon.core.main.TestCaseExecutor.processExecutionPhase(TestCaseExecutor.java:400)
	at com.kms.katalon.core.main.TestCaseExecutor.accessMainPhase(TestCaseExecutor.java:392)
	at com.kms.katalon.core.main.TestCaseExecutor.execute(TestCaseExecutor.java:273)
	at com.kms.katalon.core.main.TestSuiteExecutor.accessTestCaseMainPhase(TestSuiteExecutor.java:202)
	at com.kms.katalon.core.main.TestSuiteExecutor.accessTestSuiteMainPhase(TestSuiteExecutor.java:164)
	at com.kms.katalon.core.main.TestSuiteExecutor.execute(TestSuiteExecutor.java:105)
	at com.kms.katalon.core.main.TestCaseMain.startTestSuite(TestCaseMain.java:185)
	at com.kms.katalon.core.main.TestCaseMain$startTestSuite$0.call(Unknown Source)
	at TempTestSuite1636988697630.run(TempTestSuite1636988697630.groovy:36)
Caused by: org.openqa.selenium.StaleElementReferenceException: stale element reference: element is not attached to the page document
  (Session info: chrome=95.0.4638.69)
For documentation on this error, please visit: https://www.seleniumhq.org/exceptions/stale_element_reference.html
Build info: version: '3.141.59', revision: 'e82be7d358', time: '2018-11-14T08:25:53'
System info: host: 'NB-IT11', ip: '192.168.1.7', os.name: 'Windows 10', os.arch: 'amd64', os.version: '10.0', java.version: '1.8.0_282'
Driver info: com.kms.katalon.selenium.driver.CChromeDriver
Capabilities {acceptInsecureCerts: false, browserName: chrome, browserVersion: 95.0.4638.69, chrome: {chromedriverVersion: 94.0.4606.61 (418b78f5838ed..., userDataDir: C:\Users\NICOLA~1.AQU\AppDa...}, goog:chromeOptions: {debuggerAddress: localhost:50777}, javascriptEnabled: true, networkConnectionEnabled: false, pageLoadStrategy: normal, platform: WINDOWS, platformName: WINDOWS, proxy: Proxy(), setWindowRect: true, strictFileInteractability: false, timeouts: {implicit: 0, pageLoad: 300000, script: 30000}, unhandledPromptBehavior: dismiss and notify, webauthn:extension:credBlob: true, webauthn:extension:largeBlob: true, webauthn:virtualAuthenticators: true}
Session ID: 40c1fcd647a6be53cf19e57c2eaf0a58
	at org.openqa.selenium.remote.http.W3CHttpResponseCodec.createException(W3CHttpResponseCodec.java:187)
	at org.openqa.selenium.remote.http.W3CHttpResponseCodec.decode(W3CHttpResponseCodec.java:122)
	at org.openqa.selenium.remote.http.W3CHttpResponseCodec.decode(W3CHttpResponseCodec.java:49)
	at org.openqa.selenium.remote.HttpCommandExecutor.execute(HttpCommandExecutor.java:158)
	at org.openqa.selenium.remote.service.DriverCommandExecutor.execute(DriverCommandExecutor.java:83)
	at org.openqa.selenium.remote.RemoteWebDriver.execute(RemoteWebDriver.java:552)
	at com.kms.katalon.selenium.driver.CChromeDriver.execute(CChromeDriver.java:19)
	at org.openqa.selenium.remote.RemoteWebDriver.executeScript(RemoteWebDriver.java:489)
	at org.openqa.selenium.support.events.EventFiringWebDriver.lambda$new$1(EventFiringWebDriver.java:105)
	at com.sun.proxy.$Proxy10.executeScript(Unknown Source)
	at org.openqa.selenium.support.events.EventFiringWebDriver.executeScript(EventFiringWebDriver.java:229)
	at com.kms.katalon.core.webui.keyword.builtin.EnhancedClickKeyword$_click_closure1$_closure4.doCall(EnhancedClickKeyword.groovy:84)
	at com.kms.katalon.core.webui.keyword.builtin.EnhancedClickKeyword$_click_closure1$_closure4.doCall(EnhancedClickKeyword.groovy)
	at com.sun.proxy.$Proxy12.get(Unknown Source)
	at com.kms.katalon.core.trymonad.Try.ofFailable(Try.java:31)
	at com.kms.katalon.core.trymonad.Failure.orElseTry(Try.java:332)
	at com.kms.katalon.core.webui.keyword.builtin.EnhancedClickKeyword$_click_closure1.doCall(EnhancedClickKeyword.groovy:70)
	at com.kms.katalon.core.webui.keyword.builtin.EnhancedClickKeyword$_click_closure1.call(EnhancedClickKeyword.groovy)
	at com.kms.katalon.core.webui.keyword.internal.WebUIKeywordMain.runKeyword(WebUIKeywordMain.groovy:20)
	... 19 more
"/>
         <system-out><![CDATA[2021-11-15 12:07:24 - [TEST_CASE][FAILED] - Test Cases/Admin/Credito Uruguayo/Desembolso: Test Cases/Admin/Credito Uruguayo/Desembolso FAILED.
Reason:
com.kms.katalon.core.exception.StepFailedException: Unable to click on object 'Object Repository/Admin/Desembolso/button_AceptarDesembolso'
	at com.kms.katalon.core.webui.keyword.internal.WebUIKeywordMain.stepFailed(WebUIKeywordMain.groovy:64)
	at com.kms.katalon.core.webui.keyword.internal.WebUIKeywordMain.runKeyword(WebUIKeywordMain.groovy:26)
	at com.kms.katalon.core.webui.keyword.builtin.EnhancedClickKeyword.click(EnhancedClickKeyword.groovy:94)
	at com.kms.katalon.core.webui.keyword.builtin.EnhancedClickKeyword.execute(EnhancedClickKeyword.groovy:42)
	at com.kms.katalon.core.keyword.internal.KeywordExecutor.executeKeywordForPlatform(KeywordExecutor.groovy:74)
	at com.kms.katalon.core.webui.keyword.WebUiBuiltInKeywords.enhancedClick(WebUiBuiltInKeywords.groovy:646)
	at com.kms.katalon.core.webui.keyword.WebUiBuiltInKeywords$enhancedClick$8.call(Unknown Source)
	at Desembolso.run(Desembolso:49)
	at com.kms.katalon.core.main.ScriptEngine.run(ScriptEngine.java:194)
	at com.kms.katalon.core.main.ScriptEngine.runScriptAsRawText(ScriptEngine.java:119)
	at com.kms.katalon.core.main.TestCaseExecutor.runScript(TestCaseExecutor.java:430)
	at com.kms.katalon.core.main.TestCaseExecutor.doExecute(TestCaseExecutor.java:421)
	at com.kms.katalon.core.main.TestCaseExecutor.processExecutionPhase(TestCaseExecutor.java:400)
	at com.kms.katalon.core.main.TestCaseExecutor.accessMainPhase(TestCaseExecutor.java:392)
	at com.kms.katalon.core.main.TestCaseExecutor.execute(TestCaseExecutor.java:273)
	at com.kms.katalon.core.main.TestSuiteExecutor.accessTestCaseMainPhase(TestSuiteExecutor.java:202)
	at com.kms.katalon.core.main.TestSuiteExecutor.accessTestSuiteMainPhase(TestSuiteExecutor.java:164)
	at com.kms.katalon.core.main.TestSuiteExecutor.execute(TestSuiteExecutor.java:105)
	at com.kms.katalon.core.main.TestCaseMain.startTestSuite(TestCaseMain.java:185)
	at com.kms.katalon.core.main.TestCaseMain$startTestSuite$0.call(Unknown Source)
	at TempTestSuite1636988697630.run(TempTestSuite1636988697630.groovy:36)
Caused by: org.openqa.selenium.StaleElementReferenceException: stale element reference: element is not attached to the page document
  (Session info: chrome=95.0.4638.69)
For documentation on this error, please visit: https://www.seleniumhq.org/exceptions/stale_element_reference.html
Build info: version: '3.141.59', revision: 'e82be7d358', time: '2018-11-14T08:25:53'
System info: host: 'NB-IT11', ip: '192.168.1.7', os.name: 'Windows 10', os.arch: 'amd64', os.version: '10.0', java.version: '1.8.0_282'
Driver info: com.kms.katalon.selenium.driver.CChromeDriver
Capabilities {acceptInsecureCerts: false, browserName: chrome, browserVersion: 95.0.4638.69, chrome: {chromedriverVersion: 94.0.4606.61 (418b78f5838ed..., userDataDir: C:\Users\NICOLA~1.AQU\AppDa...}, goog:chromeOptions: {debuggerAddress: localhost:50777}, javascriptEnabled: true, networkConnectionEnabled: false, pageLoadStrategy: normal, platform: WINDOWS, platformName: WINDOWS, proxy: Proxy(), setWindowRect: true, strictFileInteractability: false, timeouts: {implicit: 0, pageLoad: 300000, script: 30000}, unhandledPromptBehavior: dismiss and notify, webauthn:extension:credBlob: true, webauthn:extension:largeBlob: true, webauthn:virtualAuthenticators: true}
Session ID: 40c1fcd647a6be53cf19e57c2eaf0a58
	at org.openqa.selenium.remote.http.W3CHttpResponseCodec.createException(W3CHttpResponseCodec.java:187)
	at org.openqa.selenium.remote.http.W3CHttpResponseCodec.decode(W3CHttpResponseCodec.java:122)
	at org.openqa.selenium.remote.http.W3CHttpResponseCodec.decode(W3CHttpResponseCodec.java:49)
	at org.openqa.selenium.remote.HttpCommandExecutor.execute(HttpCommandExecutor.java:158)
	at org.openqa.selenium.remote.service.DriverCommandExecutor.execute(DriverCommandExecutor.java:83)
	at org.openqa.selenium.remote.RemoteWebDriver.execute(RemoteWebDriver.java:552)
	at com.kms.katalon.selenium.driver.CChromeDriver.execute(CChromeDriver.java:19)
	at org.openqa.selenium.remote.RemoteWebDriver.executeScript(RemoteWebDriver.java:489)
	at org.openqa.selenium.support.events.EventFiringWebDriver.lambda$new$1(EventFiringWebDriver.java:105)
	at com.sun.proxy.$Proxy10.executeScript(Unknown Source)
	at org.openqa.selenium.support.events.EventFiringWebDriver.executeScript(EventFiringWebDriver.java:229)
	at com.kms.katalon.core.webui.keyword.builtin.EnhancedClickKeyword$_click_closure1$_closure4.doCall(EnhancedClickKeyword.groovy:84)
	at com.kms.katalon.core.webui.keyword.builtin.EnhancedClickKeyword$_click_closure1$_closure4.doCall(EnhancedClickKeyword.groovy)
	at com.sun.proxy.$Proxy12.get(Unknown Source)
	at com.kms.katalon.core.trymonad.Try.ofFailable(Try.java:31)
	at com.kms.katalon.core.trymonad.Failure.orElseTry(Try.java:332)
	at com.kms.katalon.core.webui.keyword.builtin.EnhancedClickKeyword$_click_closure1.doCall(EnhancedClickKeyword.groovy:70)
	at com.kms.katalon.core.webui.keyword.builtin.EnhancedClickKeyword$_click_closure1.call(EnhancedClickKeyword.groovy)
	at com.kms.katalon.core.webui.keyword.internal.WebUIKeywordMain.runKeyword(WebUIKeywordMain.groovy:20)
	... 19 more


2021-11-15 12:07:25 - [TEST_STEP][PASSED] - waitForElementPresent(findTestObject("Admin/Desembolso/p_DESEMBOLSO"), 0): Object 'Object Repository/Admin/Desembolso/p_DESEMBOLSO' is present

2021-11-15 12:07:25 - [MESSAGE][WARNING] - Timeout '0' is invalid. Using default page load timeout: '60'

2021-11-15 12:07:25 - [MESSAGE][PASSED] - Object 'Object Repository/Admin/Desembolso/p_DESEMBOLSO' is present

2021-11-15 12:07:25 - [TEST_STEP][PASSED] - enhancedClick(findTestObject("Admin/Desembolso/p_DESEMBOLSO")): Object: 'Object Repository/Admin/Desembolso/p_DESEMBOLSO' is clicked on

2021-11-15 12:07:25 - [MESSAGE][PASSED] - Object: 'Object Repository/Admin/Desembolso/p_DESEMBOLSO' is clicked on

2021-11-15 12:07:25 - [TEST_STEP][PASSED] - selectOptionByLabel(findTestObject("Admin/Desembolso/select_Marca"), Marca_CU, false): All options with label 'CreditoUruguayo' are selected in object 'Object Repository/Admin/Desembolso/select_Marca' 

2021-11-15 12:07:26 - [MESSAGE][PASSED] - All options with label 'CreditoUruguayo' are selected in object 'Object Repository/Admin/Desembolso/select_Marca' 

2021-11-15 12:07:26 - [TEST_STEP][PASSED] - enhancedClick(findTestObject("Admin/Desembolso/button_Obtener")): Object: 'Object Repository/Admin/Desembolso/button_Obtener' is clicked on

2021-11-15 12:07:27 - [MESSAGE][PASSED] - Object: 'Object Repository/Admin/Desembolso/button_Obtener' is clicked on

2021-11-15 12:07:27 - [TEST_STEP][PASSED] - waitForElementVisible(findTestObject("Admin/Desembolso/input_FiltrarCI"), 0): Object 'Object Repository/Admin/Desembolso/input_FiltrarCI' is visible

2021-11-15 12:07:27 - [MESSAGE][WARNING] - Timeout '0' is invalid. Using default page load timeout: '60'

2021-11-15 12:07:29 - [MESSAGE][PASSED] - Object 'Object Repository/Admin/Desembolso/input_FiltrarCI' is visible

2021-11-15 12:07:29 - [TEST_STEP][PASSED] - setText(findTestObject("Admin/Desembolso/input_FiltrarCI"), cedulaRandom): Text '28607963' is set on object 'Object Repository/Admin/Desembolso/input_FiltrarCI'

2021-11-15 12:07:30 - [MESSAGE][PASSED] - Text '28607963' is set on object 'Object Repository/Admin/Desembolso/input_FiltrarCI'

2021-11-15 12:07:30 - [TEST_STEP][PASSED] - enhancedClick(findTestObject("Admin/Desembolso/button_Desembolsar")): Object: 'Object Repository/Admin/Desembolso/button_Desembolsar' is clicked on

2021-11-15 12:07:48 - [MESSAGE][PASSED] - Object: 'Object Repository/Admin/Desembolso/button_Desembolsar' is clicked on

2021-11-15 12:07:48 - [TEST_STEP][PASSED] - sendKeys(findTestObject(null), Keys.chord(TAB, TAB, ARROW_DOWN)): Keys 'TAB + TAB + DOWN + ' sent to object: 'tempBody'

2021-11-15 12:07:48 - [MESSAGE][WARNING] - Test object id is null

2021-11-15 12:07:48 - [MESSAGE][WARNING] - Test object with id 'Object Repository/' does not exist

2021-11-15 12:07:48 - [MESSAGE][PASSED] - Keys 'TAB + TAB + DOWN + ' sent to object: 'tempBody'

2021-11-15 12:07:48 - [TEST_STEP][PASSED] - delay(1): Delayed 1 second(s)

2021-11-15 12:07:49 - [MESSAGE][PASSED] - Delayed 1 second(s)

2021-11-15 12:07:49 - [TEST_STEP][FAILED] - enhancedClick(findTestObject("Admin/Desembolso/button_AceptarDesembolso")): Unable to click on object 'Object Repository/Admin/Desembolso/button_AceptarDesembolso' (Root cause: com.kms.katalon.core.exception.StepFailedException: Unable to click on object 'Object Repository/Admin/Desembolso/button_AceptarDesembolso'
	at com.kms.katalon.core.webui.keyword.internal.WebUIKeywordMain.stepFailed(WebUIKeywordMain.groovy:64)
	at com.kms.katalon.core.webui.keyword.internal.WebUIKeywordMain.runKeyword(WebUIKeywordMain.groovy:26)
	at com.kms.katalon.core.webui.keyword.builtin.EnhancedClickKeyword.click(EnhancedClickKeyword.groovy:94)
	at com.kms.katalon.core.webui.keyword.builtin.EnhancedClickKeyword.execute(EnhancedClickKeyword.groovy:42)
	at com.kms.katalon.core.keyword.internal.KeywordExecutor.executeKeywordForPlatform(KeywordExecutor.groovy:74)
	at com.kms.katalon.core.webui.keyword.WebUiBuiltInKeywords.enhancedClick(WebUiBuiltInKeywords.groovy:646)
	at com.kms.katalon.core.webui.keyword.WebUiBuiltInKeywords$enhancedClick$8.call(Unknown Source)
	at Desembolso.run(Desembolso:49)
	at com.kms.katalon.core.main.ScriptEngine.run(ScriptEngine.java:194)
	at com.kms.katalon.core.main.ScriptEngine.runScriptAsRawText(ScriptEngine.java:119)
	at com.kms.katalon.core.main.TestCaseExecutor.runScript(TestCaseExecutor.java:430)
	at com.kms.katalon.core.main.TestCaseExecutor.doExecute(TestCaseExecutor.java:421)
	at com.kms.katalon.core.main.TestCaseExecutor.processExecutionPhase(TestCaseExecutor.java:400)
	at com.kms.katalon.core.main.TestCaseExecutor.accessMainPhase(TestCaseExecutor.java:392)
	at com.kms.katalon.core.main.TestCaseExecutor.execute(TestCaseExecutor.java:273)
	at com.kms.katalon.core.main.TestSuiteExecutor.accessTestCaseMainPhase(TestSuiteExecutor.java:202)
	at com.kms.katalon.core.main.TestSuiteExecutor.accessTestSuiteMainPhase(TestSuiteExecutor.java:164)
	at com.kms.katalon.core.main.TestSuiteExecutor.execute(TestSuiteExecutor.java:105)
	at com.kms.katalon.core.main.TestCaseMain.startTestSuite(TestCaseMain.java:185)
	at com.kms.katalon.core.main.TestCaseMain$startTestSuite$0.call(Unknown Source)
	at TempTestSuite1636988697630.run(TempTestSuite1636988697630.groovy:36)
Caused by: org.openqa.selenium.StaleElementReferenceException: stale element reference: element is not attached to the page document
  (Session info: chrome=95.0.4638.69)
For documentation on this error, please visit: https://www.seleniumhq.org/exceptions/stale_element_reference.html
Build info: version: '3.141.59', revision: 'e82be7d358', time: '2018-11-14T08:25:53'
System info: host: 'NB-IT11', ip: '192.168.1.7', os.name: 'Windows 10', os.arch: 'amd64', os.version: '10.0', java.version: '1.8.0_282'
Driver info: com.kms.katalon.selenium.driver.CChromeDriver
Capabilities {acceptInsecureCerts: false, browserName: chrome, browserVersion: 95.0.4638.69, chrome: {chromedriverVersion: 94.0.4606.61 (418b78f5838ed..., userDataDir: C:\Users\NICOLA~1.AQU\AppDa...}, goog:chromeOptions: {debuggerAddress: localhost:50777}, javascriptEnabled: true, networkConnectionEnabled: false, pageLoadStrategy: normal, platform: WINDOWS, platformName: WINDOWS, proxy: Proxy(), setWindowRect: true, strictFileInteractability: false, timeouts: {implicit: 0, pageLoad: 300000, script: 30000}, unhandledPromptBehavior: dismiss and notify, webauthn:extension:credBlob: true, webauthn:extension:largeBlob: true, webauthn:virtualAuthenticators: true}
Session ID: 40c1fcd647a6be53cf19e57c2eaf0a58
	at org.openqa.selenium.remote.http.W3CHttpResponseCodec.createException(W3CHttpResponseCodec.java:187)
	at org.openqa.selenium.remote.http.W3CHttpResponseCodec.decode(W3CHttpResponseCodec.java:122)
	at org.openqa.selenium.remote.http.W3CHttpResponseCodec.decode(W3CHttpResponseCodec.java:49)
	at org.openqa.selenium.remote.HttpCommandExecutor.execute(HttpCommandExecutor.java:158)
	at org.openqa.selenium.remote.service.DriverCommandExecutor.execute(DriverCommandExecutor.java:83)
	at org.openqa.selenium.remote.RemoteWebDriver.execute(RemoteWebDriver.java:552)
	at com.kms.katalon.selenium.driver.CChromeDriver.execute(CChromeDriver.java:19)
	at org.openqa.selenium.remote.RemoteWebDriver.executeScript(RemoteWebDriver.java:489)
	at org.openqa.selenium.support.events.EventFiringWebDriver.lambda$new$1(EventFiringWebDriver.java:105)
	at com.sun.proxy.$Proxy10.executeScript(Unknown Source)
	at org.openqa.selenium.support.events.EventFiringWebDriver.executeScript(EventFiringWebDriver.java:229)
	at com.kms.katalon.core.webui.keyword.builtin.EnhancedClickKeyword$_click_closure1$_closure4.doCall(EnhancedClickKeyword.groovy:84)
	at com.kms.katalon.core.webui.keyword.builtin.EnhancedClickKeyword$_click_closure1$_closure4.doCall(EnhancedClickKeyword.groovy)
	at com.sun.proxy.$Proxy12.get(Unknown Source)
	at com.kms.katalon.core.trymonad.Try.ofFailable(Try.java:31)
	at com.kms.katalon.core.trymonad.Failure.orElseTry(Try.java:332)
	at com.kms.katalon.core.webui.keyword.builtin.EnhancedClickKeyword$_click_closure1.doCall(EnhancedClickKeyword.groovy:70)
	at com.kms.katalon.core.webui.keyword.builtin.EnhancedClickKeyword$_click_closure1.call(EnhancedClickKeyword.groovy)
	at com.kms.katalon.core.webui.keyword.internal.WebUIKeywordMain.runKeyword(WebUIKeywordMain.groovy:20)
	at com.kms.katalon.core.webui.keyword.builtin.EnhancedClickKeyword.click(EnhancedClickKeyword.groovy:94)
	at com.kms.katalon.core.webui.keyword.builtin.EnhancedClickKeyword.execute(EnhancedClickKeyword.groovy:42)
	at com.kms.katalon.core.keyword.internal.KeywordExecutor.executeKeywordForPlatform(KeywordExecutor.groovy:74)
	at com.kms.katalon.core.webui.keyword.WebUiBuiltInKeywords.enhancedClick(WebUiBuiltInKeywords.groovy:646)
	at com.kms.katalon.core.webui.keyword.WebUiBuiltInKeywords$enhancedClick$8.call(Unknown Source)
	at Script1633010295286.run(Script1633010295286.groovy:49)
	... 13 more
)

2021-11-15 12:07:51 - [MESSAGE][ERROR] - stale element reference: element is not attached to the page document
  (Session info: chrome=95.0.4638.69)
For documentation on this error, please visit: https://www.seleniumhq.org/exceptions/stale_element_reference.html
Build info: version: '3.141.59', revision: 'e82be7d358', time: '2018-11-14T08:25:53'
System info: host: 'NB-IT11', ip: '192.168.1.7', os.name: 'Windows 10', os.arch: 'amd64', os.version: '10.0', java.version: '1.8.0_282'
Driver info: com.kms.katalon.selenium.driver.CChromeDriver
Capabilities {acceptInsecureCerts: false, browserName: chrome, browserVersion: 95.0.4638.69, chrome: {chromedriverVersion: 94.0.4606.61 (418b78f5838ed..., userDataDir: C:\Users\NICOLA~1.AQU\AppDa...}, goog:chromeOptions: {debuggerAddress: localhost:50777}, javascriptEnabled: true, networkConnectionEnabled: false, pageLoadStrategy: normal, platform: WINDOWS, platformName: WINDOWS, proxy: Proxy(), setWindowRect: true, strictFileInteractability: false, timeouts: {implicit: 0, pageLoad: 300000, script: 30000}, unhandledPromptBehavior: dismiss and notify, webauthn:extension:credBlob: true, webauthn:extension:largeBlob: true, webauthn:virtualAuthenticators: true}
Session ID: 40c1fcd647a6be53cf19e57c2eaf0a58

2021-11-15 12:07:51 - [MESSAGE][FAILED] - Unable to click on object 'Object Repository/Admin/Desembolso/button_AceptarDesembolso' (Root cause: com.kms.katalon.core.exception.StepFailedException: Unable to click on object 'Object Repository/Admin/Desembolso/button_AceptarDesembolso'
	at com.kms.katalon.core.webui.keyword.internal.WebUIKeywordMain.stepFailed(WebUIKeywordMain.groovy:64)
	at com.kms.katalon.core.webui.keyword.internal.WebUIKeywordMain.runKeyword(WebUIKeywordMain.groovy:26)
	at com.kms.katalon.core.webui.keyword.builtin.EnhancedClickKeyword.click(EnhancedClickKeyword.groovy:94)
	at com.kms.katalon.core.webui.keyword.builtin.EnhancedClickKeyword.execute(EnhancedClickKeyword.groovy:42)
	at com.kms.katalon.core.keyword.internal.KeywordExecutor.executeKeywordForPlatform(KeywordExecutor.groovy:74)
	at com.kms.katalon.core.webui.keyword.WebUiBuiltInKeywords.enhancedClick(WebUiBuiltInKeywords.groovy:646)
	at com.kms.katalon.core.webui.keyword.WebUiBuiltInKeywords$enhancedClick$8.call(Unknown Source)
	at Desembolso.run(Desembolso:49)
	at com.kms.katalon.core.main.ScriptEngine.run(ScriptEngine.java:194)
	at com.kms.katalon.core.main.ScriptEngine.runScriptAsRawText(ScriptEngine.java:119)
	at com.kms.katalon.core.main.TestCaseExecutor.runScript(TestCaseExecutor.java:430)
	at com.kms.katalon.core.main.TestCaseExecutor.doExecute(TestCaseExecutor.java:421)
	at com.kms.katalon.core.main.TestCaseExecutor.processExecutionPhase(TestCaseExecutor.java:400)
	at com.kms.katalon.core.main.TestCaseExecutor.accessMainPhase(TestCaseExecutor.java:392)
	at com.kms.katalon.core.main.TestCaseExecutor.execute(TestCaseExecutor.java:273)
	at com.kms.katalon.core.main.TestSuiteExecutor.accessTestCaseMainPhase(TestSuiteExecutor.java:202)
	at com.kms.katalon.core.main.TestSuiteExecutor.accessTestSuiteMainPhase(TestSuiteExecutor.java:164)
	at com.kms.katalon.core.main.TestSuiteExecutor.execute(TestSuiteExecutor.java:105)
	at com.kms.katalon.core.main.TestCaseMain.startTestSuite(TestCaseMain.java:185)
	at com.kms.katalon.core.main.TestCaseMain$startTestSuite$0.call(Unknown Source)
	at TempTestSuite1636988697630.run(TempTestSuite1636988697630.groovy:36)
Caused by: org.openqa.selenium.StaleElementReferenceException: stale element reference: element is not attached to the page document
  (Session info: chrome=95.0.4638.69)
For documentation on this error, please visit: https://www.seleniumhq.org/exceptions/stale_element_reference.html
Build info: version: '3.141.59', revision: 'e82be7d358', time: '2018-11-14T08:25:53'
System info: host: 'NB-IT11', ip: '192.168.1.7', os.name: 'Windows 10', os.arch: 'amd64', os.version: '10.0', java.version: '1.8.0_282'
Driver info: com.kms.katalon.selenium.driver.CChromeDriver
Capabilities {acceptInsecureCerts: false, browserName: chrome, browserVersion: 95.0.4638.69, chrome: {chromedriverVersion: 94.0.4606.61 (418b78f5838ed..., userDataDir: C:\Users\NICOLA~1.AQU\AppDa...}, goog:chromeOptions: {debuggerAddress: localhost:50777}, javascriptEnabled: true, networkConnectionEnabled: false, pageLoadStrategy: normal, platform: WINDOWS, platformName: WINDOWS, proxy: Proxy(), setWindowRect: true, strictFileInteractability: false, timeouts: {implicit: 0, pageLoad: 300000, script: 30000}, unhandledPromptBehavior: dismiss and notify, webauthn:extension:credBlob: true, webauthn:extension:largeBlob: true, webauthn:virtualAuthenticators: true}
Session ID: 40c1fcd647a6be53cf19e57c2eaf0a58
	at org.openqa.selenium.remote.http.W3CHttpResponseCodec.createException(W3CHttpResponseCodec.java:187)
	at org.openqa.selenium.remote.http.W3CHttpResponseCodec.decode(W3CHttpResponseCodec.java:122)
	at org.openqa.selenium.remote.http.W3CHttpResponseCodec.decode(W3CHttpResponseCodec.java:49)
	at org.openqa.selenium.remote.HttpCommandExecutor.execute(HttpCommandExecutor.java:158)
	at org.openqa.selenium.remote.service.DriverCommandExecutor.execute(DriverCommandExecutor.java:83)
	at org.openqa.selenium.remote.RemoteWebDriver.execute(RemoteWebDriver.java:552)
	at com.kms.katalon.selenium.driver.CChromeDriver.execute(CChromeDriver.java:19)
	at org.openqa.selenium.remote.RemoteWebDriver.executeScript(RemoteWebDriver.java:489)
	at org.openqa.selenium.support.events.EventFiringWebDriver.lambda$new$1(EventFiringWebDriver.java:105)
	at com.sun.proxy.$Proxy10.executeScript(Unknown Source)
	at org.openqa.selenium.support.events.EventFiringWebDriver.executeScript(EventFiringWebDriver.java:229)
	at com.kms.katalon.core.webui.keyword.builtin.EnhancedClickKeyword$_click_closure1$_closure4.doCall(EnhancedClickKeyword.groovy:84)
	at com.kms.katalon.core.webui.keyword.builtin.EnhancedClickKeyword$_click_closure1$_closure4.doCall(EnhancedClickKeyword.groovy)
	at com.sun.proxy.$Proxy12.get(Unknown Source)
	at com.kms.katalon.core.trymonad.Try.ofFailable(Try.java:31)
	at com.kms.katalon.core.trymonad.Failure.orElseTry(Try.java:332)
	at com.kms.katalon.core.webui.keyword.builtin.EnhancedClickKeyword$_click_closure1.doCall(EnhancedClickKeyword.groovy:70)
	at com.kms.katalon.core.webui.keyword.builtin.EnhancedClickKeyword$_click_closure1.call(EnhancedClickKeyword.groovy)
	at com.kms.katalon.core.webui.keyword.internal.WebUIKeywordMain.runKeyword(WebUIKeywordMain.groovy:20)
	at com.kms.katalon.core.webui.keyword.builtin.EnhancedClickKeyword.click(EnhancedClickKeyword.groovy:94)
	at com.kms.katalon.core.webui.keyword.builtin.EnhancedClickKeyword.execute(EnhancedClickKeyword.groovy:42)
	at com.kms.katalon.core.keyword.internal.KeywordExecutor.executeKeywordForPlatform(KeywordExecutor.groovy:74)
	at com.kms.katalon.core.webui.keyword.WebUiBuiltInKeywords.enhancedClick(WebUiBuiltInKeywords.groovy:646)
	at com.kms.katalon.core.webui.keyword.WebUiBuiltInKeywords$enhancedClick$8.call(Unknown Source)
	at Script1633010295286.run(Script1633010295286.groovy:49)
	... 13 more
)
[[ATTACHMENT|C:\\Users\\nicolas.aquino\\Katalon Studio\\Paigo\\Reports\\20211115_120457\\Primera Venta\\Credito Uruguayo\\20211115_120457\\1636988871515.png]]]]></system-out>
         <system-err><![CDATA[2021-11-15 12:07:24 - [TEST_CASE][FAILED] - Test Cases/Admin/Credito Uruguayo/Desembolso: Test Cases/Admin/Credito Uruguayo/Desembolso FAILED.
Reason:
com.kms.katalon.core.exception.StepFailedException: Unable to click on object 'Object Repository/Admin/Desembolso/button_AceptarDesembolso'
	at com.kms.katalon.core.webui.keyword.internal.WebUIKeywordMain.stepFailed(WebUIKeywordMain.groovy:64)
	at com.kms.katalon.core.webui.keyword.internal.WebUIKeywordMain.runKeyword(WebUIKeywordMain.groovy:26)
	at com.kms.katalon.core.webui.keyword.builtin.EnhancedClickKeyword.click(EnhancedClickKeyword.groovy:94)
	at com.kms.katalon.core.webui.keyword.builtin.EnhancedClickKeyword.execute(EnhancedClickKeyword.groovy:42)
	at com.kms.katalon.core.keyword.internal.KeywordExecutor.executeKeywordForPlatform(KeywordExecutor.groovy:74)
	at com.kms.katalon.core.webui.keyword.WebUiBuiltInKeywords.enhancedClick(WebUiBuiltInKeywords.groovy:646)
	at com.kms.katalon.core.webui.keyword.WebUiBuiltInKeywords$enhancedClick$8.call(Unknown Source)
	at Desembolso.run(Desembolso:49)
	at com.kms.katalon.core.main.ScriptEngine.run(ScriptEngine.java:194)
	at com.kms.katalon.core.main.ScriptEngine.runScriptAsRawText(ScriptEngine.java:119)
	at com.kms.katalon.core.main.TestCaseExecutor.runScript(TestCaseExecutor.java:430)
	at com.kms.katalon.core.main.TestCaseExecutor.doExecute(TestCaseExecutor.java:421)
	at com.kms.katalon.core.main.TestCaseExecutor.processExecutionPhase(TestCaseExecutor.java:400)
	at com.kms.katalon.core.main.TestCaseExecutor.accessMainPhase(TestCaseExecutor.java:392)
	at com.kms.katalon.core.main.TestCaseExecutor.execute(TestCaseExecutor.java:273)
	at com.kms.katalon.core.main.TestSuiteExecutor.accessTestCaseMainPhase(TestSuiteExecutor.java:202)
	at com.kms.katalon.core.main.TestSuiteExecutor.accessTestSuiteMainPhase(TestSuiteExecutor.java:164)
	at com.kms.katalon.core.main.TestSuiteExecutor.execute(TestSuiteExecutor.java:105)
	at com.kms.katalon.core.main.TestCaseMain.startTestSuite(TestCaseMain.java:185)
	at com.kms.katalon.core.main.TestCaseMain$startTestSuite$0.call(Unknown Source)
	at TempTestSuite1636988697630.run(TempTestSuite1636988697630.groovy:36)
Caused by: org.openqa.selenium.StaleElementReferenceException: stale element reference: element is not attached to the page document
  (Session info: chrome=95.0.4638.69)
For documentation on this error, please visit: https://www.seleniumhq.org/exceptions/stale_element_reference.html
Build info: version: '3.141.59', revision: 'e82be7d358', time: '2018-11-14T08:25:53'
System info: host: 'NB-IT11', ip: '192.168.1.7', os.name: 'Windows 10', os.arch: 'amd64', os.version: '10.0', java.version: '1.8.0_282'
Driver info: com.kms.katalon.selenium.driver.CChromeDriver
Capabilities {acceptInsecureCerts: false, browserName: chrome, browserVersion: 95.0.4638.69, chrome: {chromedriverVersion: 94.0.4606.61 (418b78f5838ed..., userDataDir: C:\Users\NICOLA~1.AQU\AppDa...}, goog:chromeOptions: {debuggerAddress: localhost:50777}, javascriptEnabled: true, networkConnectionEnabled: false, pageLoadStrategy: normal, platform: WINDOWS, platformName: WINDOWS, proxy: Proxy(), setWindowRect: true, strictFileInteractability: false, timeouts: {implicit: 0, pageLoad: 300000, script: 30000}, unhandledPromptBehavior: dismiss and notify, webauthn:extension:credBlob: true, webauthn:extension:largeBlob: true, webauthn:virtualAuthenticators: true}
Session ID: 40c1fcd647a6be53cf19e57c2eaf0a58
	at org.openqa.selenium.remote.http.W3CHttpResponseCodec.createException(W3CHttpResponseCodec.java:187)
	at org.openqa.selenium.remote.http.W3CHttpResponseCodec.decode(W3CHttpResponseCodec.java:122)
	at org.openqa.selenium.remote.http.W3CHttpResponseCodec.decode(W3CHttpResponseCodec.java:49)
	at org.openqa.selenium.remote.HttpCommandExecutor.execute(HttpCommandExecutor.java:158)
	at org.openqa.selenium.remote.service.DriverCommandExecutor.execute(DriverCommandExecutor.java:83)
	at org.openqa.selenium.remote.RemoteWebDriver.execute(RemoteWebDriver.java:552)
	at com.kms.katalon.selenium.driver.CChromeDriver.execute(CChromeDriver.java:19)
	at org.openqa.selenium.remote.RemoteWebDriver.executeScript(RemoteWebDriver.java:489)
	at org.openqa.selenium.support.events.EventFiringWebDriver.lambda$new$1(EventFiringWebDriver.java:105)
	at com.sun.proxy.$Proxy10.executeScript(Unknown Source)
	at org.openqa.selenium.support.events.EventFiringWebDriver.executeScript(EventFiringWebDriver.java:229)
	at com.kms.katalon.core.webui.keyword.builtin.EnhancedClickKeyword$_click_closure1$_closure4.doCall(EnhancedClickKeyword.groovy:84)
	at com.kms.katalon.core.webui.keyword.builtin.EnhancedClickKeyword$_click_closure1$_closure4.doCall(EnhancedClickKeyword.groovy)
	at com.sun.proxy.$Proxy12.get(Unknown Source)
	at com.kms.katalon.core.trymonad.Try.ofFailable(Try.java:31)
	at com.kms.katalon.core.trymonad.Failure.orElseTry(Try.java:332)
	at com.kms.katalon.core.webui.keyword.builtin.EnhancedClickKeyword$_click_closure1.doCall(EnhancedClickKeyword.groovy:70)
	at com.kms.katalon.core.webui.keyword.builtin.EnhancedClickKeyword$_click_closure1.call(EnhancedClickKeyword.groovy)
	at com.kms.katalon.core.webui.keyword.internal.WebUIKeywordMain.runKeyword(WebUIKeywordMain.groovy:20)
	... 19 more]]></system-err>
      </testcase>
      <system-out><![CDATA[2021-11-15 12:05:04 - [TEST_SUITE][FAILED] - Credito Uruguayo: Test Cases/Admin/Credito Uruguayo/Verificación FAILED.
Reason:
com.kms.katalon.core.exception.StepFailedException: Unable to check object 'Object Repository/Admin/Verificacion/input_ConfirmarImagen_1'
	at com.kms.katalon.core.webui.keyword.internal.WebUIKeywordMain.stepFailed(WebUIKeywordMain.groovy:64)
	at com.kms.katalon.core.webui.keyword.internal.WebUIKeywordMain.runKeyword(WebUIKeywordMain.groovy:26)
	at com.kms.katalon.core.webui.keyword.builtin.CheckKeyword.check(CheckKeyword.groovy:88)
	at com.kms.katalon.core.webui.keyword.builtin.CheckKeyword.execute(CheckKeyword.groovy:67)
	at com.kms.katalon.core.keyword.internal.KeywordExecutor.executeKeywordForPlatform(KeywordExecutor.groovy:74)
	at com.kms.katalon.core.webui.keyword.WebUiBuiltInKeywords.check(WebUiBuiltInKeywords.groovy:1069)
	at com.kms.katalon.core.webui.keyword.WebUiBuiltInKeywords$check$17.call(Unknown Source)
	at Verificación.run(Verificación:57)
	at com.kms.katalon.core.main.ScriptEngine.run(ScriptEngine.java:194)
	at com.kms.katalon.core.main.ScriptEngine.runScriptAsRawText(ScriptEngine.java:119)
	at com.kms.katalon.core.main.TestCaseExecutor.runScript(TestCaseExecutor.java:430)
	at com.kms.katalon.core.main.TestCaseExecutor.doExecute(TestCaseExecutor.java:421)
	at com.kms.katalon.core.main.TestCaseExecutor.processExecutionPhase(TestCaseExecutor.java:400)
	at com.kms.katalon.core.main.TestCaseExecutor.accessMainPhase(TestCaseExecutor.java:392)
	at com.kms.katalon.core.main.TestCaseExecutor.execute(TestCaseExecutor.java:273)
	at com.kms.katalon.core.main.TestSuiteExecutor.accessTestCaseMainPhase(TestSuiteExecutor.java:202)
	at com.kms.katalon.core.main.TestSuiteExecutor.accessTestSuiteMainPhase(TestSuiteExecutor.java:164)
	at com.kms.katalon.core.main.TestSuiteExecutor.execute(TestSuiteExecutor.java:105)
	at com.kms.katalon.core.main.TestCaseMain.startTestSuite(TestCaseMain.java:185)
	at com.kms.katalon.core.main.TestCaseMain$startTestSuite$0.call(Unknown Source)
	at TempTestSuite1636988697630.run(TempTestSuite1636988697630.groovy:36)
Caused by: org.openqa.selenium.ElementNotInteractableException: element not interactable
  (Session info: chrome=95.0.4638.69)
Build info: version: '3.141.59', revision: 'e82be7d358', time: '2018-11-14T08:25:53'
System info: host: 'NB-IT11', ip: '192.168.1.7', os.name: 'Windows 10', os.arch: 'amd64', os.version: '10.0', java.version: '1.8.0_282'
Driver info: com.kms.katalon.selenium.driver.CChromeDriver
Capabilities {acceptInsecureCerts: false, browserName: chrome, browserVersion: 95.0.4638.69, chrome: {chromedriverVersion: 94.0.4606.61 (418b78f5838ed..., userDataDir: C:\Users\NICOLA~1.AQU\AppDa...}, goog:chromeOptions: {debuggerAddress: localhost:50777}, javascriptEnabled: true, networkConnectionEnabled: false, pageLoadStrategy: normal, platform: WINDOWS, platformName: WINDOWS, proxy: Proxy(), setWindowRect: true, strictFileInteractability: false, timeouts: {implicit: 0, pageLoad: 300000, script: 30000}, unhandledPromptBehavior: dismiss and notify, webauthn:extension:credBlob: true, webauthn:extension:largeBlob: true, webauthn:virtualAuthenticators: true}
Session ID: 40c1fcd647a6be53cf19e57c2eaf0a58
	at org.openqa.selenium.remote.http.W3CHttpResponseCodec.createException(W3CHttpResponseCodec.java:187)
	at org.openqa.selenium.remote.http.W3CHttpResponseCodec.decode(W3CHttpResponseCodec.java:122)
	at org.openqa.selenium.remote.http.W3CHttpResponseCodec.decode(W3CHttpResponseCodec.java:49)
	at org.openqa.selenium.remote.HttpCommandExecutor.execute(HttpCommandExecutor.java:158)
	at org.openqa.selenium.remote.service.DriverCommandExecutor.execute(DriverCommandExecutor.java:83)
	at org.openqa.selenium.remote.RemoteWebDriver.execute(RemoteWebDriver.java:552)
	at com.kms.katalon.selenium.driver.CChromeDriver.execute(CChromeDriver.java:19)
	at org.openqa.selenium.remote.RemoteWebElement.execute(RemoteWebElement.java:285)
	at org.openqa.selenium.remote.RemoteWebElement.click(RemoteWebElement.java:84)
	at org.openqa.selenium.support.events.EventFiringWebDriver$EventFiringWebElement.lambda$new$0(EventFiringWebDriver.java:404)
	at com.sun.proxy.$Proxy11.click(Unknown Source)
	at org.openqa.selenium.support.events.EventFiringWebDriver$EventFiringWebElement.click(EventFiringWebDriver.java:417)
	at com.kms.katalon.core.webui.keyword.builtin.CheckKeyword$_check_closure1.doCall(CheckKeyword.groovy:80)
	at com.kms.katalon.core.webui.keyword.builtin.CheckKeyword$_check_closure1.call(CheckKeyword.groovy)
	at com.kms.katalon.core.webui.keyword.internal.WebUIKeywordMain.runKeyword(WebUIKeywordMain.groovy:20)
	... 19 more]]></system-out>
      <system-err><![CDATA[2021-11-15 12:05:04 - [TEST_SUITE][FAILED] - Credito Uruguayo: Test Cases/Admin/Credito Uruguayo/Verificación FAILED.
Reason:
com.kms.katalon.core.exception.StepFailedException: Unable to check object 'Object Repository/Admin/Verificacion/input_ConfirmarImagen_1'
	at com.kms.katalon.core.webui.keyword.internal.WebUIKeywordMain.stepFailed(WebUIKeywordMain.groovy:64)
	at com.kms.katalon.core.webui.keyword.internal.WebUIKeywordMain.runKeyword(WebUIKeywordMain.groovy:26)
	at com.kms.katalon.core.webui.keyword.builtin.CheckKeyword.check(CheckKeyword.groovy:88)
	at com.kms.katalon.core.webui.keyword.builtin.CheckKeyword.execute(CheckKeyword.groovy:67)
	at com.kms.katalon.core.keyword.internal.KeywordExecutor.executeKeywordForPlatform(KeywordExecutor.groovy:74)
	at com.kms.katalon.core.webui.keyword.WebUiBuiltInKeywords.check(WebUiBuiltInKeywords.groovy:1069)
	at com.kms.katalon.core.webui.keyword.WebUiBuiltInKeywords$check$17.call(Unknown Source)
	at Verificación.run(Verificación:57)
	at com.kms.katalon.core.main.ScriptEngine.run(ScriptEngine.java:194)
	at com.kms.katalon.core.main.ScriptEngine.runScriptAsRawText(ScriptEngine.java:119)
	at com.kms.katalon.core.main.TestCaseExecutor.runScript(TestCaseExecutor.java:430)
	at com.kms.katalon.core.main.TestCaseExecutor.doExecute(TestCaseExecutor.java:421)
	at com.kms.katalon.core.main.TestCaseExecutor.processExecutionPhase(TestCaseExecutor.java:400)
	at com.kms.katalon.core.main.TestCaseExecutor.accessMainPhase(TestCaseExecutor.java:392)
	at com.kms.katalon.core.main.TestCaseExecutor.execute(TestCaseExecutor.java:273)
	at com.kms.katalon.core.main.TestSuiteExecutor.accessTestCaseMainPhase(TestSuiteExecutor.java:202)
	at com.kms.katalon.core.main.TestSuiteExecutor.accessTestSuiteMainPhase(TestSuiteExecutor.java:164)
	at com.kms.katalon.core.main.TestSuiteExecutor.execute(TestSuiteExecutor.java:105)
	at com.kms.katalon.core.main.TestCaseMain.startTestSuite(TestCaseMain.java:185)
	at com.kms.katalon.core.main.TestCaseMain$startTestSuite$0.call(Unknown Source)
	at TempTestSuite1636988697630.run(TempTestSuite1636988697630.groovy:36)
Caused by: org.openqa.selenium.ElementNotInteractableException: element not interactable
  (Session info: chrome=95.0.4638.69)
Build info: version: '3.141.59', revision: 'e82be7d358', time: '2018-11-14T08:25:53'
System info: host: 'NB-IT11', ip: '192.168.1.7', os.name: 'Windows 10', os.arch: 'amd64', os.version: '10.0', java.version: '1.8.0_282'
Driver info: com.kms.katalon.selenium.driver.CChromeDriver
Capabilities {acceptInsecureCerts: false, browserName: chrome, browserVersion: 95.0.4638.69, chrome: {chromedriverVersion: 94.0.4606.61 (418b78f5838ed..., userDataDir: C:\Users\NICOLA~1.AQU\AppDa...}, goog:chromeOptions: {debuggerAddress: localhost:50777}, javascriptEnabled: true, networkConnectionEnabled: false, pageLoadStrategy: normal, platform: WINDOWS, platformName: WINDOWS, proxy: Proxy(), setWindowRect: true, strictFileInteractability: false, timeouts: {implicit: 0, pageLoad: 300000, script: 30000}, unhandledPromptBehavior: dismiss and notify, webauthn:extension:credBlob: true, webauthn:extension:largeBlob: true, webauthn:virtualAuthenticators: true}
Session ID: 40c1fcd647a6be53cf19e57c2eaf0a58
	at org.openqa.selenium.remote.http.W3CHttpResponseCodec.createException(W3CHttpResponseCodec.java:187)
	at org.openqa.selenium.remote.http.W3CHttpResponseCodec.decode(W3CHttpResponseCodec.java:122)
	at org.openqa.selenium.remote.http.W3CHttpResponseCodec.decode(W3CHttpResponseCodec.java:49)
	at org.openqa.selenium.remote.HttpCommandExecutor.execute(HttpCommandExecutor.java:158)
	at org.openqa.selenium.remote.service.DriverCommandExecutor.execute(DriverCommandExecutor.java:83)
	at org.openqa.selenium.remote.RemoteWebDriver.execute(RemoteWebDriver.java:552)
	at com.kms.katalon.selenium.driver.CChromeDriver.execute(CChromeDriver.java:19)
	at org.openqa.selenium.remote.RemoteWebElement.execute(RemoteWebElement.java:285)
	at org.openqa.selenium.remote.RemoteWebElement.click(RemoteWebElement.java:84)
	at org.openqa.selenium.support.events.EventFiringWebDriver$EventFiringWebElement.lambda$new$0(EventFiringWebDriver.java:404)
	at com.sun.proxy.$Proxy11.click(Unknown Source)
	at org.openqa.selenium.support.events.EventFiringWebDriver$EventFiringWebElement.click(EventFiringWebDriver.java:417)
	at com.kms.katalon.core.webui.keyword.builtin.CheckKeyword$_check_closure1.doCall(CheckKeyword.groovy:80)
	at com.kms.katalon.core.webui.keyword.builtin.CheckKeyword$_check_closure1.call(CheckKeyword.groovy)
	at com.kms.katalon.core.webui.keyword.internal.WebUIKeywordMain.runKeyword(WebUIKeywordMain.groovy:20)
	... 19 more]]></system-err>
   </testsuite>
</testsuites>
