<?xml version="1.0" encoding="UTF-8"?>
<testsuites name="Volvé" time="204.637" tests="5" failures="2" errors="0">
   <testsuite name="Volvé" tests="5" failures="2" errors="0" time="204.637" skipped="0" timestamp="2021-10-28 17:43:25" hostname="nicolas.aquino - ip-192-168-1-5.ec2.internal" id="Test Suites/Primera Venta/Volvé">
      <properties>
         <property name="deviceName" value=""/>
         <property name="devicePlatform" value=""/>
         <property name="logFolder" value="C:\\Users\\nicolas.aquino\\Katalon Studio\\Paigo\\Reports\\20211028_174315\\Primera Venta\\Volv\u00E9\\20211028_174315"/>
         <property name="logFiles" value="C:\\Users\\nicolas.aquino\\Katalon Studio\\Paigo\\Reports\\20211028_174315\\Primera Venta\\Volv\u00E9\\20211028_174315\\execution0.log"/>
         <property name="attachments" value="C:\Users\nicolas.aquino\Desktop\Trabajo\Screenshots Katalon\37403647\1_CedulaGenerada.jpg, C:\\Users\\nicolas.aquino\\Katalon Studio\\Paigo\\Reports\\20211028_174315\\Primera Venta\\Volv\u00E9\\20211028_174315\\1635453941380.png, C:\\Users\\nicolas.aquino\\Katalon Studio\\Paigo\\Reports\\20211028_174315\\Primera Venta\\Volv\u00E9\\20211028_174315\\1635454009794.png"/>
         <property name="hostName" value="nicolas.aquino - ip-192-168-1-5.ec2.internal"/>
         <property name="os" value="Windows 10 64bit"/>
         <property name="katalonVersion" value="8.1.0.208"/>
         <property name="browser" value="Chrome 94.0.4606.81"/>
         <property name="hostAddress" value="192.168.1.5"/>
         <property name="sessionId" value="ef4923844c5d0ca5de3b63b9f3e1f7d9"/>
         <property name="seleniumVersion" value="3.141.59"/>
         <property name="proxyInformation" value="ProxyInformation { proxyOption=NO_PROXY, proxyServerType=HTTP, username=, password=********, proxyServerAddress=, proxyServerPort=0, executionList=&quot;&quot;, isApplyToDesiredCapabilities=true }"/>
         <property name="platform" value="Windows 10"/>
      </properties>
      <testcase name="Test Cases/General/Generar Cedula Random" time="7.524" classname="Test Cases/General/Generar Cedula Random" status="PASSED">
         <system-out><![CDATA[2021-10-28 17:43:25 - [TEST_CASE][PASSED] - Test Cases/General/Generar Cedula Random: Test Cases/General/Generar Cedula Random

2021-10-28 17:43:26 - [TEST_STEP][PASSED] - openBrowser("https://picandocodigo.github.io/ci_js/"): Browser is opened with url: 'https://picandocodigo.github.io/ci_js/'

2021-10-28 17:43:26 - [MESSAGE][INFO] - Starting 'Chrome' driver

2021-10-28 17:43:26 - [MESSAGE][INFO] - Action delay is set to 0 milliseconds

2021-10-28 17:43:29 - [MESSAGE][PASSED] - Browser is opened with url: 'https://picandocodigo.github.io/ci_js/'

2021-10-28 17:43:29 - [TEST_STEP][PASSED] - maximizeWindow(): Current window maximized

2021-10-28 17:43:29 - [MESSAGE][PASSED] - Current window maximized

2021-10-28 17:43:29 - [TEST_STEP][PASSED] - click(findTestObject("Generador de cedulas/botonGenerar")): Object: 'Object Repository/Generador de cedulas/botonGenerar' is clicked on

2021-10-28 17:43:30 - [MESSAGE][PASSED] - Object: 'Object Repository/Generador de cedulas/botonGenerar' is clicked on

2021-10-28 17:43:30 - [TEST_STEP][PASSED] - cedulaRandom = getAttribute(findTestObject("Generador de cedulas/obtenerCedulaRandom"), "value"): Attribute 'value' of object 'Object Repository/Generador de cedulas/obtenerCedulaRandom' is: '99998989'

2021-10-28 17:43:30 - [MESSAGE][PASSED] - Attribute 'value' of object 'Object Repository/Generador de cedulas/obtenerCedulaRandom' is: '99998989'

2021-10-28 17:43:31 - [TEST_STEP][PASSED] - while (cedulaRandom >= "60000000"): Attribute 'value' of object 'Object Repository/Generador de cedulas/obtenerCedulaRandom' is: '37403647'

2021-10-28 17:43:31 - [TEST_STEP][PASSED] - click(findTestObject("Generador de cedulas/botonGenerar")): Object: 'Object Repository/Generador de cedulas/botonGenerar' is clicked on

2021-10-28 17:43:31 - [MESSAGE][PASSED] - Object: 'Object Repository/Generador de cedulas/botonGenerar' is clicked on

2021-10-28 17:43:31 - [TEST_STEP][PASSED] - cedulaRandom = getAttribute(findTestObject("Generador de cedulas/obtenerCedulaRandom"), "value"): Attribute 'value' of object 'Object Repository/Generador de cedulas/obtenerCedulaRandom' is: '67776850'

2021-10-28 17:43:31 - [MESSAGE][PASSED] - Attribute 'value' of object 'Object Repository/Generador de cedulas/obtenerCedulaRandom' is: '67776850'

2021-10-28 17:43:31 - [TEST_STEP][PASSED] - click(findTestObject("Generador de cedulas/botonGenerar")): Object: 'Object Repository/Generador de cedulas/botonGenerar' is clicked on

2021-10-28 17:43:32 - [MESSAGE][PASSED] - Object: 'Object Repository/Generador de cedulas/botonGenerar' is clicked on

2021-10-28 17:43:32 - [TEST_STEP][PASSED] - cedulaRandom = getAttribute(findTestObject("Generador de cedulas/obtenerCedulaRandom"), "value"): Attribute 'value' of object 'Object Repository/Generador de cedulas/obtenerCedulaRandom' is: '37403647'

2021-10-28 17:43:32 - [MESSAGE][PASSED] - Attribute 'value' of object 'Object Repository/Generador de cedulas/obtenerCedulaRandom' is: '37403647'

2021-10-28 17:43:32 - [TEST_STEP][PASSED] - takeScreenshot(C:\Users\nicolas.aquino\Desktop\Trabajo\Screenshots Katalon\$GlobalVariable.cedulaRandom\1_CedulaGenerada.jpg): Taking screenshot successfully

2021-10-28 17:43:33 - [MESSAGE][PASSED] - Taking screenshot successfully
[[ATTACHMENT|C:\Users\nicolas.aquino\Desktop\Trabajo\Screenshots Katalon\37403647\1_CedulaGenerada.jpg]]]]></system-out>
         <system-err><![CDATA[]]></system-err>
      </testcase>
      <testcase name="Test Cases/Volve/VV - Flujo Web" time="128.227" classname="Test Cases/Volve/VV - Flujo Web" status="FAILED">
         <failure type="FAILED" message="Test Cases/Volve/VV - Flujo Web FAILED.
Reason:
com.kms.katalon.core.exception.StepFailedException: Unable to click on object 'Object Repository/Volve/Flujo 4/div_Siguiente'
	at com.kms.katalon.core.webui.keyword.internal.WebUIKeywordMain.stepFailed(WebUIKeywordMain.groovy:64)
	at com.kms.katalon.core.webui.keyword.internal.WebUIKeywordMain.runKeyword(WebUIKeywordMain.groovy:26)
	at com.kms.katalon.core.webui.keyword.builtin.EnhancedClickKeyword.click(EnhancedClickKeyword.groovy:94)
	at com.kms.katalon.core.webui.keyword.builtin.EnhancedClickKeyword.execute(EnhancedClickKeyword.groovy:42)
	at com.kms.katalon.core.keyword.internal.KeywordExecutor.executeKeywordForPlatform(KeywordExecutor.groovy:74)
	at com.kms.katalon.core.webui.keyword.WebUiBuiltInKeywords.enhancedClick(WebUiBuiltInKeywords.groovy:646)
	at com.kms.katalon.core.webui.keyword.WebUiBuiltInKeywords$enhancedClick$8.call(Unknown Source)
	at VV - Flujo Web.run(VV - Flujo Web:151)
	at com.kms.katalon.core.main.ScriptEngine.run(ScriptEngine.java:194)
	at com.kms.katalon.core.main.ScriptEngine.runScriptAsRawText(ScriptEngine.java:119)
	at com.kms.katalon.core.main.TestCaseExecutor.runScript(TestCaseExecutor.java:430)
	at com.kms.katalon.core.main.TestCaseExecutor.doExecute(TestCaseExecutor.java:421)
	at com.kms.katalon.core.main.TestCaseExecutor.processExecutionPhase(TestCaseExecutor.java:400)
	at com.kms.katalon.core.main.TestCaseExecutor.accessMainPhase(TestCaseExecutor.java:392)
	at com.kms.katalon.core.main.TestCaseExecutor.execute(TestCaseExecutor.java:273)
	at com.kms.katalon.core.main.TestSuiteExecutor.accessTestCaseMainPhase(TestSuiteExecutor.java:202)
	at com.kms.katalon.core.main.TestSuiteExecutor.accessTestSuiteMainPhase(TestSuiteExecutor.java:164)
	at com.kms.katalon.core.main.TestSuiteExecutor.execute(TestSuiteExecutor.java:105)
	at com.kms.katalon.core.main.TestCaseMain.startTestSuite(TestCaseMain.java:185)
	at com.kms.katalon.core.main.TestCaseMain$startTestSuite$0.call(Unknown Source)
	at TempTestSuite1635453795588.run(TempTestSuite1635453795588.groovy:36)
Caused by: com.kms.katalon.core.webui.exception.WebElementNotFoundException: Web element with id: 'Object Repository/Volve/Flujo 4/div_Siguiente' located by '//div[@id='__next']/div[2]/div/div/div[3]/a[2]/div' not found
	at com.kms.katalon.core.webui.common.WebUiCommonHelper.findWebElement(WebUiCommonHelper.java:1368)
	at com.kms.katalon.core.webui.keyword.internal.WebUIAbstractKeyword.findWebElement(WebUIAbstractKeyword.groovy:27)
	at com.kms.katalon.core.webui.keyword.internal.WebUIAbstractKeyword.findWebElement(WebUIAbstractKeyword.groovy:26)
	at com.kms.katalon.core.webui.keyword.builtin.EnhancedClickKeyword$_click_closure1.doCall(EnhancedClickKeyword.groovy:66)
	at com.kms.katalon.core.webui.keyword.builtin.EnhancedClickKeyword$_click_closure1.call(EnhancedClickKeyword.groovy)
	at com.kms.katalon.core.webui.keyword.internal.WebUIKeywordMain.runKeyword(WebUIKeywordMain.groovy:20)
	... 19 more
"/>
         <system-out><![CDATA[2021-10-28 17:43:33 - [TEST_CASE][FAILED] - Test Cases/Volve/VV - Flujo Web: Test Cases/Volve/VV - Flujo Web FAILED.
Reason:
com.kms.katalon.core.exception.StepFailedException: Unable to click on object 'Object Repository/Volve/Flujo 4/div_Siguiente'
	at com.kms.katalon.core.webui.keyword.internal.WebUIKeywordMain.stepFailed(WebUIKeywordMain.groovy:64)
	at com.kms.katalon.core.webui.keyword.internal.WebUIKeywordMain.runKeyword(WebUIKeywordMain.groovy:26)
	at com.kms.katalon.core.webui.keyword.builtin.EnhancedClickKeyword.click(EnhancedClickKeyword.groovy:94)
	at com.kms.katalon.core.webui.keyword.builtin.EnhancedClickKeyword.execute(EnhancedClickKeyword.groovy:42)
	at com.kms.katalon.core.keyword.internal.KeywordExecutor.executeKeywordForPlatform(KeywordExecutor.groovy:74)
	at com.kms.katalon.core.webui.keyword.WebUiBuiltInKeywords.enhancedClick(WebUiBuiltInKeywords.groovy:646)
	at com.kms.katalon.core.webui.keyword.WebUiBuiltInKeywords$enhancedClick$8.call(Unknown Source)
	at VV - Flujo Web.run(VV - Flujo Web:151)
	at com.kms.katalon.core.main.ScriptEngine.run(ScriptEngine.java:194)
	at com.kms.katalon.core.main.ScriptEngine.runScriptAsRawText(ScriptEngine.java:119)
	at com.kms.katalon.core.main.TestCaseExecutor.runScript(TestCaseExecutor.java:430)
	at com.kms.katalon.core.main.TestCaseExecutor.doExecute(TestCaseExecutor.java:421)
	at com.kms.katalon.core.main.TestCaseExecutor.processExecutionPhase(TestCaseExecutor.java:400)
	at com.kms.katalon.core.main.TestCaseExecutor.accessMainPhase(TestCaseExecutor.java:392)
	at com.kms.katalon.core.main.TestCaseExecutor.execute(TestCaseExecutor.java:273)
	at com.kms.katalon.core.main.TestSuiteExecutor.accessTestCaseMainPhase(TestSuiteExecutor.java:202)
	at com.kms.katalon.core.main.TestSuiteExecutor.accessTestSuiteMainPhase(TestSuiteExecutor.java:164)
	at com.kms.katalon.core.main.TestSuiteExecutor.execute(TestSuiteExecutor.java:105)
	at com.kms.katalon.core.main.TestCaseMain.startTestSuite(TestCaseMain.java:185)
	at com.kms.katalon.core.main.TestCaseMain$startTestSuite$0.call(Unknown Source)
	at TempTestSuite1635453795588.run(TempTestSuite1635453795588.groovy:36)
Caused by: com.kms.katalon.core.webui.exception.WebElementNotFoundException: Web element with id: 'Object Repository/Volve/Flujo 4/div_Siguiente' located by '//div[@id='__next']/div[2]/div/div/div[3]/a[2]/div' not found
	at com.kms.katalon.core.webui.common.WebUiCommonHelper.findWebElement(WebUiCommonHelper.java:1368)
	at com.kms.katalon.core.webui.keyword.internal.WebUIAbstractKeyword.findWebElement(WebUIAbstractKeyword.groovy:27)
	at com.kms.katalon.core.webui.keyword.internal.WebUIAbstractKeyword.findWebElement(WebUIAbstractKeyword.groovy:26)
	at com.kms.katalon.core.webui.keyword.builtin.EnhancedClickKeyword$_click_closure1.doCall(EnhancedClickKeyword.groovy:66)
	at com.kms.katalon.core.webui.keyword.builtin.EnhancedClickKeyword$_click_closure1.call(EnhancedClickKeyword.groovy)
	at com.kms.katalon.core.webui.keyword.internal.WebUIKeywordMain.runKeyword(WebUIKeywordMain.groovy:20)
	... 19 more


2021-10-28 17:43:33 - [TEST_STEP][PASSED] - currentPage = getUrl(): Current window's url is: 'https://picandocodigo.github.io/ci_js/'

2021-10-28 17:43:33 - [MESSAGE][PASSED] - Current window's url is: 'https://picandocodigo.github.io/ci_js/'

2021-10-28 17:43:33 - [TEST_STEP][PASSED] - currentTab = getWindowIndex(): Current window's index is: 0

2021-10-28 17:43:34 - [MESSAGE][PASSED] - Current window's index is: 0

2021-10-28 17:43:34 - [TEST_STEP][PASSED] - driver = getWebDriver(): null

2021-10-28 17:43:34 - [TEST_STEP][PASSED] - js = driver: null

2021-10-28 17:43:34 - [TEST_STEP][PASSED] - js.executeScript("window.open();"): null

2021-10-28 17:43:34 - [TEST_STEP][PASSED] - switchToWindowIndex(currentTab + 1): Switched to window with index: '1'

2021-10-28 17:43:34 - [MESSAGE][PASSED] - Switched to window with index: '1'

2021-10-28 17:43:34 - [TEST_STEP][PASSED] - navigateToUrl(Volve): Navigate to 'https://stage-www.volve.com.uy' successfully

2021-10-28 17:43:37 - [MESSAGE][PASSED] - Navigate to 'https://stage-www.volve.com.uy' successfully

2021-10-28 17:43:37 - [TEST_STEP][PASSED] - enhancedClick(findTestObject("Volve/Inicio/button_Quiero intentarlo"), STOP_ON_FAILURE): Object: 'Object Repository/Volve/Inicio/button_Quiero intentarlo' is clicked on

2021-10-28 17:43:38 - [MESSAGE][PASSED] - Object: 'Object Repository/Volve/Inicio/button_Quiero intentarlo' is clicked on

2021-10-28 17:43:38 - [TEST_STEP][PASSED] - delay(1): Delayed 1 second(s)

2021-10-28 17:43:39 - [MESSAGE][PASSED] - Delayed 1 second(s)

2021-10-28 17:43:39 - [TEST_STEP][PASSED] - enhancedClick(findTestObject("Volve/Inicio/button_Comenzar")): Object: 'Object Repository/Volve/Inicio/button_Comenzar' is clicked on

2021-10-28 17:43:41 - [MESSAGE][PASSED] - Object: 'Object Repository/Volve/Inicio/button_Comenzar' is clicked on

2021-10-28 17:43:41 - [TEST_STEP][PASSED] - setText(findTestObject("Volve/Flujo 1/input_Cedula"), cedulaRandom): Text '37403647' is set on object 'Object Repository/Volve/Flujo 1/input_Cedula'

2021-10-28 17:43:43 - [MESSAGE][PASSED] - Text '37403647' is set on object 'Object Repository/Volve/Flujo 1/input_Cedula'

2021-10-28 17:43:43 - [TEST_STEP][PASSED] - setText(findTestObject("Volve/Flujo 1/input_Celular"), celular): Text '094040738' is set on object 'Object Repository/Volve/Flujo 1/input_Celular'

2021-10-28 17:43:44 - [MESSAGE][PASSED] - Text '094040738' is set on object 'Object Repository/Volve/Flujo 1/input_Celular'

2021-10-28 17:43:44 - [TEST_STEP][PASSED] - setText(findTestObject("Volve/Flujo 1/input_Telefono"), findTestData("DatosUsuario").getValue(2, 4)): Text '22222222' is set on object 'Object Repository/Volve/Flujo 1/input_Telefono'

2021-10-28 17:43:45 - [MESSAGE][PASSED] - Text '22222222' is set on object 'Object Repository/Volve/Flujo 1/input_Telefono'

2021-10-28 17:43:45 - [TEST_STEP][PASSED] - setText(findTestObject("Volve/Flujo 1/input_TelefonoContacto"), telefonoContacto): Text '094123123' is set on object 'Object Repository/Volve/Flujo 1/input_TelefonoContacto'

2021-10-28 17:43:46 - [MESSAGE][PASSED] - Text '094123123' is set on object 'Object Repository/Volve/Flujo 1/input_TelefonoContacto'

2021-10-28 17:43:46 - [TEST_STEP][PASSED] - selectOptionByValue(findTestObject("Volve/Flujo 1/select_RelacionContacto"), "Friend", false): All options with value 'Friend' are selected in object 'Object Repository/Volve/Flujo 1/select_RelacionContacto' 

2021-10-28 17:43:47 - [MESSAGE][PASSED] - All options with value 'Friend' are selected in object 'Object Repository/Volve/Flujo 1/select_RelacionContacto' 

2021-10-28 17:43:47 - [TEST_STEP][PASSED] - enhancedClick(findTestObject("Volve/Flujo 1/input_TyC")): Object: 'Object Repository/Volve/Flujo 1/input_TyC' is clicked on

2021-10-28 17:43:48 - [MESSAGE][PASSED] - Object: 'Object Repository/Volve/Flujo 1/input_TyC' is clicked on

2021-10-28 17:43:48 - [TEST_STEP][PASSED] - enhancedClick(findTestObject("Volve/Flujo 1/div_Siguiente")): Object: 'Object Repository/Volve/Flujo 1/div_Siguiente' is clicked on

2021-10-28 17:43:50 - [MESSAGE][PASSED] - Object: 'Object Repository/Volve/Flujo 1/div_Siguiente' is clicked on

2021-10-28 17:43:50 - [TEST_STEP][PASSED] - waitForElementVisible(findTestObject("Volve/Flujo 2/input_Nombre"), 0): Object 'Object Repository/Volve/Flujo 2/input_Nombre' is visible

2021-10-28 17:43:50 - [MESSAGE][WARNING] - Timeout '0' is invalid. Using default page load timeout: '30'

2021-10-28 17:43:51 - [MESSAGE][PASSED] - Object 'Object Repository/Volve/Flujo 2/input_Nombre' is visible

2021-10-28 17:43:51 - [TEST_STEP][PASSED] - setText(findTestObject("Volve/Flujo 2/input_Nombre"), findTestData("DatosUsuario").getValue(2, 7)): Text 'Nicolas' is set on object 'Object Repository/Volve/Flujo 2/input_Nombre'

2021-10-28 17:43:52 - [MESSAGE][PASSED] - Text 'Nicolas' is set on object 'Object Repository/Volve/Flujo 2/input_Nombre'

2021-10-28 17:43:52 - [TEST_STEP][PASSED] - setText(findTestObject("Volve/Flujo 2/input_Apellido"), findTestData("DatosUsuario").getValue(2, 8)): Text 'Aquino' is set on object 'Object Repository/Volve/Flujo 2/input_Apellido'

2021-10-28 17:43:53 - [MESSAGE][PASSED] - Text 'Aquino' is set on object 'Object Repository/Volve/Flujo 2/input_Apellido'

2021-10-28 17:43:53 - [TEST_STEP][PASSED] - setText(findTestObject("Volve/Flujo 2/input_Email"), findTestData("DatosUsuario").getValue(2, 6)): Text 'nicolas.aquino@paigo.com.uyy' is set on object 'Object Repository/Volve/Flujo 2/input_Email'

2021-10-28 17:43:53 - [MESSAGE][PASSED] - Text 'nicolas.aquino@paigo.com.uyy' is set on object 'Object Repository/Volve/Flujo 2/input_Email'

2021-10-28 17:43:53 - [TEST_STEP][PASSED] - delay(0.5): Delayed 0,5 second(s)

2021-10-28 17:43:54 - [MESSAGE][PASSED] - Delayed 0,5 second(s)

2021-10-28 17:43:54 - [TEST_STEP][PASSED] - sendKeys(findTestObject("Volve/Flujo 2/input_Email"), Keys.chord(BACK_SPACE)): Keys 'BACK_SPACE + ' sent to object: 'Object Repository/Volve/Flujo 2/input_Email'

2021-10-28 17:43:54 - [MESSAGE][PASSED] - Keys 'BACK_SPACE + ' sent to object: 'Object Repository/Volve/Flujo 2/input_Email'

2021-10-28 17:43:54 - [TEST_STEP][PASSED] - delay(1): Delayed 1 second(s)

2021-10-28 17:43:55 - [MESSAGE][PASSED] - Delayed 1 second(s)

2021-10-28 17:43:55 - [TEST_STEP][PASSED] - selectOptionByValue(findTestObject("Volve/Flujo 2/select_Dia"), "14", false): All options with value '14' are selected in object 'Object Repository/Volve/Flujo 2/select_Dia' 

2021-10-28 17:43:56 - [MESSAGE][PASSED] - All options with value '14' are selected in object 'Object Repository/Volve/Flujo 2/select_Dia' 

2021-10-28 17:43:56 - [TEST_STEP][PASSED] - selectOptionByValue(findTestObject("Volve/Flujo 2/select_Mes"), "1", false): All options with value '1' are selected in object 'Object Repository/Volve/Flujo 2/select_Mes' 

2021-10-28 17:43:57 - [MESSAGE][PASSED] - All options with value '1' are selected in object 'Object Repository/Volve/Flujo 2/select_Mes' 

2021-10-28 17:43:57 - [TEST_STEP][PASSED] - selectOptionByValue(findTestObject("Volve/Flujo 2/select_Anio"), "1970", false): All options with value '1970' are selected in object 'Object Repository/Volve/Flujo 2/select_Anio' 

2021-10-28 17:43:57 - [MESSAGE][PASSED] - All options with value '1970' are selected in object 'Object Repository/Volve/Flujo 2/select_Anio' 

2021-10-28 17:43:57 - [TEST_STEP][PASSED] - sendKeys(findTestObject("Volve/Flujo 2/select_Anio"), Keys.chord(TAB, ARROW_DOWN)): Keys 'TAB + DOWN + ' sent to object: 'Object Repository/Volve/Flujo 2/select_Anio'

2021-10-28 17:43:58 - [MESSAGE][PASSED] - Keys 'TAB + DOWN + ' sent to object: 'Object Repository/Volve/Flujo 2/select_Anio'

2021-10-28 17:43:58 - [TEST_STEP][PASSED] - sendKeys(findTestObject("Volve/Flujo 2/select_Departamento"), Keys.chord(TAB, ARROW_DOWN)): Keys 'TAB + DOWN + ' sent to object: 'Object Repository/Volve/Flujo 2/select_Departamento'

2021-10-28 17:43:58 - [MESSAGE][PASSED] - Keys 'TAB + DOWN + ' sent to object: 'Object Repository/Volve/Flujo 2/select_Departamento'

2021-10-28 17:43:58 - [TEST_STEP][PASSED] - selectOptionByValue(findTestObject("Volve/Flujo 2/select_Genero"), "Male", false): All options with value 'Male' are selected in object 'Object Repository/Volve/Flujo 2/select_Genero' 

2021-10-28 17:43:59 - [MESSAGE][PASSED] - All options with value 'Male' are selected in object 'Object Repository/Volve/Flujo 2/select_Genero' 

2021-10-28 17:43:59 - [TEST_STEP][PASSED] - enhancedClick(findTestObject("Volve/Flujo 2/div_Siguiente")): Object: 'Object Repository/Volve/Flujo 2/div_Siguiente' is clicked on

2021-10-28 17:43:59 - [MESSAGE][PASSED] - Object: 'Object Repository/Volve/Flujo 2/div_Siguiente' is clicked on

2021-10-28 17:43:59 - [TEST_STEP][PASSED] - waitForElementVisible(findTestObject("Volve/Flujo 3/select_Ocupacion"), 0): Object 'Object Repository/Volve/Flujo 3/select_Ocupacion' is visible

2021-10-28 17:43:59 - [MESSAGE][WARNING] - Timeout '0' is invalid. Using default page load timeout: '30'

2021-10-28 17:44:01 - [MESSAGE][PASSED] - Object 'Object Repository/Volve/Flujo 3/select_Ocupacion' is visible

2021-10-28 17:44:01 - [TEST_STEP][PASSED] - selectOptionByValue(findTestObject("Volve/Flujo 3/select_Ocupacion"), "TrabajoJornadaCompleta", false): All options with value 'TrabajoJornadaCompleta' are selected in object 'Object Repository/Volve/Flujo 3/select_Ocupacion' 

2021-10-28 17:44:01 - [MESSAGE][PASSED] - All options with value 'TrabajoJornadaCompleta' are selected in object 'Object Repository/Volve/Flujo 3/select_Ocupacion' 

2021-10-28 17:44:01 - [TEST_STEP][PASSED] - selectOptionByValue(findTestObject("Volve/Flujo 3/select_tiempoOcupacion"), "0a3", false): All options with value '0a3' are selected in object 'Object Repository/Volve/Flujo 3/select_tiempoOcupacion' 

2021-10-28 17:44:02 - [MESSAGE][PASSED] - All options with value '0a3' are selected in object 'Object Repository/Volve/Flujo 3/select_tiempoOcupacion' 

2021-10-28 17:44:02 - [TEST_STEP][PASSED] - setText(findTestObject("Volve/Flujo 3/input_Ingresos"), "5000"): Text '5000' is set on object 'Object Repository/Volve/Flujo 3/input_Ingresos'

2021-10-28 17:44:03 - [MESSAGE][PASSED] - Text '5000' is set on object 'Object Repository/Volve/Flujo 3/input_Ingresos'

2021-10-28 17:44:03 - [TEST_STEP][PASSED] - selectOptionByValue(findTestObject("Volve/Flujo 3/select_PersonasACargo"), "false", false): All options with value 'false' are selected in object 'Object Repository/Volve/Flujo 3/select_PersonasACargo' 

2021-10-28 17:44:03 - [MESSAGE][PASSED] - All options with value 'false' are selected in object 'Object Repository/Volve/Flujo 3/select_PersonasACargo' 

2021-10-28 17:44:03 - [TEST_STEP][PASSED] - enhancedClick(findTestObject("Volve/Flujo 3/div_Siguiente")): Object: 'Object Repository/Volve/Flujo 3/div_Siguiente' is clicked on

2021-10-28 17:44:05 - [MESSAGE][PASSED] - Object: 'Object Repository/Volve/Flujo 3/div_Siguiente' is clicked on

2021-10-28 17:44:05 - [TEST_STEP][PASSED] - waitForElementVisible(findTestObject("Volve/Flujo 4/div_Siguiente"), 0): Object 'Object Repository/Volve/Flujo 4/div_Siguiente' is visible

2021-10-28 17:44:05 - [MESSAGE][WARNING] - Timeout '0' is invalid. Using default page load timeout: '30'

2021-10-28 17:44:19 - [MESSAGE][PASSED] - Object 'Object Repository/Volve/Flujo 4/div_Siguiente' is visible

2021-10-28 17:44:19 - [TEST_STEP][PASSED] - enhancedClick(findTestObject("Volve/Flujo 4/div_Siguiente")): Object: 'Object Repository/Volve/Flujo 4/div_Siguiente' is clicked on

2021-10-28 17:44:20 - [MESSAGE][PASSED] - Object: 'Object Repository/Volve/Flujo 4/div_Siguiente' is clicked on

2021-10-28 17:44:20 - [TEST_STEP][PASSED] - waitForElementVisible(findTestObject("Volve/Flujo 4/select_Vencimiento"), 0): Object 'Object Repository/Volve/Flujo 4/select_Vencimiento' is visible

2021-10-28 17:44:20 - [MESSAGE][WARNING] - Timeout '0' is invalid. Using default page load timeout: '30'

2021-10-28 17:44:22 - [MESSAGE][PASSED] - Object 'Object Repository/Volve/Flujo 4/select_Vencimiento' is visible

2021-10-28 17:44:22 - [TEST_STEP][PASSED] - sendKeys(findTestObject("Volve/Flujo 4/a_Preguntas frecuentes"), Keys.chord(TAB, ARROW_DOWN), STOP_ON_FAILURE): Keys 'TAB + DOWN + ' sent to object: 'Object Repository/Volve/Flujo 4/a_Preguntas frecuentes'

2021-10-28 17:44:22 - [MESSAGE][PASSED] - Keys 'TAB + DOWN + ' sent to object: 'Object Repository/Volve/Flujo 4/a_Preguntas frecuentes'

2021-10-28 17:44:22 - [TEST_STEP][PASSED] - waitForElementVisible(findTestObject("Volve/Flujo 4/select_Banco"), 0): Object 'Object Repository/Volve/Flujo 4/select_Banco' is visible

2021-10-28 17:44:22 - [MESSAGE][WARNING] - Timeout '0' is invalid. Using default page load timeout: '30'

2021-10-28 17:44:30 - [MESSAGE][PASSED] - Object 'Object Repository/Volve/Flujo 4/select_Banco' is visible

2021-10-28 17:44:30 - [TEST_STEP][PASSED] - sendKeys(findTestObject("Volve/Flujo 4/select_Vencimiento"), Keys.chord(TAB, ARROW_DOWN), STOP_ON_FAILURE): Keys 'TAB + DOWN + ' sent to object: 'Object Repository/Volve/Flujo 4/select_Vencimiento'

2021-10-28 17:44:30 - [MESSAGE][PASSED] - Keys 'TAB + DOWN + ' sent to object: 'Object Repository/Volve/Flujo 4/select_Vencimiento'

2021-10-28 17:44:30 - [TEST_STEP][PASSED] - setText(findTestObject("Volve/Flujo 4/input_CuentaBancaria"), findTestData("DatosUsuario").getValue(2, 10)): Text '1234567' is set on object 'Object Repository/Volve/Flujo 4/input_CuentaBancaria'

2021-10-28 17:44:31 - [MESSAGE][PASSED] - Text '1234567' is set on object 'Object Repository/Volve/Flujo 4/input_CuentaBancaria'

2021-10-28 17:44:31 - [TEST_STEP][PASSED] - enhancedClick(findTestObject("Volve/Flujo 4/input_TyC")): Object: 'Object Repository/Volve/Flujo 4/input_TyC' is clicked on

2021-10-28 17:44:33 - [MESSAGE][PASSED] - Object: 'Object Repository/Volve/Flujo 4/input_TyC' is clicked on

2021-10-28 17:44:33 - [TEST_STEP][PASSED] - enhancedClick(findTestObject("Volve/Flujo 4/div_Siguiente")): Object: 'Object Repository/Volve/Flujo 4/div_Siguiente' is clicked on

2021-10-28 17:44:35 - [MESSAGE][PASSED] - Object: 'Object Repository/Volve/Flujo 4/div_Siguiente' is clicked on

2021-10-28 17:44:35 - [TEST_STEP][PASSED] - waitForElementVisible(findTestObject("Volve/Flujo 4/a_ConfirmarCredito"), 0): Object 'Object Repository/Volve/Flujo 4/a_ConfirmarCredito' is visible

2021-10-28 17:44:35 - [MESSAGE][WARNING] - Timeout '0' is invalid. Using default page load timeout: '30'

2021-10-28 17:44:36 - [MESSAGE][PASSED] - Object 'Object Repository/Volve/Flujo 4/a_ConfirmarCredito' is visible

2021-10-28 17:44:36 - [TEST_STEP][PASSED] - enhancedClick(findTestObject("Volve/Flujo 4/a_ConfirmarCredito")): Object: 'Object Repository/Volve/Flujo 4/a_ConfirmarCredito' is clicked on

2021-10-28 17:44:37 - [MESSAGE][PASSED] - Object: 'Object Repository/Volve/Flujo 4/a_ConfirmarCredito' is clicked on

2021-10-28 17:44:37 - [TEST_STEP][PASSED] - waitForElementVisible(findTestObject("Volve/Flujo 5/input_CodigoSMS"), 0): Object 'Object Repository/Volve/Flujo 5/input_CodigoSMS' is visible

2021-10-28 17:44:37 - [MESSAGE][WARNING] - Timeout '0' is invalid. Using default page load timeout: '30'

2021-10-28 17:44:38 - [MESSAGE][PASSED] - Object 'Object Repository/Volve/Flujo 5/input_CodigoSMS' is visible

2021-10-28 17:44:38 - [TEST_STEP][PASSED] - waitForElementVisible(findTestObject("Volve/Flujo 4/div_Siguiente"), 0): Web element with id: 'Object Repository/Volve/Flujo 4/div_Siguiente' located by '//div[@id='__next']/div[2]/div/div/div[3]/a[2]/div' not found

2021-10-28 17:44:38 - [MESSAGE][WARNING] - Timeout '0' is invalid. Using default page load timeout: '30'

2021-10-28 17:45:10 - [MESSAGE][INFO] - Unable to find the element located by 'By.xpath: //div[@id='__next']/div[2]/div/div/div[3]/a[2]/div'. Please recheck the objects properties to make sure the desired element is located. 

2021-10-28 17:45:10 - [MESSAGE][WARNING] - Web element with id: 'Object Repository/Volve/Flujo 4/div_Siguiente' located by '//div[@id='__next']/div[2]/div/div/div[3]/a[2]/div' not found

2021-10-28 17:45:10 - [TEST_STEP][FAILED] - enhancedClick(findTestObject("Volve/Flujo 4/div_Siguiente")): Unable to click on object 'Object Repository/Volve/Flujo 4/div_Siguiente' (Root cause: com.kms.katalon.core.exception.StepFailedException: Unable to click on object 'Object Repository/Volve/Flujo 4/div_Siguiente'
	at com.kms.katalon.core.webui.keyword.internal.WebUIKeywordMain.stepFailed(WebUIKeywordMain.groovy:64)
	at com.kms.katalon.core.webui.keyword.internal.WebUIKeywordMain.runKeyword(WebUIKeywordMain.groovy:26)
	at com.kms.katalon.core.webui.keyword.builtin.EnhancedClickKeyword.click(EnhancedClickKeyword.groovy:94)
	at com.kms.katalon.core.webui.keyword.builtin.EnhancedClickKeyword.execute(EnhancedClickKeyword.groovy:42)
	at com.kms.katalon.core.keyword.internal.KeywordExecutor.executeKeywordForPlatform(KeywordExecutor.groovy:74)
	at com.kms.katalon.core.webui.keyword.WebUiBuiltInKeywords.enhancedClick(WebUiBuiltInKeywords.groovy:646)
	at com.kms.katalon.core.webui.keyword.WebUiBuiltInKeywords$enhancedClick$8.call(Unknown Source)
	at VV - Flujo Web.run(VV - Flujo Web:151)
	at com.kms.katalon.core.main.ScriptEngine.run(ScriptEngine.java:194)
	at com.kms.katalon.core.main.ScriptEngine.runScriptAsRawText(ScriptEngine.java:119)
	at com.kms.katalon.core.main.TestCaseExecutor.runScript(TestCaseExecutor.java:430)
	at com.kms.katalon.core.main.TestCaseExecutor.doExecute(TestCaseExecutor.java:421)
	at com.kms.katalon.core.main.TestCaseExecutor.processExecutionPhase(TestCaseExecutor.java:400)
	at com.kms.katalon.core.main.TestCaseExecutor.accessMainPhase(TestCaseExecutor.java:392)
	at com.kms.katalon.core.main.TestCaseExecutor.execute(TestCaseExecutor.java:273)
	at com.kms.katalon.core.main.TestSuiteExecutor.accessTestCaseMainPhase(TestSuiteExecutor.java:202)
	at com.kms.katalon.core.main.TestSuiteExecutor.accessTestSuiteMainPhase(TestSuiteExecutor.java:164)
	at com.kms.katalon.core.main.TestSuiteExecutor.execute(TestSuiteExecutor.java:105)
	at com.kms.katalon.core.main.TestCaseMain.startTestSuite(TestCaseMain.java:185)
	at com.kms.katalon.core.main.TestCaseMain$startTestSuite$0.call(Unknown Source)
	at TempTestSuite1635453795588.run(TempTestSuite1635453795588.groovy:36)
Caused by: com.kms.katalon.core.webui.exception.WebElementNotFoundException: Web element with id: 'Object Repository/Volve/Flujo 4/div_Siguiente' located by '//div[@id='__next']/div[2]/div/div/div[3]/a[2]/div' not found
	at com.kms.katalon.core.webui.common.WebUiCommonHelper.findWebElement(WebUiCommonHelper.java:1368)
	at com.kms.katalon.core.webui.keyword.internal.WebUIAbstractKeyword.findWebElement(WebUIAbstractKeyword.groovy:27)
	at com.kms.katalon.core.webui.keyword.internal.WebUIAbstractKeyword.findWebElement(WebUIAbstractKeyword.groovy:26)
	at com.kms.katalon.core.webui.keyword.builtin.EnhancedClickKeyword$_click_closure1.doCall(EnhancedClickKeyword.groovy:66)
	at com.kms.katalon.core.webui.keyword.builtin.EnhancedClickKeyword$_click_closure1.call(EnhancedClickKeyword.groovy)
	at com.kms.katalon.core.webui.keyword.internal.WebUIKeywordMain.runKeyword(WebUIKeywordMain.groovy:20)
	at com.kms.katalon.core.webui.keyword.builtin.EnhancedClickKeyword.click(EnhancedClickKeyword.groovy:94)
	at com.kms.katalon.core.webui.keyword.builtin.EnhancedClickKeyword.execute(EnhancedClickKeyword.groovy:42)
	at com.kms.katalon.core.keyword.internal.KeywordExecutor.executeKeywordForPlatform(KeywordExecutor.groovy:74)
	at com.kms.katalon.core.webui.keyword.WebUiBuiltInKeywords.enhancedClick(WebUiBuiltInKeywords.groovy:646)
	at com.kms.katalon.core.webui.keyword.WebUiBuiltInKeywords$enhancedClick$8.call(Unknown Source)
	at Script1634657370185.run(Script1634657370185.groovy:151)
	... 13 more
)

2021-10-28 17:45:41 - [MESSAGE][INFO] - Unable to find the element located by 'By.xpath: //div[@id='__next']/div[2]/div/div/div[3]/a[2]/div'. Please recheck the objects properties to make sure the desired element is located. 

2021-10-28 17:45:41 - [MESSAGE][FAILED] - Unable to click on object 'Object Repository/Volve/Flujo 4/div_Siguiente' (Root cause: com.kms.katalon.core.exception.StepFailedException: Unable to click on object 'Object Repository/Volve/Flujo 4/div_Siguiente'
	at com.kms.katalon.core.webui.keyword.internal.WebUIKeywordMain.stepFailed(WebUIKeywordMain.groovy:64)
	at com.kms.katalon.core.webui.keyword.internal.WebUIKeywordMain.runKeyword(WebUIKeywordMain.groovy:26)
	at com.kms.katalon.core.webui.keyword.builtin.EnhancedClickKeyword.click(EnhancedClickKeyword.groovy:94)
	at com.kms.katalon.core.webui.keyword.builtin.EnhancedClickKeyword.execute(EnhancedClickKeyword.groovy:42)
	at com.kms.katalon.core.keyword.internal.KeywordExecutor.executeKeywordForPlatform(KeywordExecutor.groovy:74)
	at com.kms.katalon.core.webui.keyword.WebUiBuiltInKeywords.enhancedClick(WebUiBuiltInKeywords.groovy:646)
	at com.kms.katalon.core.webui.keyword.WebUiBuiltInKeywords$enhancedClick$8.call(Unknown Source)
	at VV - Flujo Web.run(VV - Flujo Web:151)
	at com.kms.katalon.core.main.ScriptEngine.run(ScriptEngine.java:194)
	at com.kms.katalon.core.main.ScriptEngine.runScriptAsRawText(ScriptEngine.java:119)
	at com.kms.katalon.core.main.TestCaseExecutor.runScript(TestCaseExecutor.java:430)
	at com.kms.katalon.core.main.TestCaseExecutor.doExecute(TestCaseExecutor.java:421)
	at com.kms.katalon.core.main.TestCaseExecutor.processExecutionPhase(TestCaseExecutor.java:400)
	at com.kms.katalon.core.main.TestCaseExecutor.accessMainPhase(TestCaseExecutor.java:392)
	at com.kms.katalon.core.main.TestCaseExecutor.execute(TestCaseExecutor.java:273)
	at com.kms.katalon.core.main.TestSuiteExecutor.accessTestCaseMainPhase(TestSuiteExecutor.java:202)
	at com.kms.katalon.core.main.TestSuiteExecutor.accessTestSuiteMainPhase(TestSuiteExecutor.java:164)
	at com.kms.katalon.core.main.TestSuiteExecutor.execute(TestSuiteExecutor.java:105)
	at com.kms.katalon.core.main.TestCaseMain.startTestSuite(TestCaseMain.java:185)
	at com.kms.katalon.core.main.TestCaseMain$startTestSuite$0.call(Unknown Source)
	at TempTestSuite1635453795588.run(TempTestSuite1635453795588.groovy:36)
Caused by: com.kms.katalon.core.webui.exception.WebElementNotFoundException: Web element with id: 'Object Repository/Volve/Flujo 4/div_Siguiente' located by '//div[@id='__next']/div[2]/div/div/div[3]/a[2]/div' not found
	at com.kms.katalon.core.webui.common.WebUiCommonHelper.findWebElement(WebUiCommonHelper.java:1368)
	at com.kms.katalon.core.webui.keyword.internal.WebUIAbstractKeyword.findWebElement(WebUIAbstractKeyword.groovy:27)
	at com.kms.katalon.core.webui.keyword.internal.WebUIAbstractKeyword.findWebElement(WebUIAbstractKeyword.groovy:26)
	at com.kms.katalon.core.webui.keyword.builtin.EnhancedClickKeyword$_click_closure1.doCall(EnhancedClickKeyword.groovy:66)
	at com.kms.katalon.core.webui.keyword.builtin.EnhancedClickKeyword$_click_closure1.call(EnhancedClickKeyword.groovy)
	at com.kms.katalon.core.webui.keyword.internal.WebUIKeywordMain.runKeyword(WebUIKeywordMain.groovy:20)
	at com.kms.katalon.core.webui.keyword.builtin.EnhancedClickKeyword.click(EnhancedClickKeyword.groovy:94)
	at com.kms.katalon.core.webui.keyword.builtin.EnhancedClickKeyword.execute(EnhancedClickKeyword.groovy:42)
	at com.kms.katalon.core.keyword.internal.KeywordExecutor.executeKeywordForPlatform(KeywordExecutor.groovy:74)
	at com.kms.katalon.core.webui.keyword.WebUiBuiltInKeywords.enhancedClick(WebUiBuiltInKeywords.groovy:646)
	at com.kms.katalon.core.webui.keyword.WebUiBuiltInKeywords$enhancedClick$8.call(Unknown Source)
	at Script1634657370185.run(Script1634657370185.groovy:151)
	... 13 more
)
[[ATTACHMENT|C:\\Users\\nicolas.aquino\\Katalon Studio\\Paigo\\Reports\\20211028_174315\\Primera Venta\\Volv\u00E9\\20211028_174315\\1635453941380.png]]]]></system-out>
         <system-err><![CDATA[2021-10-28 17:43:33 - [TEST_CASE][FAILED] - Test Cases/Volve/VV - Flujo Web: Test Cases/Volve/VV - Flujo Web FAILED.
Reason:
com.kms.katalon.core.exception.StepFailedException: Unable to click on object 'Object Repository/Volve/Flujo 4/div_Siguiente'
	at com.kms.katalon.core.webui.keyword.internal.WebUIKeywordMain.stepFailed(WebUIKeywordMain.groovy:64)
	at com.kms.katalon.core.webui.keyword.internal.WebUIKeywordMain.runKeyword(WebUIKeywordMain.groovy:26)
	at com.kms.katalon.core.webui.keyword.builtin.EnhancedClickKeyword.click(EnhancedClickKeyword.groovy:94)
	at com.kms.katalon.core.webui.keyword.builtin.EnhancedClickKeyword.execute(EnhancedClickKeyword.groovy:42)
	at com.kms.katalon.core.keyword.internal.KeywordExecutor.executeKeywordForPlatform(KeywordExecutor.groovy:74)
	at com.kms.katalon.core.webui.keyword.WebUiBuiltInKeywords.enhancedClick(WebUiBuiltInKeywords.groovy:646)
	at com.kms.katalon.core.webui.keyword.WebUiBuiltInKeywords$enhancedClick$8.call(Unknown Source)
	at VV - Flujo Web.run(VV - Flujo Web:151)
	at com.kms.katalon.core.main.ScriptEngine.run(ScriptEngine.java:194)
	at com.kms.katalon.core.main.ScriptEngine.runScriptAsRawText(ScriptEngine.java:119)
	at com.kms.katalon.core.main.TestCaseExecutor.runScript(TestCaseExecutor.java:430)
	at com.kms.katalon.core.main.TestCaseExecutor.doExecute(TestCaseExecutor.java:421)
	at com.kms.katalon.core.main.TestCaseExecutor.processExecutionPhase(TestCaseExecutor.java:400)
	at com.kms.katalon.core.main.TestCaseExecutor.accessMainPhase(TestCaseExecutor.java:392)
	at com.kms.katalon.core.main.TestCaseExecutor.execute(TestCaseExecutor.java:273)
	at com.kms.katalon.core.main.TestSuiteExecutor.accessTestCaseMainPhase(TestSuiteExecutor.java:202)
	at com.kms.katalon.core.main.TestSuiteExecutor.accessTestSuiteMainPhase(TestSuiteExecutor.java:164)
	at com.kms.katalon.core.main.TestSuiteExecutor.execute(TestSuiteExecutor.java:105)
	at com.kms.katalon.core.main.TestCaseMain.startTestSuite(TestCaseMain.java:185)
	at com.kms.katalon.core.main.TestCaseMain$startTestSuite$0.call(Unknown Source)
	at TempTestSuite1635453795588.run(TempTestSuite1635453795588.groovy:36)
Caused by: com.kms.katalon.core.webui.exception.WebElementNotFoundException: Web element with id: 'Object Repository/Volve/Flujo 4/div_Siguiente' located by '//div[@id='__next']/div[2]/div/div/div[3]/a[2]/div' not found
	at com.kms.katalon.core.webui.common.WebUiCommonHelper.findWebElement(WebUiCommonHelper.java:1368)
	at com.kms.katalon.core.webui.keyword.internal.WebUIAbstractKeyword.findWebElement(WebUIAbstractKeyword.groovy:27)
	at com.kms.katalon.core.webui.keyword.internal.WebUIAbstractKeyword.findWebElement(WebUIAbstractKeyword.groovy:26)
	at com.kms.katalon.core.webui.keyword.builtin.EnhancedClickKeyword$_click_closure1.doCall(EnhancedClickKeyword.groovy:66)
	at com.kms.katalon.core.webui.keyword.builtin.EnhancedClickKeyword$_click_closure1.call(EnhancedClickKeyword.groovy)
	at com.kms.katalon.core.webui.keyword.internal.WebUIKeywordMain.runKeyword(WebUIKeywordMain.groovy:20)
	... 19 more]]></system-err>
      </testcase>
      <testcase name="Test Cases/Admin/Logueo" time="5.762" classname="Test Cases/Admin/Logueo" status="PASSED">
         <system-out><![CDATA[2021-10-28 17:45:41 - [TEST_CASE][PASSED] - Test Cases/Admin/Logueo: Test Cases/Admin/Logueo

2021-10-28 17:45:41 - [TEST_STEP][PASSED] - currentPage = getUrl(): Current window's url is: 'https://stage-www.volve.com.uy/verificacion-sms2'

2021-10-28 17:45:41 - [MESSAGE][PASSED] - Current window's url is: 'https://stage-www.volve.com.uy/verificacion-sms2'

2021-10-28 17:45:41 - [TEST_STEP][PASSED] - currentTab = getWindowIndex(): Current window's index is: 1

2021-10-28 17:45:41 - [MESSAGE][PASSED] - Current window's index is: 1

2021-10-28 17:45:41 - [TEST_STEP][PASSED] - driver = getWebDriver(): null

2021-10-28 17:45:41 - [TEST_STEP][PASSED] - js = driver: null

2021-10-28 17:45:41 - [TEST_STEP][PASSED] - js.executeScript("window.open();"): null

2021-10-28 17:45:41 - [TEST_STEP][PASSED] - switchToWindowIndex(currentTab + 1): Switched to window with index: '2'

2021-10-28 17:45:41 - [MESSAGE][PASSED] - Switched to window with index: '2'

2021-10-28 17:45:41 - [TEST_STEP][PASSED] - navigateToUrl(Admin): Navigate to 'https://stage-admin-int.paigo.uy/login' successfully

2021-10-28 17:45:45 - [MESSAGE][PASSED] - Navigate to 'https://stage-admin-int.paigo.uy/login' successfully

2021-10-28 17:45:45 - [TEST_STEP][PASSED] - maximizeWindow(): Current window maximized

2021-10-28 17:45:45 - [MESSAGE][PASSED] - Current window maximized

2021-10-28 17:45:45 - [TEST_STEP][PASSED] - setText(findTestObject("Admin/Logueo/input_Usuario"), findTestData("DatosUsuario").getValue(2, 1)): Text 'gabriel.gayol@paigo.com.uy' is set on object 'Object Repository/Admin/Logueo/input_Usuario'

2021-10-28 17:45:46 - [MESSAGE][PASSED] - Text 'gabriel.gayol@paigo.com.uy' is set on object 'Object Repository/Admin/Logueo/input_Usuario'

2021-10-28 17:45:46 - [TEST_STEP][PASSED] - setText(findTestObject("Admin/Logueo/input_Contrasena"), findTestData("DatosUsuario").getValue(2, 2)): Text '12345678' is set on object 'Object Repository/Admin/Logueo/input_Contrasena'

2021-10-28 17:45:46 - [MESSAGE][PASSED] - Text '12345678' is set on object 'Object Repository/Admin/Logueo/input_Contrasena'

2021-10-28 17:45:46 - [TEST_STEP][PASSED] - enhancedClick(findTestObject("Admin/Logueo/button_Ingresar")): Object: 'Object Repository/Admin/Logueo/button_Ingresar' is clicked on

2021-10-28 17:45:47 - [MESSAGE][PASSED] - Object: 'Object Repository/Admin/Logueo/button_Ingresar' is clicked on]]></system-out>
         <system-err><![CDATA[]]></system-err>
      </testcase>
      <testcase name="Test Cases/Admin/Volve/Activación Cuenta" time="10.215" classname="Test Cases/Admin/Volve/Activación Cuenta" status="PASSED">
         <system-out><![CDATA[2021-10-28 17:45:47 - [TEST_CASE][PASSED] - Test Cases/Admin/Volve/Activación Cuenta: Test Cases/Admin/Volve/Activación Cuenta

2021-10-28 17:45:47 - [TEST_STEP][PASSED] - waitForElementPresent(findTestObject("Admin/Activación Cuenta/p_BUSCAR CLIENTES"), 0): Object 'Object Repository/Admin/Activación Cuenta/p_BUSCAR CLIENTES' is present

2021-10-28 17:45:47 - [MESSAGE][WARNING] - Timeout '0' is invalid. Using default page load timeout: '30'

2021-10-28 17:45:49 - [MESSAGE][PASSED] - Object 'Object Repository/Admin/Activación Cuenta/p_BUSCAR CLIENTES' is present

2021-10-28 17:45:49 - [TEST_STEP][PASSED] - enhancedClick(findTestObject("Admin/Activación Cuenta/p_BUSCAR CLIENTES")): Object: 'Object Repository/Admin/Activación Cuenta/p_BUSCAR CLIENTES' is clicked on

2021-10-28 17:45:50 - [MESSAGE][PASSED] - Object: 'Object Repository/Admin/Activación Cuenta/p_BUSCAR CLIENTES' is clicked on

2021-10-28 17:45:50 - [TEST_STEP][PASSED] - waitForElementPresent(findTestObject("Admin/Activación Cuenta/input_Cedula"), 0): Object 'Object Repository/Admin/Activación Cuenta/input_Cedula' is present

2021-10-28 17:45:50 - [MESSAGE][WARNING] - Timeout '0' is invalid. Using default page load timeout: '30'

2021-10-28 17:45:50 - [MESSAGE][PASSED] - Object 'Object Repository/Admin/Activación Cuenta/input_Cedula' is present

2021-10-28 17:45:50 - [TEST_STEP][PASSED] - setText(findTestObject("Admin/Activación Cuenta/input_Cedula"), cedulaRandom): Text '37403647' is set on object 'Object Repository/Admin/Activación Cuenta/input_Cedula'

2021-10-28 17:45:51 - [MESSAGE][PASSED] - Text '37403647' is set on object 'Object Repository/Admin/Activación Cuenta/input_Cedula'

2021-10-28 17:45:51 - [TEST_STEP][PASSED] - selectOptionByLabel(findTestObject("Admin/Activación Cuenta/select_SeleccionarMarca"), Marca_VV, false): All options with label 'Volvé' are selected in object 'Object Repository/Admin/Activación Cuenta/select_SeleccionarMarca' 

2021-10-28 17:45:52 - [MESSAGE][PASSED] - All options with label 'Volvé' are selected in object 'Object Repository/Admin/Activación Cuenta/select_SeleccionarMarca' 

2021-10-28 17:45:52 - [TEST_STEP][PASSED] - enhancedClick(findTestObject("Admin/Activación Cuenta/button_Obtener")): Object: 'Object Repository/Admin/Activación Cuenta/button_Obtener' is clicked on

2021-10-28 17:45:52 - [MESSAGE][PASSED] - Object: 'Object Repository/Admin/Activación Cuenta/button_Obtener' is clicked on

2021-10-28 17:45:52 - [TEST_STEP][PASSED] - waitForElementPresent(findTestObject("Admin/Activación Cuenta/button_Guardar"), 0): Object 'Object Repository/Admin/Activación Cuenta/button_Guardar' is present

2021-10-28 17:45:52 - [MESSAGE][WARNING] - Timeout '0' is invalid. Using default page load timeout: '30'

2021-10-28 17:45:54 - [MESSAGE][PASSED] - Object 'Object Repository/Admin/Activación Cuenta/button_Guardar' is present

2021-10-28 17:45:54 - [TEST_STEP][PASSED] - sendKeys(findTestObject("Admin/Activación Cuenta/input_IngresosReferencia"), Keys.chord(TAB, TAB, TAB, SPACE)): Keys 'TAB + TAB + TAB + SPACE + ' sent to object: 'Object Repository/Admin/Activación Cuenta/input_IngresosReferencia'

2021-10-28 17:45:54 - [MESSAGE][PASSED] - Keys 'TAB + TAB + TAB + SPACE + ' sent to object: 'Object Repository/Admin/Activación Cuenta/input_IngresosReferencia'

2021-10-28 17:45:54 - [TEST_STEP][PASSED] - enhancedClick(findTestObject("Admin/Activación Cuenta/button_Guardar")): Object: 'Object Repository/Admin/Activación Cuenta/button_Guardar' is clicked on

2021-10-28 17:45:56 - [MESSAGE][PASSED] - Object: 'Object Repository/Admin/Activación Cuenta/button_Guardar' is clicked on

2021-10-28 17:45:56 - [TEST_STEP][PASSED] - verifyElementVisible(findTestObject("Admin/Activación Cuenta/p_ValidacionGuardado")): Object 'Object Repository/Admin/Activación Cuenta/p_ValidacionGuardado' is visible

2021-10-28 17:45:57 - [MESSAGE][PASSED] - Object 'Object Repository/Admin/Activación Cuenta/p_ValidacionGuardado' is visible]]></system-out>
         <system-err><![CDATA[]]></system-err>
      </testcase>
      <testcase name="Test Cases/Admin/Volve/Desembolso" time="52.52" classname="Test Cases/Admin/Volve/Desembolso" status="FAILED">
         <failure type="FAILED" message="Test Cases/Admin/Volve/Desembolso FAILED.
Reason:
com.kms.katalon.core.exception.StepFailedException: Unable to click on object 'Object Repository/Admin/Desembolso/button_Desembolsar'
	at com.kms.katalon.core.webui.keyword.internal.WebUIKeywordMain.stepFailed(WebUIKeywordMain.groovy:64)
	at com.kms.katalon.core.webui.keyword.internal.WebUIKeywordMain.runKeyword(WebUIKeywordMain.groovy:26)
	at com.kms.katalon.core.webui.keyword.builtin.EnhancedClickKeyword.click(EnhancedClickKeyword.groovy:94)
	at com.kms.katalon.core.webui.keyword.builtin.EnhancedClickKeyword.execute(EnhancedClickKeyword.groovy:42)
	at com.kms.katalon.core.keyword.internal.KeywordExecutor.executeKeywordForPlatform(KeywordExecutor.groovy:74)
	at com.kms.katalon.core.webui.keyword.WebUiBuiltInKeywords.enhancedClick(WebUiBuiltInKeywords.groovy:646)
	at com.kms.katalon.core.webui.keyword.WebUiBuiltInKeywords$enhancedClick$8.call(Unknown Source)
	at Desembolso.run(Desembolso:43)
	at com.kms.katalon.core.main.ScriptEngine.run(ScriptEngine.java:194)
	at com.kms.katalon.core.main.ScriptEngine.runScriptAsRawText(ScriptEngine.java:119)
	at com.kms.katalon.core.main.TestCaseExecutor.runScript(TestCaseExecutor.java:430)
	at com.kms.katalon.core.main.TestCaseExecutor.doExecute(TestCaseExecutor.java:421)
	at com.kms.katalon.core.main.TestCaseExecutor.processExecutionPhase(TestCaseExecutor.java:400)
	at com.kms.katalon.core.main.TestCaseExecutor.accessMainPhase(TestCaseExecutor.java:392)
	at com.kms.katalon.core.main.TestCaseExecutor.execute(TestCaseExecutor.java:273)
	at com.kms.katalon.core.main.TestSuiteExecutor.accessTestCaseMainPhase(TestSuiteExecutor.java:202)
	at com.kms.katalon.core.main.TestSuiteExecutor.accessTestSuiteMainPhase(TestSuiteExecutor.java:164)
	at com.kms.katalon.core.main.TestSuiteExecutor.execute(TestSuiteExecutor.java:105)
	at com.kms.katalon.core.main.TestCaseMain.startTestSuite(TestCaseMain.java:185)
	at com.kms.katalon.core.main.TestCaseMain$startTestSuite$0.call(Unknown Source)
	at TempTestSuite1635453795588.run(TempTestSuite1635453795588.groovy:36)
Caused by: com.kms.katalon.core.webui.exception.WebElementNotFoundException: Web element with id: 'Object Repository/Admin/Desembolso/button_Desembolsar' located by '//*[@type = 'button' and (text() = 'Desembolsar' or . = 'Desembolsar')]' not found
	at com.kms.katalon.core.webui.common.WebUiCommonHelper.findWebElement(WebUiCommonHelper.java:1368)
	at com.kms.katalon.core.webui.keyword.internal.WebUIAbstractKeyword.findWebElement(WebUIAbstractKeyword.groovy:27)
	at com.kms.katalon.core.webui.keyword.internal.WebUIAbstractKeyword.findWebElement(WebUIAbstractKeyword.groovy:26)
	at com.kms.katalon.core.webui.keyword.builtin.EnhancedClickKeyword$_click_closure1.doCall(EnhancedClickKeyword.groovy:66)
	at com.kms.katalon.core.webui.keyword.builtin.EnhancedClickKeyword$_click_closure1.call(EnhancedClickKeyword.groovy)
	at com.kms.katalon.core.webui.keyword.internal.WebUIKeywordMain.runKeyword(WebUIKeywordMain.groovy:20)
	... 19 more
"/>
         <system-out><![CDATA[2021-10-28 17:45:57 - [TEST_CASE][FAILED] - Test Cases/Admin/Volve/Desembolso: Test Cases/Admin/Volve/Desembolso FAILED.
Reason:
com.kms.katalon.core.exception.StepFailedException: Unable to click on object 'Object Repository/Admin/Desembolso/button_Desembolsar'
	at com.kms.katalon.core.webui.keyword.internal.WebUIKeywordMain.stepFailed(WebUIKeywordMain.groovy:64)
	at com.kms.katalon.core.webui.keyword.internal.WebUIKeywordMain.runKeyword(WebUIKeywordMain.groovy:26)
	at com.kms.katalon.core.webui.keyword.builtin.EnhancedClickKeyword.click(EnhancedClickKeyword.groovy:94)
	at com.kms.katalon.core.webui.keyword.builtin.EnhancedClickKeyword.execute(EnhancedClickKeyword.groovy:42)
	at com.kms.katalon.core.keyword.internal.KeywordExecutor.executeKeywordForPlatform(KeywordExecutor.groovy:74)
	at com.kms.katalon.core.webui.keyword.WebUiBuiltInKeywords.enhancedClick(WebUiBuiltInKeywords.groovy:646)
	at com.kms.katalon.core.webui.keyword.WebUiBuiltInKeywords$enhancedClick$8.call(Unknown Source)
	at Desembolso.run(Desembolso:43)
	at com.kms.katalon.core.main.ScriptEngine.run(ScriptEngine.java:194)
	at com.kms.katalon.core.main.ScriptEngine.runScriptAsRawText(ScriptEngine.java:119)
	at com.kms.katalon.core.main.TestCaseExecutor.runScript(TestCaseExecutor.java:430)
	at com.kms.katalon.core.main.TestCaseExecutor.doExecute(TestCaseExecutor.java:421)
	at com.kms.katalon.core.main.TestCaseExecutor.processExecutionPhase(TestCaseExecutor.java:400)
	at com.kms.katalon.core.main.TestCaseExecutor.accessMainPhase(TestCaseExecutor.java:392)
	at com.kms.katalon.core.main.TestCaseExecutor.execute(TestCaseExecutor.java:273)
	at com.kms.katalon.core.main.TestSuiteExecutor.accessTestCaseMainPhase(TestSuiteExecutor.java:202)
	at com.kms.katalon.core.main.TestSuiteExecutor.accessTestSuiteMainPhase(TestSuiteExecutor.java:164)
	at com.kms.katalon.core.main.TestSuiteExecutor.execute(TestSuiteExecutor.java:105)
	at com.kms.katalon.core.main.TestCaseMain.startTestSuite(TestCaseMain.java:185)
	at com.kms.katalon.core.main.TestCaseMain$startTestSuite$0.call(Unknown Source)
	at TempTestSuite1635453795588.run(TempTestSuite1635453795588.groovy:36)
Caused by: com.kms.katalon.core.webui.exception.WebElementNotFoundException: Web element with id: 'Object Repository/Admin/Desembolso/button_Desembolsar' located by '//*[@type = 'button' and (text() = 'Desembolsar' or . = 'Desembolsar')]' not found
	at com.kms.katalon.core.webui.common.WebUiCommonHelper.findWebElement(WebUiCommonHelper.java:1368)
	at com.kms.katalon.core.webui.keyword.internal.WebUIAbstractKeyword.findWebElement(WebUIAbstractKeyword.groovy:27)
	at com.kms.katalon.core.webui.keyword.internal.WebUIAbstractKeyword.findWebElement(WebUIAbstractKeyword.groovy:26)
	at com.kms.katalon.core.webui.keyword.builtin.EnhancedClickKeyword$_click_closure1.doCall(EnhancedClickKeyword.groovy:66)
	at com.kms.katalon.core.webui.keyword.builtin.EnhancedClickKeyword$_click_closure1.call(EnhancedClickKeyword.groovy)
	at com.kms.katalon.core.webui.keyword.internal.WebUIKeywordMain.runKeyword(WebUIKeywordMain.groovy:20)
	... 19 more


2021-10-28 17:45:57 - [TEST_STEP][PASSED] - waitForElementPresent(findTestObject("Admin/Desembolso/p_DESEMBOLSO"), 0): Object 'Object Repository/Admin/Desembolso/p_DESEMBOLSO' is present

2021-10-28 17:45:57 - [MESSAGE][WARNING] - Timeout '0' is invalid. Using default page load timeout: '30'

2021-10-28 17:45:58 - [MESSAGE][PASSED] - Object 'Object Repository/Admin/Desembolso/p_DESEMBOLSO' is present

2021-10-28 17:45:58 - [TEST_STEP][PASSED] - enhancedClick(findTestObject("Admin/Desembolso/p_DESEMBOLSO")): Object: 'Object Repository/Admin/Desembolso/p_DESEMBOLSO' is clicked on

2021-10-28 17:45:59 - [MESSAGE][PASSED] - Object: 'Object Repository/Admin/Desembolso/p_DESEMBOLSO' is clicked on

2021-10-28 17:45:59 - [TEST_STEP][PASSED] - selectOptionByLabel(findTestObject("Admin/Desembolso/select_Marca"), Marca_VV, false): All options with label 'Volvé' are selected in object 'Object Repository/Admin/Desembolso/select_Marca' 

2021-10-28 17:46:00 - [MESSAGE][PASSED] - All options with label 'Volvé' are selected in object 'Object Repository/Admin/Desembolso/select_Marca' 

2021-10-28 17:46:00 - [TEST_STEP][PASSED] - enhancedClick(findTestObject("Admin/Desembolso/button_Obtener")): Object: 'Object Repository/Admin/Desembolso/button_Obtener' is clicked on

2021-10-28 17:46:01 - [MESSAGE][PASSED] - Object: 'Object Repository/Admin/Desembolso/button_Obtener' is clicked on

2021-10-28 17:46:01 - [TEST_STEP][PASSED] - waitForElementVisible(findTestObject("Admin/Desembolso/input_FiltrarCI"), 0): Object 'Object Repository/Admin/Desembolso/input_FiltrarCI' is visible

2021-10-28 17:46:01 - [MESSAGE][WARNING] - Timeout '0' is invalid. Using default page load timeout: '30'

2021-10-28 17:46:16 - [MESSAGE][PASSED] - Object 'Object Repository/Admin/Desembolso/input_FiltrarCI' is visible

2021-10-28 17:46:16 - [TEST_STEP][PASSED] - setText(findTestObject("Admin/Desembolso/input_FiltrarCI"), cedulaRandom): Text '37403647' is set on object 'Object Repository/Admin/Desembolso/input_FiltrarCI'

2021-10-28 17:46:17 - [MESSAGE][PASSED] - Text '37403647' is set on object 'Object Repository/Admin/Desembolso/input_FiltrarCI'

2021-10-28 17:46:17 - [TEST_STEP][FAILED] - enhancedClick(findTestObject("Admin/Desembolso/button_Desembolsar")): Unable to click on object 'Object Repository/Admin/Desembolso/button_Desembolsar' (Root cause: com.kms.katalon.core.exception.StepFailedException: Unable to click on object 'Object Repository/Admin/Desembolso/button_Desembolsar'
	at com.kms.katalon.core.webui.keyword.internal.WebUIKeywordMain.stepFailed(WebUIKeywordMain.groovy:64)
	at com.kms.katalon.core.webui.keyword.internal.WebUIKeywordMain.runKeyword(WebUIKeywordMain.groovy:26)
	at com.kms.katalon.core.webui.keyword.builtin.EnhancedClickKeyword.click(EnhancedClickKeyword.groovy:94)
	at com.kms.katalon.core.webui.keyword.builtin.EnhancedClickKeyword.execute(EnhancedClickKeyword.groovy:42)
	at com.kms.katalon.core.keyword.internal.KeywordExecutor.executeKeywordForPlatform(KeywordExecutor.groovy:74)
	at com.kms.katalon.core.webui.keyword.WebUiBuiltInKeywords.enhancedClick(WebUiBuiltInKeywords.groovy:646)
	at com.kms.katalon.core.webui.keyword.WebUiBuiltInKeywords$enhancedClick$8.call(Unknown Source)
	at Desembolso.run(Desembolso:43)
	at com.kms.katalon.core.main.ScriptEngine.run(ScriptEngine.java:194)
	at com.kms.katalon.core.main.ScriptEngine.runScriptAsRawText(ScriptEngine.java:119)
	at com.kms.katalon.core.main.TestCaseExecutor.runScript(TestCaseExecutor.java:430)
	at com.kms.katalon.core.main.TestCaseExecutor.doExecute(TestCaseExecutor.java:421)
	at com.kms.katalon.core.main.TestCaseExecutor.processExecutionPhase(TestCaseExecutor.java:400)
	at com.kms.katalon.core.main.TestCaseExecutor.accessMainPhase(TestCaseExecutor.java:392)
	at com.kms.katalon.core.main.TestCaseExecutor.execute(TestCaseExecutor.java:273)
	at com.kms.katalon.core.main.TestSuiteExecutor.accessTestCaseMainPhase(TestSuiteExecutor.java:202)
	at com.kms.katalon.core.main.TestSuiteExecutor.accessTestSuiteMainPhase(TestSuiteExecutor.java:164)
	at com.kms.katalon.core.main.TestSuiteExecutor.execute(TestSuiteExecutor.java:105)
	at com.kms.katalon.core.main.TestCaseMain.startTestSuite(TestCaseMain.java:185)
	at com.kms.katalon.core.main.TestCaseMain$startTestSuite$0.call(Unknown Source)
	at TempTestSuite1635453795588.run(TempTestSuite1635453795588.groovy:36)
Caused by: com.kms.katalon.core.webui.exception.WebElementNotFoundException: Web element with id: 'Object Repository/Admin/Desembolso/button_Desembolsar' located by '//*[@type = 'button' and (text() = 'Desembolsar' or . = 'Desembolsar')]' not found
	at com.kms.katalon.core.webui.common.WebUiCommonHelper.findWebElement(WebUiCommonHelper.java:1368)
	at com.kms.katalon.core.webui.keyword.internal.WebUIAbstractKeyword.findWebElement(WebUIAbstractKeyword.groovy:27)
	at com.kms.katalon.core.webui.keyword.internal.WebUIAbstractKeyword.findWebElement(WebUIAbstractKeyword.groovy:26)
	at com.kms.katalon.core.webui.keyword.builtin.EnhancedClickKeyword$_click_closure1.doCall(EnhancedClickKeyword.groovy:66)
	at com.kms.katalon.core.webui.keyword.builtin.EnhancedClickKeyword$_click_closure1.call(EnhancedClickKeyword.groovy)
	at com.kms.katalon.core.webui.keyword.internal.WebUIKeywordMain.runKeyword(WebUIKeywordMain.groovy:20)
	at com.kms.katalon.core.webui.keyword.builtin.EnhancedClickKeyword.click(EnhancedClickKeyword.groovy:94)
	at com.kms.katalon.core.webui.keyword.builtin.EnhancedClickKeyword.execute(EnhancedClickKeyword.groovy:42)
	at com.kms.katalon.core.keyword.internal.KeywordExecutor.executeKeywordForPlatform(KeywordExecutor.groovy:74)
	at com.kms.katalon.core.webui.keyword.WebUiBuiltInKeywords.enhancedClick(WebUiBuiltInKeywords.groovy:646)
	at com.kms.katalon.core.webui.keyword.WebUiBuiltInKeywords$enhancedClick$8.call(Unknown Source)
	at Script1634752696271.run(Script1634752696271.groovy:43)
	... 13 more
)

2021-10-28 17:46:49 - [MESSAGE][INFO] - Unable to find the element located by 'By.xpath: //*[@type = 'button' and (text() = 'Desembolsar' or . = 'Desembolsar')]'. Please recheck the objects properties to make sure the desired element is located. 

2021-10-28 17:46:50 - [MESSAGE][FAILED] - Unable to click on object 'Object Repository/Admin/Desembolso/button_Desembolsar' (Root cause: com.kms.katalon.core.exception.StepFailedException: Unable to click on object 'Object Repository/Admin/Desembolso/button_Desembolsar'
	at com.kms.katalon.core.webui.keyword.internal.WebUIKeywordMain.stepFailed(WebUIKeywordMain.groovy:64)
	at com.kms.katalon.core.webui.keyword.internal.WebUIKeywordMain.runKeyword(WebUIKeywordMain.groovy:26)
	at com.kms.katalon.core.webui.keyword.builtin.EnhancedClickKeyword.click(EnhancedClickKeyword.groovy:94)
	at com.kms.katalon.core.webui.keyword.builtin.EnhancedClickKeyword.execute(EnhancedClickKeyword.groovy:42)
	at com.kms.katalon.core.keyword.internal.KeywordExecutor.executeKeywordForPlatform(KeywordExecutor.groovy:74)
	at com.kms.katalon.core.webui.keyword.WebUiBuiltInKeywords.enhancedClick(WebUiBuiltInKeywords.groovy:646)
	at com.kms.katalon.core.webui.keyword.WebUiBuiltInKeywords$enhancedClick$8.call(Unknown Source)
	at Desembolso.run(Desembolso:43)
	at com.kms.katalon.core.main.ScriptEngine.run(ScriptEngine.java:194)
	at com.kms.katalon.core.main.ScriptEngine.runScriptAsRawText(ScriptEngine.java:119)
	at com.kms.katalon.core.main.TestCaseExecutor.runScript(TestCaseExecutor.java:430)
	at com.kms.katalon.core.main.TestCaseExecutor.doExecute(TestCaseExecutor.java:421)
	at com.kms.katalon.core.main.TestCaseExecutor.processExecutionPhase(TestCaseExecutor.java:400)
	at com.kms.katalon.core.main.TestCaseExecutor.accessMainPhase(TestCaseExecutor.java:392)
	at com.kms.katalon.core.main.TestCaseExecutor.execute(TestCaseExecutor.java:273)
	at com.kms.katalon.core.main.TestSuiteExecutor.accessTestCaseMainPhase(TestSuiteExecutor.java:202)
	at com.kms.katalon.core.main.TestSuiteExecutor.accessTestSuiteMainPhase(TestSuiteExecutor.java:164)
	at com.kms.katalon.core.main.TestSuiteExecutor.execute(TestSuiteExecutor.java:105)
	at com.kms.katalon.core.main.TestCaseMain.startTestSuite(TestCaseMain.java:185)
	at com.kms.katalon.core.main.TestCaseMain$startTestSuite$0.call(Unknown Source)
	at TempTestSuite1635453795588.run(TempTestSuite1635453795588.groovy:36)
Caused by: com.kms.katalon.core.webui.exception.WebElementNotFoundException: Web element with id: 'Object Repository/Admin/Desembolso/button_Desembolsar' located by '//*[@type = 'button' and (text() = 'Desembolsar' or . = 'Desembolsar')]' not found
	at com.kms.katalon.core.webui.common.WebUiCommonHelper.findWebElement(WebUiCommonHelper.java:1368)
	at com.kms.katalon.core.webui.keyword.internal.WebUIAbstractKeyword.findWebElement(WebUIAbstractKeyword.groovy:27)
	at com.kms.katalon.core.webui.keyword.internal.WebUIAbstractKeyword.findWebElement(WebUIAbstractKeyword.groovy:26)
	at com.kms.katalon.core.webui.keyword.builtin.EnhancedClickKeyword$_click_closure1.doCall(EnhancedClickKeyword.groovy:66)
	at com.kms.katalon.core.webui.keyword.builtin.EnhancedClickKeyword$_click_closure1.call(EnhancedClickKeyword.groovy)
	at com.kms.katalon.core.webui.keyword.internal.WebUIKeywordMain.runKeyword(WebUIKeywordMain.groovy:20)
	at com.kms.katalon.core.webui.keyword.builtin.EnhancedClickKeyword.click(EnhancedClickKeyword.groovy:94)
	at com.kms.katalon.core.webui.keyword.builtin.EnhancedClickKeyword.execute(EnhancedClickKeyword.groovy:42)
	at com.kms.katalon.core.keyword.internal.KeywordExecutor.executeKeywordForPlatform(KeywordExecutor.groovy:74)
	at com.kms.katalon.core.webui.keyword.WebUiBuiltInKeywords.enhancedClick(WebUiBuiltInKeywords.groovy:646)
	at com.kms.katalon.core.webui.keyword.WebUiBuiltInKeywords$enhancedClick$8.call(Unknown Source)
	at Script1634752696271.run(Script1634752696271.groovy:43)
	... 13 more
)
[[ATTACHMENT|C:\\Users\\nicolas.aquino\\Katalon Studio\\Paigo\\Reports\\20211028_174315\\Primera Venta\\Volv\u00E9\\20211028_174315\\1635454009794.png]]]]></system-out>
         <system-err><![CDATA[2021-10-28 17:45:57 - [TEST_CASE][FAILED] - Test Cases/Admin/Volve/Desembolso: Test Cases/Admin/Volve/Desembolso FAILED.
Reason:
com.kms.katalon.core.exception.StepFailedException: Unable to click on object 'Object Repository/Admin/Desembolso/button_Desembolsar'
	at com.kms.katalon.core.webui.keyword.internal.WebUIKeywordMain.stepFailed(WebUIKeywordMain.groovy:64)
	at com.kms.katalon.core.webui.keyword.internal.WebUIKeywordMain.runKeyword(WebUIKeywordMain.groovy:26)
	at com.kms.katalon.core.webui.keyword.builtin.EnhancedClickKeyword.click(EnhancedClickKeyword.groovy:94)
	at com.kms.katalon.core.webui.keyword.builtin.EnhancedClickKeyword.execute(EnhancedClickKeyword.groovy:42)
	at com.kms.katalon.core.keyword.internal.KeywordExecutor.executeKeywordForPlatform(KeywordExecutor.groovy:74)
	at com.kms.katalon.core.webui.keyword.WebUiBuiltInKeywords.enhancedClick(WebUiBuiltInKeywords.groovy:646)
	at com.kms.katalon.core.webui.keyword.WebUiBuiltInKeywords$enhancedClick$8.call(Unknown Source)
	at Desembolso.run(Desembolso:43)
	at com.kms.katalon.core.main.ScriptEngine.run(ScriptEngine.java:194)
	at com.kms.katalon.core.main.ScriptEngine.runScriptAsRawText(ScriptEngine.java:119)
	at com.kms.katalon.core.main.TestCaseExecutor.runScript(TestCaseExecutor.java:430)
	at com.kms.katalon.core.main.TestCaseExecutor.doExecute(TestCaseExecutor.java:421)
	at com.kms.katalon.core.main.TestCaseExecutor.processExecutionPhase(TestCaseExecutor.java:400)
	at com.kms.katalon.core.main.TestCaseExecutor.accessMainPhase(TestCaseExecutor.java:392)
	at com.kms.katalon.core.main.TestCaseExecutor.execute(TestCaseExecutor.java:273)
	at com.kms.katalon.core.main.TestSuiteExecutor.accessTestCaseMainPhase(TestSuiteExecutor.java:202)
	at com.kms.katalon.core.main.TestSuiteExecutor.accessTestSuiteMainPhase(TestSuiteExecutor.java:164)
	at com.kms.katalon.core.main.TestSuiteExecutor.execute(TestSuiteExecutor.java:105)
	at com.kms.katalon.core.main.TestCaseMain.startTestSuite(TestCaseMain.java:185)
	at com.kms.katalon.core.main.TestCaseMain$startTestSuite$0.call(Unknown Source)
	at TempTestSuite1635453795588.run(TempTestSuite1635453795588.groovy:36)
Caused by: com.kms.katalon.core.webui.exception.WebElementNotFoundException: Web element with id: 'Object Repository/Admin/Desembolso/button_Desembolsar' located by '//*[@type = 'button' and (text() = 'Desembolsar' or . = 'Desembolsar')]' not found
	at com.kms.katalon.core.webui.common.WebUiCommonHelper.findWebElement(WebUiCommonHelper.java:1368)
	at com.kms.katalon.core.webui.keyword.internal.WebUIAbstractKeyword.findWebElement(WebUIAbstractKeyword.groovy:27)
	at com.kms.katalon.core.webui.keyword.internal.WebUIAbstractKeyword.findWebElement(WebUIAbstractKeyword.groovy:26)
	at com.kms.katalon.core.webui.keyword.builtin.EnhancedClickKeyword$_click_closure1.doCall(EnhancedClickKeyword.groovy:66)
	at com.kms.katalon.core.webui.keyword.builtin.EnhancedClickKeyword$_click_closure1.call(EnhancedClickKeyword.groovy)
	at com.kms.katalon.core.webui.keyword.internal.WebUIKeywordMain.runKeyword(WebUIKeywordMain.groovy:20)
	... 19 more]]></system-err>
      </testcase>
      <system-out><![CDATA[2021-10-28 17:43:25 - [TEST_SUITE][FAILED] - Volvé: Test Cases/Volve/VV - Flujo Web FAILED.
Reason:
com.kms.katalon.core.exception.StepFailedException: Unable to click on object 'Object Repository/Volve/Flujo 4/div_Siguiente'
	at com.kms.katalon.core.webui.keyword.internal.WebUIKeywordMain.stepFailed(WebUIKeywordMain.groovy:64)
	at com.kms.katalon.core.webui.keyword.internal.WebUIKeywordMain.runKeyword(WebUIKeywordMain.groovy:26)
	at com.kms.katalon.core.webui.keyword.builtin.EnhancedClickKeyword.click(EnhancedClickKeyword.groovy:94)
	at com.kms.katalon.core.webui.keyword.builtin.EnhancedClickKeyword.execute(EnhancedClickKeyword.groovy:42)
	at com.kms.katalon.core.keyword.internal.KeywordExecutor.executeKeywordForPlatform(KeywordExecutor.groovy:74)
	at com.kms.katalon.core.webui.keyword.WebUiBuiltInKeywords.enhancedClick(WebUiBuiltInKeywords.groovy:646)
	at com.kms.katalon.core.webui.keyword.WebUiBuiltInKeywords$enhancedClick$8.call(Unknown Source)
	at VV - Flujo Web.run(VV - Flujo Web:151)
	at com.kms.katalon.core.main.ScriptEngine.run(ScriptEngine.java:194)
	at com.kms.katalon.core.main.ScriptEngine.runScriptAsRawText(ScriptEngine.java:119)
	at com.kms.katalon.core.main.TestCaseExecutor.runScript(TestCaseExecutor.java:430)
	at com.kms.katalon.core.main.TestCaseExecutor.doExecute(TestCaseExecutor.java:421)
	at com.kms.katalon.core.main.TestCaseExecutor.processExecutionPhase(TestCaseExecutor.java:400)
	at com.kms.katalon.core.main.TestCaseExecutor.accessMainPhase(TestCaseExecutor.java:392)
	at com.kms.katalon.core.main.TestCaseExecutor.execute(TestCaseExecutor.java:273)
	at com.kms.katalon.core.main.TestSuiteExecutor.accessTestCaseMainPhase(TestSuiteExecutor.java:202)
	at com.kms.katalon.core.main.TestSuiteExecutor.accessTestSuiteMainPhase(TestSuiteExecutor.java:164)
	at com.kms.katalon.core.main.TestSuiteExecutor.execute(TestSuiteExecutor.java:105)
	at com.kms.katalon.core.main.TestCaseMain.startTestSuite(TestCaseMain.java:185)
	at com.kms.katalon.core.main.TestCaseMain$startTestSuite$0.call(Unknown Source)
	at TempTestSuite1635453795588.run(TempTestSuite1635453795588.groovy:36)
Caused by: com.kms.katalon.core.webui.exception.WebElementNotFoundException: Web element with id: 'Object Repository/Volve/Flujo 4/div_Siguiente' located by '//div[@id='__next']/div[2]/div/div/div[3]/a[2]/div' not found
	at com.kms.katalon.core.webui.common.WebUiCommonHelper.findWebElement(WebUiCommonHelper.java:1368)
	at com.kms.katalon.core.webui.keyword.internal.WebUIAbstractKeyword.findWebElement(WebUIAbstractKeyword.groovy:27)
	at com.kms.katalon.core.webui.keyword.internal.WebUIAbstractKeyword.findWebElement(WebUIAbstractKeyword.groovy:26)
	at com.kms.katalon.core.webui.keyword.builtin.EnhancedClickKeyword$_click_closure1.doCall(EnhancedClickKeyword.groovy:66)
	at com.kms.katalon.core.webui.keyword.builtin.EnhancedClickKeyword$_click_closure1.call(EnhancedClickKeyword.groovy)
	at com.kms.katalon.core.webui.keyword.internal.WebUIKeywordMain.runKeyword(WebUIKeywordMain.groovy:20)
	... 19 more]]></system-out>
      <system-err><![CDATA[2021-10-28 17:43:25 - [TEST_SUITE][FAILED] - Volvé: Test Cases/Volve/VV - Flujo Web FAILED.
Reason:
com.kms.katalon.core.exception.StepFailedException: Unable to click on object 'Object Repository/Volve/Flujo 4/div_Siguiente'
	at com.kms.katalon.core.webui.keyword.internal.WebUIKeywordMain.stepFailed(WebUIKeywordMain.groovy:64)
	at com.kms.katalon.core.webui.keyword.internal.WebUIKeywordMain.runKeyword(WebUIKeywordMain.groovy:26)
	at com.kms.katalon.core.webui.keyword.builtin.EnhancedClickKeyword.click(EnhancedClickKeyword.groovy:94)
	at com.kms.katalon.core.webui.keyword.builtin.EnhancedClickKeyword.execute(EnhancedClickKeyword.groovy:42)
	at com.kms.katalon.core.keyword.internal.KeywordExecutor.executeKeywordForPlatform(KeywordExecutor.groovy:74)
	at com.kms.katalon.core.webui.keyword.WebUiBuiltInKeywords.enhancedClick(WebUiBuiltInKeywords.groovy:646)
	at com.kms.katalon.core.webui.keyword.WebUiBuiltInKeywords$enhancedClick$8.call(Unknown Source)
	at VV - Flujo Web.run(VV - Flujo Web:151)
	at com.kms.katalon.core.main.ScriptEngine.run(ScriptEngine.java:194)
	at com.kms.katalon.core.main.ScriptEngine.runScriptAsRawText(ScriptEngine.java:119)
	at com.kms.katalon.core.main.TestCaseExecutor.runScript(TestCaseExecutor.java:430)
	at com.kms.katalon.core.main.TestCaseExecutor.doExecute(TestCaseExecutor.java:421)
	at com.kms.katalon.core.main.TestCaseExecutor.processExecutionPhase(TestCaseExecutor.java:400)
	at com.kms.katalon.core.main.TestCaseExecutor.accessMainPhase(TestCaseExecutor.java:392)
	at com.kms.katalon.core.main.TestCaseExecutor.execute(TestCaseExecutor.java:273)
	at com.kms.katalon.core.main.TestSuiteExecutor.accessTestCaseMainPhase(TestSuiteExecutor.java:202)
	at com.kms.katalon.core.main.TestSuiteExecutor.accessTestSuiteMainPhase(TestSuiteExecutor.java:164)
	at com.kms.katalon.core.main.TestSuiteExecutor.execute(TestSuiteExecutor.java:105)
	at com.kms.katalon.core.main.TestCaseMain.startTestSuite(TestCaseMain.java:185)
	at com.kms.katalon.core.main.TestCaseMain$startTestSuite$0.call(Unknown Source)
	at TempTestSuite1635453795588.run(TempTestSuite1635453795588.groovy:36)
Caused by: com.kms.katalon.core.webui.exception.WebElementNotFoundException: Web element with id: 'Object Repository/Volve/Flujo 4/div_Siguiente' located by '//div[@id='__next']/div[2]/div/div/div[3]/a[2]/div' not found
	at com.kms.katalon.core.webui.common.WebUiCommonHelper.findWebElement(WebUiCommonHelper.java:1368)
	at com.kms.katalon.core.webui.keyword.internal.WebUIAbstractKeyword.findWebElement(WebUIAbstractKeyword.groovy:27)
	at com.kms.katalon.core.webui.keyword.internal.WebUIAbstractKeyword.findWebElement(WebUIAbstractKeyword.groovy:26)
	at com.kms.katalon.core.webui.keyword.builtin.EnhancedClickKeyword$_click_closure1.doCall(EnhancedClickKeyword.groovy:66)
	at com.kms.katalon.core.webui.keyword.builtin.EnhancedClickKeyword$_click_closure1.call(EnhancedClickKeyword.groovy)
	at com.kms.katalon.core.webui.keyword.internal.WebUIKeywordMain.runKeyword(WebUIKeywordMain.groovy:20)
	... 19 more]]></system-err>
   </testsuite>
</testsuites>
