<?xml version="1.0" encoding="UTF-8"?>
<testsuites name="Credito Uruguayo" time="4.675" tests="2" failures="0" errors="1">
   <testsuite name="Credito Uruguayo" tests="2" failures="0" errors="1" time="4.675" skipped="0" timestamp="2021-10-27 13:02:51" hostname="nicolas.aquino - ip-192-168-0-142.ec2.internal" id="Test Suites/Primera Venta/Credito Uruguayo">
      <properties>
         <property name="deviceName" value=""/>
         <property name="devicePlatform" value=""/>
         <property name="logFolder" value="C:\\Users\\nicolas.aquino\\Katalon Studio\\Paigo\\Reports\\20211027_130235\\Primera Venta\\Credito Uruguayo\\20211027_130236"/>
         <property name="logFiles" value="C:\\Users\\nicolas.aquino\\Katalon Studio\\Paigo\\Reports\\20211027_130235\\Primera Venta\\Credito Uruguayo\\20211027_130236\\execution0.log"/>
         <property name="attachments" value="C:\Users\nicolas.aquino\Desktop\Trabajo\Screenshots Katalon\34018354\1_CedulaGenerada.jpg"/>
         <property name="hostName" value="nicolas.aquino - ip-192-168-0-142.ec2.internal"/>
         <property name="os" value="Windows 10 64bit"/>
         <property name="katalonVersion" value="8.1.0.208"/>
         <property name="browser" value="Chrome 94.0.4606.81"/>
         <property name="hostAddress" value="192.168.0.142"/>
         <property name="sessionId" value="a0cc3ba2cdbc1b4fabe5923cb0742798"/>
         <property name="seleniumVersion" value="3.141.59"/>
         <property name="proxyInformation" value="ProxyInformation { proxyOption=NO_PROXY, proxyServerType=HTTP, username=, password=********, proxyServerAddress=, proxyServerPort=0, executionList=&quot;&quot;, isApplyToDesiredCapabilities=true }"/>
         <property name="platform" value="Windows 10"/>
      </properties>
      <testcase name="Test Cases/General/Generar Cedula Random" time="4.403" classname="Test Cases/General/Generar Cedula Random" status="PASSED">
         <system-out><![CDATA[2021-10-27 13:02:51 - [TEST_CASE][PASSED] - Test Cases/General/Generar Cedula Random: Test Cases/General/Generar Cedula Random

2021-10-27 13:02:52 - [TEST_STEP][PASSED] - openBrowser("https://picandocodigo.github.io/ci_js/"): Browser is opened with url: 'https://picandocodigo.github.io/ci_js/'

2021-10-27 13:02:52 - [MESSAGE][INFO] - Starting 'Chrome' driver

2021-10-27 13:02:52 - [MESSAGE][INFO] - Action delay is set to 0 milliseconds

2021-10-27 13:02:54 - [MESSAGE][PASSED] - Browser is opened with url: 'https://picandocodigo.github.io/ci_js/'

2021-10-27 13:02:54 - [TEST_STEP][PASSED] - maximizeWindow(): Current window maximized

2021-10-27 13:02:54 - [MESSAGE][PASSED] - Current window maximized

2021-10-27 13:02:54 - [TEST_STEP][PASSED] - click(findTestObject("Generador de cedulas/botonGenerar")): Object: 'Object Repository/Generador de cedulas/botonGenerar' is clicked on

2021-10-27 13:02:55 - [MESSAGE][PASSED] - Object: 'Object Repository/Generador de cedulas/botonGenerar' is clicked on

2021-10-27 13:02:55 - [TEST_STEP][PASSED] - cedulaRandom = getAttribute(findTestObject("Generador de cedulas/obtenerCedulaRandom"), "value"): Attribute 'value' of object 'Object Repository/Generador de cedulas/obtenerCedulaRandom' is: '34018354'

2021-10-27 13:02:55 - [MESSAGE][PASSED] - Attribute 'value' of object 'Object Repository/Generador de cedulas/obtenerCedulaRandom' is: '34018354'

2021-10-27 13:02:55 - [TEST_STEP][PASSED] - while (cedulaRandom >= "60000000"): null

2021-10-27 13:02:55 - [TEST_STEP][PASSED] - takeScreenshot(C:\Users\nicolas.aquino\Desktop\Trabajo\Screenshots Katalon\$GlobalVariable.cedulaRandom\1_CedulaGenerada.jpg): Taking screenshot successfully

2021-10-27 13:02:56 - [MESSAGE][PASSED] - Taking screenshot successfully
[[ATTACHMENT|C:\Users\nicolas.aquino\Desktop\Trabajo\Screenshots Katalon\34018354\1_CedulaGenerada.jpg]]]]></system-out>
         <system-err><![CDATA[]]></system-err>
      </testcase>
      <testcase name="Test Cases/CreditoUruguayo/CU - Flujo Web" time="0.033" classname="Test Cases/CreditoUruguayo/CU - Flujo Web" status="ERROR">
         <error type="ERROR" message="Test Cases/CreditoUruguayo/CU - Flujo Web has ERROR(s).
Reason:
org.codehaus.groovy.control.MultipleCompilationErrorsException: startup failed:
script1635350576324.groovy: 158: unexpected char: '\' @ line 158, column 33.
   WebUI.takeFullPageScreenshot(&quot;C:\Users\nicolas.aquino\Desktop\Trabajo\Screenshots Katalon\$GlobalVariable.cedulaRandom\2_FlujoCreditoUruguayo.jpg&quot;)
                                   ^

1 error
"/>
         <system-out><![CDATA[2021-10-27 13:02:56 - [TEST_CASE][ERROR] - Test Cases/CreditoUruguayo/CU - Flujo Web: Test Cases/CreditoUruguayo/CU - Flujo Web has ERROR(s).
Reason:
org.codehaus.groovy.control.MultipleCompilationErrorsException: startup failed:
script1635350576324.groovy: 158: unexpected char: '\' @ line 158, column 33.
   WebUI.takeFullPageScreenshot("C:\Users\nicolas.aquino\Desktop\Trabajo\Screenshots Katalon\$GlobalVariable.cedulaRandom\2_FlujoCreditoUruguayo.jpg")
                                   ^

1 error]]></system-out>
         <system-err><![CDATA[2021-10-27 13:02:56 - [TEST_CASE][ERROR] - Test Cases/CreditoUruguayo/CU - Flujo Web: Test Cases/CreditoUruguayo/CU - Flujo Web has ERROR(s).
Reason:
org.codehaus.groovy.control.MultipleCompilationErrorsException: startup failed:
script1635350576324.groovy: 158: unexpected char: '\' @ line 158, column 33.
   WebUI.takeFullPageScreenshot("C:\Users\nicolas.aquino\Desktop\Trabajo\Screenshots Katalon\$GlobalVariable.cedulaRandom\2_FlujoCreditoUruguayo.jpg")
                                   ^

1 error]]></system-err>
      </testcase>
      <system-out><![CDATA[2021-10-27 13:02:51 - [TEST_SUITE][ERROR] - Credito Uruguayo: Test Cases/CreditoUruguayo/CU - Flujo Web has ERROR(s).
Reason:
org.codehaus.groovy.control.MultipleCompilationErrorsException: startup failed:
script1635350576324.groovy: 158: unexpected char: '\' @ line 158, column 33.
   WebUI.takeFullPageScreenshot("C:\Users\nicolas.aquino\Desktop\Trabajo\Screenshots Katalon\$GlobalVariable.cedulaRandom\2_FlujoCreditoUruguayo.jpg")
                                   ^

1 error]]></system-out>
      <system-err><![CDATA[2021-10-27 13:02:51 - [TEST_SUITE][ERROR] - Credito Uruguayo: Test Cases/CreditoUruguayo/CU - Flujo Web has ERROR(s).
Reason:
org.codehaus.groovy.control.MultipleCompilationErrorsException: startup failed:
script1635350576324.groovy: 158: unexpected char: '\' @ line 158, column 33.
   WebUI.takeFullPageScreenshot("C:\Users\nicolas.aquino\Desktop\Trabajo\Screenshots Katalon\$GlobalVariable.cedulaRandom\2_FlujoCreditoUruguayo.jpg")
                                   ^

1 error]]></system-err>
   </testsuite>
</testsuites>
